#
# There is insufficient memory for the Java Runtime Environment to continue.
# Native memory allocation (malloc) failed to allocate 799624 bytes. Error detail: Chunk::new
# Possible reasons:
#   The system is out of physical RAM or swap space
#   This process is running with CompressedOops enabled, and the Java Heap may be blocking the growth of the native heap
# Possible solutions:
#   Reduce memory load on the system
#   Increase physical memory or swap space
#   Check if swap backing store is full
#   Decrease Java heap size (-Xmx/-Xms)
#   Decrease number of Java threads
#   Decrease Java thread stack sizes (-Xss)
#   Set larger code cache with -XX:ReservedCodeCacheSize=
#   JVM is running with Zero Based Compressed Oops mode in which the Java heap is
#     placed in the first 32GB address space. The Java Heap base address is the
#     maximum limit for the native heap growth. Please use -XX:HeapBaseMinAddress
#     to set the Java Heap base and to place the Java Heap above 32GB virtual address.
# This output file may be truncated or incomplete.
#
#  Out of Memory Error (arena.cpp:186), pid=25188, tid=23924
#
# JRE version: Java(TM) SE Runtime Environment (25.0.1+8) (build 25.0.1+8-LTS-27)
# Java VM: Java HotSpot(TM) 64-Bit Server VM (25.0.1+8-LTS-27, mixed mode, sharing, tiered, compressed oops, compressed class ptrs, g1 gc, windows-amd64)
# No core dump will be written. Minidumps are not enabled by default on client versions of Windows
#

---------------  S U M M A R Y ------------

Command Line: -Dfile.encoding=IBM850 --enable-native-access=ALL-UNNAMED -Dclassworlds.conf=C:\Program Files\JetBrains\IntelliJ IDEA 2025.3.1\plugins\maven\lib\maven3\bin\m2.conf -Dmaven.home=C:\Program Files\JetBrains\IntelliJ IDEA 2025.3.1\plugins\maven\lib\maven3 -Dlibrary.jansi.path=C:\Program Files\JetBrains\IntelliJ IDEA 2025.3.1\plugins\maven\lib\maven3\lib\jansi-native -Dmaven.multiModuleProjectDirectory=M:\EMSI 4IIR\Java\jfx org.codehaus.plexus.classworlds.launcher.Launcher -Didea.version=2025.3.1 -Dmaven.ext.class.path=C:\Program Files\JetBrains\IntelliJ IDEA 2025.3.1\plugins\maven\lib\maven-event-listener.jar -Djansi.passthrough=true -Dstyle.color=always -Dmaven.repo.local=C:\Users\pc\.m2\repository org.openjfx:javafx-maven-plugin:0.0.8:run -f pom.xml

Host: Intel(R) Core(TM) i5-6300U CPU @ 2.40GHz, 4 cores, 15G,  Windows 11 , 64 bit Build 22000 (10.0.22000.2538)
Time: Tue Jan  6 23:17:13 2026 Paris, Madrid elapsed time: 12.220241 seconds (0d 0h 0m 12s)

---------------  T H R E A D  ---------------

Current thread (0x000002476b0a7a20):  JavaThread "C2 CompilerThread0" daemon [_thread_in_native, id=23924, stack(0x000000d214700000,0x000000d214800000) (1024K)]


Current CompileTask:
C2:12220 8381   !   4       com.google.inject.spi.InjectionPoint::getInjectionPoints (489 bytes)

Stack: [0x000000d214700000,0x000000d214800000]
Native frames: (J=compiled Java code, j=interpreted, Vv=VM code, C=native code)
V  [jvm.dll+0x7a6b59]  (no source info available)
V  [jvm.dll+0x77290d]  (no source info available)
V  [jvm.dll+0x966153]  (no source info available)
V  [jvm.dll+0x968751]  (no source info available)
V  [jvm.dll+0x968e53]  (no source info available)
V  [jvm.dll+0x2fc756]  (no source info available)
V  [jvm.dll+0x111b26]  (no source info available)
V  [jvm.dll+0x111e4e]  (no source info available)
V  [jvm.dll+0x381801]  (no source info available)
V  [jvm.dll+0x6b8bd9]  (no source info available)
V  [jvm.dll+0x2c9bfa]  (no source info available)
V  [jvm.dll+0x2c9fef]  (no source info available)
V  [jvm.dll+0x2c2519]  (no source info available)
V  [jvm.dll+0x2bf995]  (no source info available)
V  [jvm.dll+0x237b60]  (no source info available)
V  [jvm.dll+0x2cfb56]  (no source info available)
V  [jvm.dll+0x2cddd5]  (no source info available)
V  [jvm.dll+0x48e6d1]  (no source info available)
V  [jvm.dll+0x906a0d]  (no source info available)
V  [jvm.dll+0x7a5135]  (no source info available)
C  [ucrtbase.dll+0x26c0c]  (no source info available)
C  [KERNEL32.DLL+0x153e0]  (no source info available)
C  [ntdll.dll+0x485b]  (no source info available)

Lock stack of current Java thread (top to bottom):


---------------  P R O C E S S  ---------------

Threads class SMR info:
_java_thread_list=0x000002477147db90, length=16, elements={
0x000002474a2551b0, 0x000002476b096f80, 0x000002476b097de0, 0x000002476b09bea0,
0x000002476b09cee0, 0x000002476b0a5ab0, 0x000002476b0a68d0, 0x000002476b0a7a20,
0x000002476b0adb00, 0x000002476b1e8260, 0x000002476b1ef4a0, 0x000002477051fe90,
0x000002477017d750, 0x00000247709ff1a0, 0x00000247709fa380, 0x00000247709fab50
}

Java Threads: ( => current thread )
  0x000002474a2551b0 JavaThread "main"                              [_thread_in_native, id=7312, stack(0x000000d213900000,0x000000d213a00000) (1024K)]
  0x000002476b096f80 JavaThread "Reference Handler"          daemon [_thread_blocked, id=19260, stack(0x000000d214100000,0x000000d214200000) (1024K)]
  0x000002476b097de0 JavaThread "Finalizer"                  daemon [_thread_blocked, id=22592, stack(0x000000d214200000,0x000000d214300000) (1024K)]
  0x000002476b09bea0 JavaThread "Signal Dispatcher"          daemon [_thread_blocked, id=16452, stack(0x000000d214300000,0x000000d214400000) (1024K)]
  0x000002476b09cee0 JavaThread "Attach Listener"            daemon [_thread_blocked, id=2724, stack(0x000000d214400000,0x000000d214500000) (1024K)]
  0x000002476b0a5ab0 JavaThread "Service Thread"             daemon [_thread_blocked, id=20096, stack(0x000000d214500000,0x000000d214600000) (1024K)]
  0x000002476b0a68d0 JavaThread "Monitor Deflation Thread"   daemon [_thread_blocked, id=4024, stack(0x000000d214600000,0x000000d214700000) (1024K)]
=>0x000002476b0a7a20 JavaThread "C2 CompilerThread0"         daemon [_thread_in_native, id=23924, stack(0x000000d214700000,0x000000d214800000) (1024K)]
  0x000002476b0adb00 JavaThread "C1 CompilerThread0"         daemon [_thread_blocked, id=14584, stack(0x000000d214800000,0x000000d214900000) (1024K)]
  0x000002476b1e8260 JavaThread "Notification Thread"        daemon [_thread_blocked, id=23936, stack(0x000000d214900000,0x000000d214a00000) (1024K)]
  0x000002476b1ef4a0 JavaThread "Common-Cleaner"             daemon [_thread_blocked, id=21864, stack(0x000000d214a00000,0x000000d214b00000) (1024K)]
  0x000002477051fe90 JavaThread "Thread-1"                   daemon [_thread_blocked, id=22952, stack(0x000000d214b00000,0x000000d214c00000) (1024K)]
  0x000002477017d750 JavaThread "C2 CompilerThread1"         daemon [_thread_blocked, id=10748, stack(0x000000d214f00000,0x000000d215000000) (1024K)]
  0x00000247709ff1a0 JavaThread "Exec Stream Pumper"         daemon [_thread_in_native, id=23384, stack(0x000000d215000000,0x000000d215100000) (1024K)]
  0x00000247709fa380 JavaThread "Exec Stream Pumper"         daemon [_thread_in_native, id=22344, stack(0x000000d215100000,0x000000d215200000) (1024K)]
  0x00000247709fab50 JavaThread "Exec Input Stream Pumper"   daemon [_thread_blocked, id=8600, stack(0x000000d215200000,0x000000d215300000) (1024K)]
Total: 16

Other Threads:
  0x000002476b0870a0 VMThread "VM Thread"                           [id=18648, stack(0x000000d214000000,0x000000d214100000) (1024K)]
  0x000002476b07ca10 WatcherThread "VM Periodic Task Thread"        [id=12856, stack(0x000000d213f00000,0x000000d214000000) (1024K)]
  0x000002474a3bbe10 WorkerThread "GC Thread#0"                     [id=20504, stack(0x000000d213a00000,0x000000d213b00000) (1024K)]
  0x000002476bec2280 WorkerThread "GC Thread#1"                     [id=6408, stack(0x000000d214c00000,0x000000d214d00000) (1024K)]
  0x000002477033b640 WorkerThread "GC Thread#2"                     [id=14752, stack(0x000000d214d00000,0x000000d214e00000) (1024K)]
  0x000002477033ba70 WorkerThread "GC Thread#3"                     [id=15952, stack(0x000000d214e00000,0x000000d214f00000) (1024K)]
  0x000002474a3d4d80 ConcurrentGCThread "G1 Main Marker"            [id=17940, stack(0x000000d213b00000,0x000000d213c00000) (1024K)]
  0x000002474a3d6240 WorkerThread "G1 Conc#0"                       [id=16856, stack(0x000000d213c00000,0x000000d213d00000) (1024K)]
  0x000002474a4092d0 ConcurrentGCThread "G1 Refine#0"               [id=600, stack(0x000000d213d00000,0x000000d213e00000) (1024K)]
  0x000002474a409ee0 ConcurrentGCThread "G1 Service"                [id=16648, stack(0x000000d213e00000,0x000000d213f00000) (1024K)]
Total: 10

Threads with active compile tasks:
C2 CompilerThread0  12409 8381   !   4       com.google.inject.spi.InjectionPoint::getInjectionPoints (489 bytes)
Total: 1

VM state: not at safepoint (normal execution)

VM Mutex/Monitor currently owned by a thread: None

Heap address: 0x0000000701e00000, size: 4066 MB, Compressed Oops mode: Zero based, Oop shift amount: 3

CDS archive(s) mapped at: [0x000000008d000000-0x000000008ddd0000-0x000000008ddd0000), size 14483456, SharedBaseAddress: 0x000000008d000000, ArchiveRelocationMode: 1.
Compressed class space mapped at: 0x000000008e000000-0x00000000ce000000, reserved size: 1073741824
UseCompressedClassPointers 1, UseCompactObjectHeaders 0
Narrow klass pointer bits 32, Max shift 3
Narrow klass base: 0x000000008d000000, Narrow klass shift: 0
Encoding Range: [0x000000008d000000 - 0x000000018d000000), (4294967296 bytes)
Klass Range:    [0x000000008d010000 - 0x00000000ce000000), (1090453504 bytes)
Klass ID Range:  [65536 - 1090519033) (1090453497)
Protection zone: [0x000000008d000000 - 0x000000008d010000), (65536 bytes)

GC Precious Log:
 CardTable entry size: 512
 Card Set container configuration: InlinePtr #cards 4 size 8 Array Of Cards #cards 16 size 48 Howl #buckets 8 coarsen threshold 3686 Howl Bitmap #cards 512 size 80 coarsen threshold 460 Card regions per heap region 1 cards per card region 4096
 CPUs: 4 total, 4 available
 Memory: 16263M
 Large Page Support: Disabled
 NUMA Support: Disabled
 Compressed Oops: Enabled (Zero based)
 Heap Region Size: 2M
 Heap Min Capacity: 8M
 Heap Initial Capacity: 256M
 Heap Max Capacity: 4066M
 Pre-touch: Disabled
 Parallel Workers: 4
 Concurrent Workers: 1
 Concurrent Refinement Workers: 4
 Periodic GC: Disabled

Heap:
 garbage-first heap   total reserved 4163584K, committed 108544K, used 64121K [0x0000000701e00000, 0x0000000800000000)
  region size 2048K, 19 young (38912K), 2 survivors (4096K)

Heap Regions: E=young(eden), S=young(survivor), O=old, HS=humongous(starts), HC=humongous(continues), CS=collection set, F=free, TAMS=top-at-mark-start, PB=parsable bottom
|   0|0x0000000701e00000, 0x0000000702000000, 0x0000000702000000|100%|HS|  |TAMS 0x0000000701e00000| PB 0x0000000701e00000| Complete |  0
|   1|0x0000000702000000, 0x0000000702200000, 0x0000000702200000|100%|HC|  |TAMS 0x0000000702000000| PB 0x0000000702000000| Complete |  0
|   2|0x0000000702200000, 0x0000000702400000, 0x0000000702400000|100%| O|  |TAMS 0x0000000702200000| PB 0x0000000702200000| Untracked |  0
|   3|0x0000000702400000, 0x0000000702600000, 0x0000000702600000|100%|HS|  |TAMS 0x0000000702400000| PB 0x0000000702400000| Complete |  0
|   4|0x0000000702600000, 0x0000000702800000, 0x0000000702800000|100%|HC|  |TAMS 0x0000000702600000| PB 0x0000000702600000| Complete |  0
|   5|0x0000000702800000, 0x0000000702a00000, 0x0000000702a00000|100%| O|  |TAMS 0x0000000702800000| PB 0x0000000702800000| Untracked |  0
|   6|0x0000000702a00000, 0x0000000702c00000, 0x0000000702c00000|100%| O|  |TAMS 0x0000000702a00000| PB 0x0000000702a00000| Untracked |  0
|   7|0x0000000702c00000, 0x0000000702e00000, 0x0000000702e00000|100%| O|  |TAMS 0x0000000702c00000| PB 0x0000000702c00000| Untracked |  0
|   8|0x0000000702e00000, 0x0000000703000000, 0x0000000703000000|100%| O|  |TAMS 0x0000000702e00000| PB 0x0000000702e00000| Untracked |  0
|   9|0x0000000703000000, 0x0000000703200000, 0x0000000703200000|100%| O|  |TAMS 0x0000000703000000| PB 0x0000000703000000| Untracked |  0
|  10|0x0000000703200000, 0x0000000703400000, 0x0000000703400000|100%| O|  |TAMS 0x0000000703200000| PB 0x0000000703200000| Untracked |  0
|  11|0x0000000703400000, 0x0000000703600000, 0x0000000703600000|100%| O|  |TAMS 0x0000000703400000| PB 0x0000000703400000| Untracked |  0
|  12|0x0000000703600000, 0x0000000703800000, 0x0000000703800000|100%| O|  |TAMS 0x0000000703600000| PB 0x0000000703600000| Untracked |  0
|  13|0x0000000703800000, 0x000000070399e600, 0x0000000703a00000| 80%| O|  |TAMS 0x0000000703800000| PB 0x0000000703800000| Untracked |  0
|  14|0x0000000703a00000, 0x0000000703a00000, 0x0000000703c00000|  0%| F|  |TAMS 0x0000000703a00000| PB 0x0000000703a00000| Untracked |  0
|  15|0x0000000703c00000, 0x0000000703c00000, 0x0000000703e00000|  0%| F|  |TAMS 0x0000000703c00000| PB 0x0000000703c00000| Untracked |  0
|  16|0x0000000703e00000, 0x0000000703e00000, 0x0000000704000000|  0%| F|  |TAMS 0x0000000703e00000| PB 0x0000000703e00000| Untracked |  0
|  17|0x0000000704000000, 0x0000000704000000, 0x0000000704200000|  0%| F|  |TAMS 0x0000000704000000| PB 0x0000000704000000| Untracked |  0
|  18|0x0000000704200000, 0x0000000704200000, 0x0000000704400000|  0%| F|  |TAMS 0x0000000704200000| PB 0x0000000704200000| Untracked |  0
|  19|0x0000000704400000, 0x0000000704400000, 0x0000000704600000|  0%| F|  |TAMS 0x0000000704400000| PB 0x0000000704400000| Untracked |  0
|  20|0x0000000704600000, 0x0000000704600000, 0x0000000704800000|  0%| F|  |TAMS 0x0000000704600000| PB 0x0000000704600000| Untracked |  0
|  21|0x0000000704800000, 0x0000000704800000, 0x0000000704a00000|  0%| F|  |TAMS 0x0000000704800000| PB 0x0000000704800000| Untracked |  0
|  22|0x0000000704a00000, 0x0000000704a00000, 0x0000000704c00000|  0%| F|  |TAMS 0x0000000704a00000| PB 0x0000000704a00000| Untracked |  0
|  23|0x0000000704c00000, 0x0000000704d00000, 0x0000000704e00000| 50%| S|CS|TAMS 0x0000000704c00000| PB 0x0000000704c00000| Complete |  0
|  24|0x0000000704e00000, 0x0000000705000000, 0x0000000705000000|100%| S|CS|TAMS 0x0000000704e00000| PB 0x0000000704e00000| Complete |  0
|  25|0x0000000705000000, 0x0000000705000000, 0x0000000705200000|  0%| F|  |TAMS 0x0000000705000000| PB 0x0000000705000000| Untracked |  0
|  26|0x0000000705200000, 0x0000000705200000, 0x0000000705400000|  0%| F|  |TAMS 0x0000000705200000| PB 0x0000000705200000| Untracked |  0
|  27|0x0000000705400000, 0x0000000705400000, 0x0000000705600000|  0%| F|  |TAMS 0x0000000705400000| PB 0x0000000705400000| Untracked |  0
|  28|0x0000000705600000, 0x0000000705600000, 0x0000000705800000|  0%| F|  |TAMS 0x0000000705600000| PB 0x0000000705600000| Untracked |  0
|  29|0x0000000705800000, 0x0000000705800000, 0x0000000705a00000|  0%| F|  |TAMS 0x0000000705800000| PB 0x0000000705800000| Untracked |  0
|  30|0x0000000705a00000, 0x0000000705a00000, 0x0000000705c00000|  0%| F|  |TAMS 0x0000000705a00000| PB 0x0000000705a00000| Untracked |  0
|  31|0x0000000705c00000, 0x0000000705c00000, 0x0000000705e00000|  0%| F|  |TAMS 0x0000000705c00000| PB 0x0000000705c00000| Untracked |  0
|  32|0x0000000705e00000, 0x0000000705e00000, 0x0000000706000000|  0%| F|  |TAMS 0x0000000705e00000| PB 0x0000000705e00000| Untracked |  0
|  33|0x0000000706000000, 0x0000000706000000, 0x0000000706200000|  0%| F|  |TAMS 0x0000000706000000| PB 0x0000000706000000| Untracked |  0
|  34|0x0000000706200000, 0x0000000706200000, 0x0000000706400000|  0%| F|  |TAMS 0x0000000706200000| PB 0x0000000706200000| Untracked |  0
|  35|0x0000000706400000, 0x000000070648fa48, 0x0000000706600000| 28%| E|  |TAMS 0x0000000706400000| PB 0x0000000706400000| Complete |  0
|  36|0x0000000706600000, 0x0000000706800000, 0x0000000706800000|100%| E|CS|TAMS 0x0000000706600000| PB 0x0000000706600000| Complete |  0
|  37|0x0000000706800000, 0x0000000706a00000, 0x0000000706a00000|100%| E|CS|TAMS 0x0000000706800000| PB 0x0000000706800000| Complete |  0
|  38|0x0000000706a00000, 0x0000000706c00000, 0x0000000706c00000|100%| E|  |TAMS 0x0000000706a00000| PB 0x0000000706a00000| Complete |  0
|  39|0x0000000706c00000, 0x0000000706e00000, 0x0000000706e00000|100%| E|CS|TAMS 0x0000000706c00000| PB 0x0000000706c00000| Complete |  0
|  40|0x0000000706e00000, 0x0000000707000000, 0x0000000707000000|100%| E|CS|TAMS 0x0000000706e00000| PB 0x0000000706e00000| Complete |  0
|  41|0x0000000707000000, 0x0000000707200000, 0x0000000707200000|100%| E|CS|TAMS 0x0000000707000000| PB 0x0000000707000000| Complete |  0
|  42|0x0000000707200000, 0x0000000707400000, 0x0000000707400000|100%| E|CS|TAMS 0x0000000707200000| PB 0x0000000707200000| Complete |  0
|  43|0x0000000707400000, 0x0000000707600000, 0x0000000707600000|100%| E|CS|TAMS 0x0000000707400000| PB 0x0000000707400000| Complete |  0
|  44|0x0000000707600000, 0x0000000707800000, 0x0000000707800000|100%| E|CS|TAMS 0x0000000707600000| PB 0x0000000707600000| Complete |  0
|  45|0x0000000707800000, 0x0000000707a00000, 0x0000000707a00000|100%| E|CS|TAMS 0x0000000707800000| PB 0x0000000707800000| Complete |  0
|  46|0x0000000707a00000, 0x0000000707c00000, 0x0000000707c00000|100%| E|CS|TAMS 0x0000000707a00000| PB 0x0000000707a00000| Complete |  0
| 121|0x0000000711000000, 0x0000000711200000, 0x0000000711200000|100%| E|CS|TAMS 0x0000000711000000| PB 0x0000000711000000| Complete |  0
| 122|0x0000000711200000, 0x0000000711400000, 0x0000000711400000|100%| E|CS|TAMS 0x0000000711200000| PB 0x0000000711200000| Complete |  0
| 123|0x0000000711400000, 0x0000000711600000, 0x0000000711600000|100%| E|CS|TAMS 0x0000000711400000| PB 0x0000000711400000| Complete |  0
| 127|0x0000000711c00000, 0x0000000711e00000, 0x0000000711e00000|100%| E|CS|TAMS 0x0000000711c00000| PB 0x0000000711c00000| Complete |  0
|2031|0x00000007ffc00000, 0x00000007ffe00000, 0x00000007ffe00000|100%| O|  |TAMS 0x00000007ffc00000| PB 0x00000007ffc00000| Untracked |  0
|2032|0x00000007ffe00000, 0x0000000800000000, 0x0000000800000000|100%| E|CS|TAMS 0x00000007ffe00000| PB 0x00000007ffe00000| Complete |  0

Card table byte_map: [0x0000024764330000,0x0000024764b30000] _byte_map_base: 0x0000024760b21000

Marking Bits: (CMBitMap*) 0x000002474a3bc5a0
 Bits: [0x0000024764b30000, 0x0000024768ab8000)

Polling page: 0x000002474a430000

Metaspace:
Metaspace        used 30204K, committed 30592K, reserved 1114112K
 class space     used 2927K, committed 3136K, reserved 1048576K

Usage:
  Non-class:     26.64 MB used.
      Class:      2.86 MB used.
       Both:     29.50 MB used.

Virtual space:
  Non-class space:       64.00 MB reserved,      26.81 MB ( 42%) committed,  1 nodes.
      Class space:        1.00 GB reserved,       3.06 MB ( <1%) committed,  1 nodes.
             Both:        1.06 GB reserved,      29.88 MB (  3%) committed. 

Chunk freelists:
   Non-Class:  5.10 MB
       Class:  12.98 MB
        Both:  18.08 MB

MaxMetaspaceSize: unlimited
CompressedClassSpaceSize: 1.00 GB
Initial GC threshold: 21.00 MB
Current GC threshold: 35.56 MB
CDS: on
 - commit_granule_bytes: 65536.
 - commit_granule_words: 8192.
 - virtual_space_node_default_size: 8388608.
 - enlarge_chunks_in_place: 1.
UseCompressedClassPointers 1, UseCompactObjectHeaders 0
Narrow klass pointer bits 32, Max shift 3
Narrow klass base: 0x000000008d000000, Narrow klass shift: 0
Encoding Range: [0x000000008d000000 - 0x000000018d000000), (4294967296 bytes)
Klass Range:    [0x000000008d010000 - 0x00000000ce000000), (1090453504 bytes)
Klass ID Range:  [65536 - 1090519033) (1090453497)
Protection zone: [0x000000008d000000 - 0x000000008d010000), (65536 bytes)


Internal statistics:

num_allocs_failed_limit: 3.
num_arena_births: 254.
num_arena_deaths: 0.
num_vsnodes_births: 2.
num_vsnodes_deaths: 0.
num_space_committed: 478.
num_space_uncommitted: 0.
num_chunks_returned_to_freelist: 3.
num_chunks_taken_from_freelist: 1363.
num_chunk_merges: 3.
num_chunk_splits: 956.
num_chunks_enlarged: 752.
num_inconsistent_stats: 0.

CodeHeap 'non-profiled nmethods': size=120064Kb used=3009Kb max_used=3009Kb free=117054Kb
 bounds [0x000002475bfb0000, 0x000002475c2b0000, 0x00000247634f0000]
CodeHeap 'profiled nmethods': size=120000Kb used=15147Kb max_used=15147Kb free=104852Kb
 bounds [0x00000247544f0000, 0x00000247553c0000, 0x000002475ba20000]
CodeHeap 'non-nmethods': size=5696Kb used=1446Kb max_used=1517Kb free=4249Kb
 bounds [0x000002475ba20000, 0x000002475bc90000, 0x000002475bfb0000]
CodeCache: size=245760Kb, used=19602Kb, max_used=19673Kb, free=226155Kb
 total_blobs=9060, nmethods=8486, adapters=477, full_count=0
Compilation: enabled, stopped_count=0, restarted_count=0

Compilation events (20 events):
Event: 11.919 Thread 0x000002476b0adb00 nmethod 8490 0x00000247553b7088 code [0x00000247553b7180, 0x00000247553b8850]
Event: 11.922 Thread 0x000002476b0adb00 8491       1       org.codehaus.plexus.languages.java.jpms.JavaModuleDescriptor::name (5 bytes)
Event: 11.922 Thread 0x000002476b0adb00 nmethod 8491 0x000002475c29ae08 code [0x000002475c29af00, 0x000002475c29afc8]
Event: 11.923 Thread 0x000002476b0adb00 8492       3       java.lang.invoke.BoundMethodHandle::bindSingleL (7 bytes)
Event: 11.923 Thread 0x000002476b0adb00 nmethod 8492 0x00000247553b8888 code [0x00000247553b8980, 0x00000247553b8a90]
Event: 11.934 Thread 0x000002476b0adb00 8493       3       java.lang.ProcessEnvironment$CheckedEntry::getKey (5 bytes)
Event: 11.934 Thread 0x000002476b0adb00 nmethod 8493 0x00000247553b8b88 code [0x00000247553b8c80, 0x00000247553b8f80]
Event: 11.934 Thread 0x000002476b0adb00 8494       3       java.lang.ProcessEnvironment$CheckedEntry::getKey (13 bytes)
Event: 11.934 Thread 0x000002476b0adb00 nmethod 8494 0x00000247553b8f88 code [0x00000247553b9080, 0x00000247553b9320]
Event: 11.934 Thread 0x000002476b0adb00 8495       3       java.lang.ProcessEnvironment$EntryComparator::compare (13 bytes)
Event: 11.935 Thread 0x000002476b0adb00 nmethod 8495 0x00000247553b9388 code [0x00000247553b9480, 0x00000247553b9c30]
Event: 11.935 Thread 0x000002476b0adb00 8496       3       java.lang.ProcessEnvironment$EntryComparator::compare (25 bytes)
Event: 11.935 Thread 0x000002476b0adb00 nmethod 8496 0x00000247553b9c88 code [0x00000247553b9d80, 0x00000247553ba280]
Event: 11.942 Thread 0x000002476b0adb00 8499       3       java.lang.invoke.InvokerBytecodeGenerator::methodDesc (45 bytes)
Event: 11.943 Thread 0x000002476b0adb00 nmethod 8499 0x00000247553ba308 code [0x00000247553ba400, 0x00000247553baf08]
Event: 11.948 Thread 0x000002477017d750 nmethod 8484% 0x000002475c29ba08 code [0x000002475c29bb00, 0x000002475c29d728]
Event: 11.948 Thread 0x000002477017d750 8501       4       java.lang.String::<init> (98 bytes)
Event: 11.955 Thread 0x000002477017d750 nmethod 8501 0x000002475c29d788 code [0x000002475c29d880, 0x000002475c29e018]
Event: 11.955 Thread 0x000002477017d750 8475   !   4       java.util.zip.InflaterInputStream::read (129 bytes)
Event: 12.002 Thread 0x000002477017d750 nmethod 8475 0x000002475c29e088 code [0x000002475c29e180, 0x000002475c2a0690]

GC Heap Usage History (10 events):
Event: 1.279 {heap Before GC invocations=0 (full 0):
 garbage-first heap   total reserved 4163584K, committed 264192K, used 29845K [0x0000000701e00000, 0x0000000800000000)
  region size 2048K, 14 young (28672K), 0 survivors (0K)
}
Event: 1.286 {heap After GC invocations=1 (full 0):
 garbage-first heap   total reserved 4163584K, committed 264192K, used 4485K [0x0000000701e00000, 0x0000000800000000)
  region size 2048K, 2 young (4096K), 2 survivors (4096K)
}
Event: 7.142 {heap Before GC invocations=1 (full 0):
 garbage-first heap   total reserved 4163584K, committed 264192K, used 113029K [0x0000000701e00000, 0x0000000800000000)
  region size 2048K, 54 young (110592K), 2 survivors (4096K)
}
Event: 7.169 {heap After GC invocations=2 (full 0):
 garbage-first heap   total reserved 4163584K, committed 264192K, used 19736K [0x0000000701e00000, 0x0000000800000000)
  region size 2048K, 7 young (14336K), 7 survivors (14336K)
}
Event: 7.355 {heap Before GC invocations=2 (full 0):
 garbage-first heap   total reserved 4163584K, committed 264192K, used 29976K [0x0000000701e00000, 0x0000000800000000)
  region size 2048K, 11 young (22528K), 7 survivors (14336K)
}
Event: 7.378 {heap After GC invocations=3 (full 0):
 garbage-first heap   total reserved 4163584K, committed 264192K, used 25275K [0x0000000701e00000, 0x0000000800000000)
  region size 2048K, 3 young (6144K), 3 survivors (6144K)
}
Event: 9.865 {heap Before GC invocations=4 (full 0):
 garbage-first heap   total reserved 4163584K, committed 90112K, used 86715K [0x0000000701e00000, 0x0000000800000000)
  region size 2048K, 34 young (69632K), 3 survivors (6144K)
}
Event: 9.897 {heap After GC invocations=5 (full 0):
 garbage-first heap   total reserved 4163584K, committed 108544K, used 36868K [0x0000000701e00000, 0x0000000800000000)
  region size 2048K, 8 young (16384K), 8 survivors (16384K)
}
Event: 11.028 {heap Before GC invocations=5 (full 0):
 garbage-first heap   total reserved 4163584K, committed 108544K, used 73732K [0x0000000701e00000, 0x0000000800000000)
  region size 2048K, 26 young (53248K), 8 survivors (16384K)
}
Event: 11.056 {heap After GC invocations=6 (full 0):
 garbage-first heap   total reserved 4163584K, committed 108544K, used 33401K [0x0000000701e00000, 0x0000000800000000)
  region size 2048K, 2 young (4096K), 2 survivors (4096K)
}

Metaspace Usage History (10 events):
Event: 1.279 {metaspace Before GC invocations=0 (full 0):
 Metaspace       used 6176K, committed 6272K, reserved 1114112K
  class space    used 530K, committed 576K, reserved 1048576K
}
Event: 1.286 {metaspace After GC invocations=1 (full 0):
 Metaspace       used 6176K, committed 6272K, reserved 1114112K
  class space    used 530K, committed 576K, reserved 1048576K
}
Event: 7.142 {metaspace Before GC invocations=1 (full 0):
 Metaspace       used 19474K, committed 19840K, reserved 1114112K
  class space    used 1882K, committed 2048K, reserved 1048576K
}
Event: 7.169 {metaspace After GC invocations=2 (full 0):
 Metaspace       used 19474K, committed 19840K, reserved 1114112K
  class space    used 1882K, committed 2048K, reserved 1048576K
}
Event: 7.355 {metaspace Before GC invocations=2 (full 0):
 Metaspace       used 21237K, committed 21504K, reserved 1114112K
  class space    used 2057K, committed 2176K, reserved 1048576K
}
Event: 7.378 {metaspace After GC invocations=3 (full 0):
 Metaspace       used 21237K, committed 21504K, reserved 1114112K
  class space    used 2057K, committed 2176K, reserved 1048576K
}
Event: 9.865 {metaspace Before GC invocations=4 (full 0):
 Metaspace       used 28132K, committed 28416K, reserved 1114112K
  class space    used 2740K, committed 2880K, reserved 1048576K
}
Event: 9.897 {metaspace After GC invocations=5 (full 0):
 Metaspace       used 28132K, committed 28416K, reserved 1114112K
  class space    used 2740K, committed 2880K, reserved 1048576K
}
Event: 11.028 {metaspace Before GC invocations=5 (full 0):
 Metaspace       used 28597K, committed 28928K, reserved 1114112K
  class space    used 2751K, committed 2880K, reserved 1048576K
}
Event: 11.056 {metaspace After GC invocations=6 (full 0):
 Metaspace       used 28597K, committed 28928K, reserved 1114112K
  class space    used 2751K, committed 2880K, reserved 1048576K
}

Dll operation events (7 events):
Event: 0.020 Loaded shared library C:\Program Files\Java\jdk-25\bin\java.dll
Event: 0.104 Loaded shared library C:\Program Files\Java\jdk-25\bin\net.dll
Event: 0.108 Loaded shared library C:\Program Files\Java\jdk-25\bin\nio.dll
Event: 0.116 Loaded shared library C:\Program Files\Java\jdk-25\bin\zip.dll
Event: 0.332 Loaded shared library C:\Program Files\JetBrains\IntelliJ IDEA 2025.3.1\plugins\maven\lib\maven3\lib\jansi-native\Windows\x86_64\jansi.dll
Event: 0.334 Loaded shared library C:\Program Files\Java\jdk-25\bin\jimage.dll
Event: 0.351 Loaded shared library C:\Program Files\Java\jdk-25\bin\verify.dll

Deoptimization events (20 events):
Event: 11.868 Thread 0x000002474a2551b0 Uncommon trap: trap_request=0xffffff45 fr.pc=0x000002475c23db9c relative=0x0000000000000d1c
Event: 11.868 Thread 0x000002474a2551b0 Uncommon trap: reason=unstable_if action=reinterpret pc=0x000002475c23db9c method=java.util.regex.Pattern$CharPropertyGreedy.match(Ljava/util/regex/Matcher;ILjava/lang/CharSequence;)Z @ 103 c2
Event: 11.868 Thread 0x000002474a2551b0 DEOPT PACKING pc=0x000002475c23db9c sp=0x000000d2139fdd30
Event: 11.868 Thread 0x000002474a2551b0 DEOPT UNPACKING pc=0x000002475bb3fc02 sp=0x000000d2139fdce0 mode 2
Event: 11.868 Thread 0x000002474a2551b0 Uncommon trap: trap_request=0xffffffc6 fr.pc=0x000002475c19263c relative=0x000000000000053c
Event: 11.868 Thread 0x000002474a2551b0 Uncommon trap: reason=bimorphic_or_optimized_type_check action=maybe_recompile pc=0x000002475c19263c method=java.util.regex.Pattern$Slice.match(Ljava/util/regex/Matcher;ILjava/lang/CharSequence;)Z @ 75 c2
Event: 11.868 Thread 0x000002474a2551b0 DEOPT PACKING pc=0x000002475c19263c sp=0x000000d2139fddf0
Event: 11.868 Thread 0x000002474a2551b0 DEOPT UNPACKING pc=0x000002475bb3fc02 sp=0x000000d2139fdd70 mode 2
Event: 11.868 Thread 0x000002474a2551b0 Uncommon trap: trap_request=0xffffffc6 fr.pc=0x000002475c19263c relative=0x000000000000053c
Event: 11.868 Thread 0x000002474a2551b0 Uncommon trap: reason=bimorphic_or_optimized_type_check action=maybe_recompile pc=0x000002475c19263c method=java.util.regex.Pattern$Slice.match(Ljava/util/regex/Matcher;ILjava/lang/CharSequence;)Z @ 75 c2
Event: 11.868 Thread 0x000002474a2551b0 DEOPT PACKING pc=0x000002475c19263c sp=0x000000d2139fddf0
Event: 11.868 Thread 0x000002474a2551b0 DEOPT UNPACKING pc=0x000002475bb3fc02 sp=0x000000d2139fdd70 mode 2
Event: 11.924 Thread 0x000002474a2551b0 Uncommon trap: trap_request=0xffffff5e fr.pc=0x000002475c08bfc0 relative=0x00000000000003c0
Event: 11.924 Thread 0x000002474a2551b0 Uncommon trap: reason=speculate_class_check action=maybe_recompile pc=0x000002475c08bfc0 method=java.lang.String.<init>(Ljava/lang/AbstractStringBuilder;Ljava/lang/Void;)V @ 10 c2
Event: 11.924 Thread 0x000002474a2551b0 DEOPT PACKING pc=0x000002475c08bfc0 sp=0x000000d2139fdee0
Event: 11.924 Thread 0x000002474a2551b0 DEOPT UNPACKING pc=0x000002475bb3fc02 sp=0x000000d2139fdeb0 mode 2
Event: 11.924 Thread 0x000002474a2551b0 Uncommon trap: trap_request=0xffffff5e fr.pc=0x000002475c08bfc0 relative=0x00000000000003c0
Event: 11.924 Thread 0x000002474a2551b0 Uncommon trap: reason=speculate_class_check action=maybe_recompile pc=0x000002475c08bfc0 method=java.lang.String.<init>(Ljava/lang/AbstractStringBuilder;Ljava/lang/Void;)V @ 10 c2
Event: 11.924 Thread 0x000002474a2551b0 DEOPT PACKING pc=0x000002475c08bfc0 sp=0x000000d2139fded0
Event: 11.924 Thread 0x000002474a2551b0 DEOPT UNPACKING pc=0x000002475bb3fc02 sp=0x000000d2139fdea0 mode 2

Classes loaded (20 events):
Event: 11.950 Loading class jdk/internal/logger/LazyLoggers
Event: 11.950 Loading class jdk/internal/logger/LazyLoggers done
Event: 11.950 Loading class jdk/internal/logger/LazyLoggers$1
Event: 11.950 Loading class jdk/internal/logger/LazyLoggers$1 done
Event: 11.950 Loading class jdk/internal/logger/LazyLoggers$LazyLoggerFactories
Event: 11.950 Loading class jdk/internal/logger/LazyLoggers$LazyLoggerFactories done
Event: 11.950 Loading class jdk/internal/logger/LoggerFinderLoader
Event: 11.950 Loading class jdk/internal/logger/LoggerFinderLoader done
Event: 11.950 Loading class jdk/internal/logger/LoggerFinderLoader$TemporaryLoggerFinder
Event: 11.950 Loading class jdk/internal/logger/LoggerFinderLoader$TemporaryLoggerFinder done
Event: 11.951 Loading class sun/util/logging/internal/LoggingProviderImpl$JULWrapper
Event: 11.951 Loading class sun/util/logging/PlatformLogger$ConfigurableBridge$LoggerConfiguration
Event: 11.951 Loading class sun/util/logging/PlatformLogger$ConfigurableBridge$LoggerConfiguration done
Event: 11.951 Loading class sun/util/logging/internal/LoggingProviderImpl$JULWrapper done
Event: 11.951 Loading class java/lang/System$Logger$Level
Event: 11.951 Loading class java/lang/System$Logger$Level done
Event: 11.952 Loading class java/io/PipedOutputStream
Event: 11.952 Loading class java/io/PipedOutputStream done
Event: 11.958 Loading class jdk/internal/event/ThreadSleepEvent
Event: 11.958 Loading class jdk/internal/event/ThreadSleepEvent done

Classes unloaded (0 events):
No events

Classes redefined (0 events):
No events

Internal exceptions (20 events):
Event: 10.395 Thread 0x000002474a2551b0 Exception <a 'sun/nio/fs/WindowsException'{0x0000000706506470}> (0x0000000706506470) 
thrown [s\open\src\hotspot\share\prims\jni.cpp, line 516]
Event: 10.405 Thread 0x000002474a2551b0 Exception <a 'sun/nio/fs/WindowsException'{0x0000000706568300}> (0x0000000706568300) 
thrown [s\open\src\hotspot\share\prims\jni.cpp, line 516]
Event: 10.412 Thread 0x000002474a2551b0 Exception <a 'sun/nio/fs/WindowsException'{0x0000000706591ea0}> (0x0000000706591ea0) 
thrown [s\open\src\hotspot\share\prims\jni.cpp, line 516]
Event: 10.418 Thread 0x000002474a2551b0 Exception <a 'sun/nio/fs/WindowsException'{0x00000007065af9c8}> (0x00000007065af9c8) 
thrown [s\open\src\hotspot\share\prims\jni.cpp, line 516]
Event: 10.424 Thread 0x000002474a2551b0 Exception <a 'sun/nio/fs/WindowsException'{0x00000007065c1128}> (0x00000007065c1128) 
thrown [s\open\src\hotspot\share\prims\jni.cpp, line 516]
Event: 10.429 Thread 0x000002474a2551b0 Exception <a 'sun/nio/fs/WindowsException'{0x00000007065d2950}> (0x00000007065d2950) 
thrown [s\open\src\hotspot\share\prims\jni.cpp, line 516]
Event: 10.434 Thread 0x000002474a2551b0 Exception <a 'sun/nio/fs/WindowsException'{0x00000007065e4388}> (0x00000007065e4388) 
thrown [s\open\src\hotspot\share\prims\jni.cpp, line 516]
Event: 10.447 Thread 0x000002474a2551b0 Exception <a 'sun/nio/fs/WindowsException'{0x000000070625ba40}> (0x000000070625ba40) 
thrown [s\open\src\hotspot\share\prims\jni.cpp, line 516]
Event: 10.455 Thread 0x000002474a2551b0 Exception <a 'sun/nio/fs/WindowsException'{0x0000000706280810}> (0x0000000706280810) 
thrown [s\open\src\hotspot\share\prims\jni.cpp, line 516]
Event: 11.781 Thread 0x000002474a2551b0 Exception <a 'sun/nio/fs/WindowsException'{0x0000000706f16fa8}> (0x0000000706f16fa8) 
thrown [s\open\src\hotspot\share\prims\jni.cpp, line 516]
Event: 11.781 Thread 0x000002474a2551b0 Exception <a 'sun/nio/fs/WindowsException'{0x0000000706f17730}> (0x0000000706f17730) 
thrown [s\open\src\hotspot\share\prims\jni.cpp, line 516]
Event: 11.797 Thread 0x000002474a2551b0 Exception <a 'sun/nio/fs/WindowsException'{0x0000000706f4d2f8}> (0x0000000706f4d2f8) 
thrown [s\open\src\hotspot\share\prims\jni.cpp, line 516]
Event: 11.798 Thread 0x000002474a2551b0 Exception <a 'sun/nio/fs/WindowsException'{0x0000000706f51b70}> (0x0000000706f51b70) 
thrown [s\open\src\hotspot\share\prims\jni.cpp, line 516]
Event: 11.799 Thread 0x000002474a2551b0 Exception <a 'sun/nio/fs/WindowsException'{0x0000000706f52b30}> (0x0000000706f52b30) 
thrown [s\open\src\hotspot\share\prims\jni.cpp, line 516]
Event: 11.800 Thread 0x000002474a2551b0 Exception <a 'sun/nio/fs/WindowsException'{0x0000000706f53708}> (0x0000000706f53708) 
thrown [s\open\src\hotspot\share\prims\jni.cpp, line 516]
Event: 11.800 Thread 0x000002474a2551b0 Exception <a 'sun/nio/fs/WindowsException'{0x0000000706f542c8}> (0x0000000706f542c8) 
thrown [s\open\src\hotspot\share\prims\jni.cpp, line 516]
Event: 11.941 Thread 0x000002474a2551b0 Exception <a 'java/lang/NoSuchMethodError'{0x0000000706707f28}: 'void java.lang.invoke.DirectMethodHandle$Holder.invokeStatic(java.lang.Object, long)'> (0x0000000706707f28) 
thrown [s\open\src\hotspot\share\interpreter\linkResolver.cpp, line 804]
Event: 11.942 Thread 0x000002474a2551b0 Exception <a 'java/lang/NoSuchMethodError'{0x0000000706716a50}: 'java.lang.Object java.lang.invoke.DirectMethodHandle$Holder.newInvokeSpecial(java.lang.Object, long)'> (0x0000000706716a50) 
thrown [s\open\src\hotspot\share\interpreter\linkResolver.cpp, line 804]
Event: 11.945 Thread 0x000002474a2551b0 Exception <a 'java/lang/NoSuchMethodError'{0x000000070671fae0}: 'java.lang.Object java.lang.invoke.DirectMethodHandle$Holder.invokeStatic(java.lang.Object, long, java.lang.Object)'> (0x000000070671fae0) 
thrown [s\open\src\hotspot\share\interpreter\linkResolver.cpp, line 804]
Event: 11.946 Thread 0x000002474a2551b0 Exception <a 'java/lang/NoSuchMethodError'{0x0000000706727c10}: 'java.lang.Object java.lang.invoke.DirectMethodHandle$Holder.invokeStaticInit(java.lang.Object, long, java.lang.Object)'> (0x0000000706727c10) 
thrown [s\open\src\hotspot\share\interpreter\linkResolver.cpp, line 804]

VM Operations (20 events):
Event: 8.944 Executing non-safepoint VM operation: HandshakeAllThreads (Deoptimize)
Event: 8.944 Executing non-safepoint VM operation: HandshakeAllThreads (Deoptimize) done
Event: 9.180 Executing non-safepoint VM operation: HandshakeAllThreads (Deoptimize)
Event: 9.180 Executing non-safepoint VM operation: HandshakeAllThreads (Deoptimize) done
Event: 9.181 Executing non-safepoint VM operation: HandshakeAllThreads (Deoptimize)
Event: 9.181 Executing non-safepoint VM operation: HandshakeAllThreads (Deoptimize) done
Event: 9.365 Executing non-safepoint VM operation: HandshakeAllThreads (Deoptimize)
Event: 9.365 Executing non-safepoint VM operation: HandshakeAllThreads (Deoptimize) done
Event: 9.865 Executing safepoint VM operation: G1CollectForAllocation (G1 Evacuation Pause)
Event: 9.897 Executing safepoint VM operation: G1CollectForAllocation (G1 Evacuation Pause) done
Event: 9.939 Executing non-safepoint VM operation: HandshakeAllThreads (Deoptimize)
Event: 9.939 Executing non-safepoint VM operation: HandshakeAllThreads (Deoptimize) done
Event: 10.019 Executing non-safepoint VM operation: HandshakeAllThreads (Deoptimize)
Event: 10.019 Executing non-safepoint VM operation: HandshakeAllThreads (Deoptimize) done
Event: 11.028 Executing safepoint VM operation: G1CollectForAllocation (G1 Evacuation Pause)
Event: 11.057 Executing safepoint VM operation: G1CollectForAllocation (G1 Evacuation Pause) done
Event: 11.666 Executing non-safepoint VM operation: HandshakeAllThreads (Deoptimize)
Event: 11.666 Executing non-safepoint VM operation: HandshakeAllThreads (Deoptimize) done
Event: 11.707 Executing non-safepoint VM operation: HandshakeAllThreads (Deoptimize)
Event: 11.707 Executing non-safepoint VM operation: HandshakeAllThreads (Deoptimize) done

Memory protections (0 events):
No events

Nmethod flushes (0 events):
No events

Events (20 events):
Event: 0.072 Thread 0x000002474a2551b0 Thread added: 0x000002476b0a68d0
Event: 0.073 Thread 0x000002474a2551b0 Thread added: 0x000002476b0a7a20
Event: 0.073 Thread 0x000002474a2551b0 Thread added: 0x000002476b0adb00
Event: 0.095 Thread 0x000002474a2551b0 Thread added: 0x000002476b1e8260
Event: 0.100 Thread 0x000002474a2551b0 Thread added: 0x000002476b1ef4a0
Event: 0.326 Thread 0x000002474a2551b0 Thread added: 0x000002476b6fc4a0
Event: 0.347 Thread 0x000002476b6fc4a0 Thread exited: 0x000002476b6fc4a0
Event: 0.526 Thread 0x000002476b0adb00 Thread added: 0x000002476b720660
Event: 2.483 Thread 0x000002476b720660 Thread exited: 0x000002476b720660
Event: 3.504 Thread 0x000002474a2551b0 Thread added: 0x000002477051fe90
Event: 4.242 Thread 0x000002476b0adb00 Thread added: 0x00000247701827f0
Event: 4.798 Thread 0x00000247701827f0 Thread exited: 0x00000247701827f0
Event: 6.095 Thread 0x000002476b0adb00 Thread added: 0x00000247701817d0
Event: 6.774 Thread 0x00000247701817d0 Thread exited: 0x00000247701817d0
Event: 7.078 Thread 0x000002476b0a7a20 Thread added: 0x000002477017d750
Event: 7.450 Thread 0x000002477017d750 Thread exited: 0x000002477017d750
Event: 7.788 Thread 0x000002476b0adb00 Thread added: 0x000002477017d750
Event: 11.953 Thread 0x000002474a2551b0 Thread added: 0x00000247709ff1a0
Event: 11.953 Thread 0x000002474a2551b0 Thread added: 0x00000247709fa380
Event: 11.953 Thread 0x000002474a2551b0 Thread added: 0x00000247709fab50


Dynamic libraries:
0x00007ff6275d0000 - 0x00007ff6275e0000 	C:\Program Files\Java\jdk-25\bin\java.exe
0x00007ffb2cb60000 - 0x00007ffb2cd69000 	C:\Windows\SYSTEM32\ntdll.dll
0x00007ffb2bdc0000 - 0x00007ffb2be7d000 	C:\Windows\System32\KERNEL32.DLL
0x00007ffb2a5f0000 - 0x00007ffb2a974000 	C:\Windows\System32\KERNELBASE.dll
0x00007ffb29ff0000 - 0x00007ffb2a101000 	C:\Windows\System32\ucrtbase.dll
0x00007ffb179f0000 - 0x00007ffb17a0e000 	C:\Program Files\Java\jdk-25\bin\VCRUNTIME140.dll
0x00007ffb17d30000 - 0x00007ffb17d47000 	C:\Program Files\Java\jdk-25\bin\jli.dll
0x00007ffb2a9b0000 - 0x00007ffb2ab5d000 	C:\Windows\System32\USER32.dll
0x00007ffb2a980000 - 0x00007ffb2a9a6000 	C:\Windows\System32\win32u.dll
0x00007ffb17f10000 - 0x00007ffb181b5000 	C:\Windows\WinSxS\amd64_microsoft.windows.common-controls_6595b64144ccf1df_6.0.22000.120_none_9d947278b86cc467\COMCTL32.dll
0x00007ffb2c900000 - 0x00007ffb2c92a000 	C:\Windows\System32\GDI32.dll
0x00007ffb2c560000 - 0x00007ffb2c603000 	C:\Windows\System32\msvcrt.dll
0x00007ffb2a2a0000 - 0x00007ffb2a3be000 	C:\Windows\System32\gdi32full.dll
0x00007ffb2a110000 - 0x00007ffb2a1ad000 	C:\Windows\System32\msvcp_win.dll
0x00007ffb2ad00000 - 0x00007ffb2ad31000 	C:\Windows\System32\IMM32.DLL
0x00007ffb26940000 - 0x00007ffb2694c000 	C:\Program Files\Java\jdk-25\bin\vcruntime140_1.dll
0x00007ffafe780000 - 0x00007ffafe80d000 	C:\Program Files\Java\jdk-25\bin\msvcp140.dll
0x00007ffae5b10000 - 0x00007ffae696f000 	C:\Program Files\Java\jdk-25\bin\server\jvm.dll
0x00007ffb2be80000 - 0x00007ffb2bf2e000 	C:\Windows\System32\ADVAPI32.dll
0x00007ffb2bd20000 - 0x00007ffb2bdbe000 	C:\Windows\System32\sechost.dll
0x00007ffb2c610000 - 0x00007ffb2c731000 	C:\Windows\System32\RPCRT4.dll
0x00007ffb2bbc0000 - 0x00007ffb2bc2f000 	C:\Windows\System32\WS2_32.dll
0x00007ffb28910000 - 0x00007ffb2895d000 	C:\Windows\SYSTEM32\POWRPROF.dll
0x00007ffb240c0000 - 0x00007ffb240f3000 	C:\Windows\SYSTEM32\WINMM.dll
0x00007ffb14bf0000 - 0x00007ffb14bfa000 	C:\Windows\SYSTEM32\VERSION.dll
0x00007ffb28a00000 - 0x00007ffb28a13000 	C:\Windows\SYSTEM32\UMPDC.dll
0x00007ffb29110000 - 0x00007ffb29128000 	C:\Windows\SYSTEM32\kernel.appcore.dll
0x00007ffb26800000 - 0x00007ffb2680a000 	C:\Program Files\Java\jdk-25\bin\jimage.dll
0x00007ffb14c10000 - 0x00007ffb14e31000 	C:\Windows\SYSTEM32\DBGHELP.DLL
0x00007ffb13eb0000 - 0x00007ffb13ee1000 	C:\Windows\SYSTEM32\dbgcore.DLL
0x00007ffb2a1b0000 - 0x00007ffb2a22f000 	C:\Windows\System32\bcryptPrimitives.dll
0x00007ffb178c0000 - 0x00007ffb178df000 	C:\Program Files\Java\jdk-25\bin\java.dll
0x00007ffb2c930000 - 0x00007ffb2caca000 	C:\Windows\System32\ole32.dll
0x00007ffb2ad40000 - 0x00007ffb2b0b6000 	C:\Windows\System32\combase.dll
0x00007ffb2b0c0000 - 0x00007ffb2b885000 	C:\Windows\System32\SHELL32.dll
0x00007ffb28090000 - 0x00007ffb288f2000 	C:\Windows\SYSTEM32\windows.storage.dll
0x00007ffb27f20000 - 0x00007ffb28087000 	C:\Windows\SYSTEM32\wintypes.dll
0x00007ffb2ac10000 - 0x00007ffb2acfa000 	C:\Windows\System32\SHCORE.dll
0x00007ffb2b910000 - 0x00007ffb2b96d000 	C:\Windows\System32\shlwapi.dll
0x00007ffb29f20000 - 0x00007ffb29f45000 	C:\Windows\SYSTEM32\profapi.dll
0x00007ffb24130000 - 0x00007ffb24142000 	C:\Program Files\Java\jdk-25\bin\net.dll
0x00007ffb295b0000 - 0x00007ffb29617000 	C:\Windows\system32\mswsock.dll
0x00007ffb17790000 - 0x00007ffb177a6000 	C:\Program Files\Java\jdk-25\bin\nio.dll
0x00007ffb17670000 - 0x00007ffb17687000 	C:\Program Files\Java\jdk-25\bin\zip.dll
0x00007ffb24330000 - 0x00007ffb24354000 	C:\Program Files\JetBrains\IntelliJ IDEA 2025.3.1\plugins\maven\lib\maven3\lib\jansi-native\Windows\x86_64\jansi.dll
0x00007ffb242a0000 - 0x00007ffb242b0000 	C:\Program Files\Java\jdk-25\bin\verify.dll

JVMTI agents: none

dbghelp: loaded successfully - version: 4.0.5 - missing functions: none
symbol engine: initialized successfully - sym options: 0x614 - pdb path: .;C:\Program Files\Java\jdk-25\bin;C:\Windows\SYSTEM32;C:\Windows\WinSxS\amd64_microsoft.windows.common-controls_6595b64144ccf1df_6.0.22000.120_none_9d947278b86cc467;C:\Program Files\Java\jdk-25\bin\server;C:\Program Files\JetBrains\IntelliJ IDEA 2025.3.1\plugins\maven\lib\maven3\lib\jansi-native\Windows\x86_64

VM Arguments:
jvm_args: -Dfile.encoding=IBM850 --enable-native-access=ALL-UNNAMED -Dclassworlds.conf=C:\Program Files\JetBrains\IntelliJ IDEA 2025.3.1\plugins\maven\lib\maven3\bin\m2.conf -Dmaven.home=C:\Program Files\JetBrains\IntelliJ IDEA 2025.3.1\plugins\maven\lib\maven3 -Dlibrary.jansi.path=C:\Program Files\JetBrains\IntelliJ IDEA 2025.3.1\plugins\maven\lib\maven3\lib\jansi-native -Dmaven.multiModuleProjectDirectory=M:\EMSI 4IIR\Java\jfx 
java_command: org.codehaus.plexus.classworlds.launcher.Launcher -Didea.version=2025.3.1 -Dmaven.ext.class.path=C:\Program Files\JetBrains\IntelliJ IDEA 2025.3.1\plugins\maven\lib\maven-event-listener.jar -Djansi.passthrough=true -Dstyle.color=always -Dmaven.repo.local=C:\Users\pc\.m2\repository org.openjfx:javafx-maven-plugin:0.0.8:run -f pom.xml
java_class_path (initial): C:\Program Files\JetBrains\IntelliJ IDEA 2025.3.1\plugins\maven\lib\maven3\boot\plexus-classworlds-2.9.0.jar
Launcher Type: SUN_STANDARD

[Global flags]
     intx CICompilerCount                          = 3                                         {product} {ergonomic}
     uint ConcGCThreads                            = 1                                         {product} {ergonomic}
     uint G1ConcRefinementThreads                  = 4                                         {product} {ergonomic}
   size_t G1HeapRegionSize                         = 2097152                                   {product} {ergonomic}
   size_t InitialHeapSize                          = 268435456                                 {product} {ergonomic}
   size_t MarkStackSize                            = 4194304                                   {product} {ergonomic}
   size_t MarkStackSizeMax                         = 536870912                                 {product} {ergonomic}
   size_t MaxHeapSize                              = 4263510016                                {product} {ergonomic}
   size_t MaxNewSize                               = 2556428288                                {product} {ergonomic}
   size_t MinHeapDeltaBytes                        = 2097152                                   {product} {ergonomic}
   size_t MinHeapSize                              = 8388608                                   {product} {ergonomic}
    uintx NonNMethodCodeHeapSize                   = 5832704                                {pd product} {ergonomic}
    uintx NonProfiledCodeHeapSize                  = 122945536                              {pd product} {ergonomic}
    uintx ProfiledCodeHeapSize                     = 122880000                              {pd product} {ergonomic}
    uintx ReservedCodeCacheSize                    = 251658240                              {pd product} {ergonomic}
     bool SegmentedCodeCache                       = true                                      {product} {ergonomic}
   size_t SoftMaxHeapSize                          = 4263510016                             {manageable} {ergonomic}
     bool UseCompressedOops                        = true                           {product lp64_product} {ergonomic}
     bool UseG1GC                                  = true                                      {product} {ergonomic}
     bool UseLargePagesIndividualAllocation        = false                                  {pd product} {ergonomic}

Logging:
Log output configuration:
 #0: stdout all=warning uptime,level,tags foldmultilines=false
 #1: stderr all=off uptime,level,tags foldmultilines=false

Release file:
IMPLEMENTOR="Oracle Corporation" 
JAVA_RUNTIME_VERSION="25.0.1+8-LTS-27" 
JAVA_VERSION="25.0.1" 
JAVA_VERSION_DATE="2025-10-21" 
LIBC="default" 
MODULES="java.base java.compiler java.datatransfer java.xml java.prefs java.desktop java.instrument java.logging java.management java.security.sasl java.naming java.rmi java.management.rmi java.net.http java.scripting java.security.jgss java.transaction.xa java.sql java.sql.rowset java.xml.crypto java.se java.smartcardio jdk.accessibility jdk.internal.jvmstat jdk.attach jdk.charsets jdk.internal.opt jdk.zipfs jdk.compiler jdk.crypto.cryptoki jdk.crypto.ec jdk.crypto.mscapi jdk.dynalink jdk.internal.ed jdk.editpad jdk.internal.vm.ci jdk.graal.compiler jdk.graal.compiler.management jdk.hotspot.agent jdk.httpserver jdk.incubator.vector jdk.internal.le jdk.internal.md jdk.jartool jdk.javadoc jdk.jcmd jdk.management jdk.management.agent jdk.jconsole jdk.jdeps jdk.jdwp.agent jdk.jdi jdk.jfr jdk.jlink jdk.jpackage jdk.jshell jdk.jsobject jdk.jstatd jdk.localedata jdk.management.jfr jdk.naming.dns jdk.naming.rmi jdk.net jdk.nio.mapmode jdk.sctp jdk.security.auth jdk.security.jgss jdk.unsupported jdk.unsupported.desktop jdk.xml.dom" 
OS_ARCH="x86_64" 
OS_NAME="Windows" 
SOURCE=".:git:862c85bc42b7 open:git:78770bfaefd2" 

Environment Variables:
JAVA_HOME=C:\Program Files\Java\jdk-25
JAVA_TOOL_OPTIONS=-Dfile.encoding=IBM850
PATH=C:\Program Files\Eclipse Adoptium\jdk-17.0.17.10-hotspot;C:\Users\pc\.jdks\ms-17.0.17\bin;C:\Python314\Scripts\;C:\Python314\;C:\Program Files (x86)\VMware\VMware Workstation\bin\;C:\ProgramData\Oracle\Java\javapath;C:\Windows\system32;C:\Windows;C:\Windows\System32\Wbem;C:\Windows\System32\WindowsPowerShell\v1.0\;C:\Windows\System32\OpenSSH\;C:\xampp\php;C:\ProgramData\ComposerSetup\bin;C:\Users\pc\AppData\Local\Programs\Python\Python313;C:\Users\pc\AppData\Local\Programs\Python\Python313\Scripts;C:\Program Files\nodejs\;C:\ProgramData\chocolatey\bin;C:\Program Files\Git\cmd;C:\Program Files\dotnet\;C:\Program Files\Microsoft SQL Server\150\Tools\Binn\;C:\Program Files\Microsoft SQL Server\Client SDK\ODBC\170\Tools\Binn\;C:\Program Files\MongoDB\Server\8.2\bin;C:\Program Files\MongoDB\mongosh\bin;C:\Program Files (x86)\Microsoft SQL Server\170\Tools\Binn\;C:\Program Files\Microsoft SQL Server\170\Tools\Binn\;C:\Program Files\Microsoft SQL Server\Client SDK\ODBC\180\Tools\Binn\;C:\Program Files\Microsoft SQL Server\170\DTS\Binn\;C:\Program Files (x86)\apache-maven-3.9.12\bin;C:\Users\pc\scoop\shims;C:\Users\pc\AppData\Local\Programs\Python\Launcher\;C:\Program Files\MySQL\MySQL Shell 8.0\bin\;C:\Users\pc\AppData\Local\Microsoft\WindowsApps;C:\Users\pc\AppData\Local\Programs\Microsoft VS Code\bin;C:\Program Files\JetBrains\IntelliJ IDEA Community Edition 2023.1.2\bin;;C:\Program Files\JetBrains\IntelliJ IDEA 2025.3.1\bin;C:\Users\pc\AppData\Roaming\Composer\vendor\bin;C:\Users\pc\AppData\Roaming\npm;C:\Users\pc\.dotnet\tools;
USERNAME=pc
OS=Windows_NT
PROCESSOR_IDENTIFIER=Intel64 Family 6 Model 78 Stepping 3, GenuineIntel
TMP=C:\Users\pc\AppData\Local\Temp
TEMP=C:\Users\pc\AppData\Local\Temp




Compilation memory statistics disabled.

Periodic native trim disabled

---------------  S Y S T E M  ---------------

OS:
 Windows 11 , 64 bit Build 22000 (10.0.22000.2538)
OS uptime: 1 days 11:25 hours
Hyper-V role detected

CPU: total 4 (initial active 4) (2 cores per cpu, 2 threads per core) family 6 model 78 stepping 3 microcode 0xd6, cx8, cmov, fxsr, ht, mmx, 3dnowpref, sse, sse2, sse3, ssse3, sse4.1, sse4.2, popcnt, lzcnt, tsc, tscinvbit, avx, avx2, aes, erms, clmul, bmi1, bmi2, rtm, adx, fma, vzeroupper, clflush, clflushopt, hv, rdtscp, f16c
Processor Information for processor 0
  Max Mhz: 2496, Current Mhz: 2396, Mhz Limit: 2396
Processor Information for processor 1
  Max Mhz: 2496, Current Mhz: 1497, Mhz Limit: 2396
Processor Information for processor 2
  Max Mhz: 2496, Current Mhz: 2396, Mhz Limit: 2396
Processor Information for processor 3
  Max Mhz: 2496, Current Mhz: 2396, Mhz Limit: 2396

Memory: 4k page, system-wide physical 16263M (2921M free)
TotalPageFile size 16263M (AvailPageFile size 4M)
current process WorkingSet (physical memory assigned to process): 248M, peak: 252M
current process commit charge ("private bytes"): 274M, peak: 394M

vm_info: Java HotSpot(TM) 64-Bit Server VM (25.0.1+8-LTS-27) for windows-amd64 JRE (25.0.1+8-LTS-27), built on 2025-09-25T16:41:16Z with unknown MS VC++:1943

END.
