#
# There is insufficient memory for the Java Runtime Environment to continue.
# Native memory allocation (malloc) failed to allocate 1416920 bytes. Error detail: Chunk::new
# Possible reasons:
#   The system is out of physical RAM or swap space
#   This process is running with CompressedOops enabled, and the Java Heap may be blocking the growth of the native heap
# Possible solutions:
#   Reduce memory load on the system
#   Increase physical memory or swap space
#   Check if swap backing store is full
#   Decrease Java heap size (-Xmx/-Xms)
#   Decrease number of Java threads
#   Decrease Java thread stack sizes (-Xss)
#   Set larger code cache with -XX:ReservedCodeCacheSize=
#   JVM is running with Zero Based Compressed Oops mode in which the Java heap is
#     placed in the first 32GB address space. The Java Heap base address is the
#     maximum limit for the native heap growth. Please use -XX:HeapBaseMinAddress
#     to set the Java Heap base and to place the Java Heap above 32GB virtual address.
# This output file may be truncated or incomplete.
#
#  Out of Memory Error (arena.cpp:186), pid=18840, tid=13228
#
# JRE version: Java(TM) SE Runtime Environment (25.0.1+8) (build 25.0.1+8-LTS-27)
# Java VM: Java HotSpot(TM) 64-Bit Server VM (25.0.1+8-LTS-27, mixed mode, sharing, tiered, compressed oops, compressed class ptrs, g1 gc, windows-amd64)
# No core dump will be written. Minidumps are not enabled by default on client versions of Windows
#

---------------  S U M M A R Y ------------

Command Line: -Dfile.encoding=IBM850 --enable-native-access=ALL-UNNAMED -Dclassworlds.conf=C:\Program Files\JetBrains\IntelliJ IDEA 2025.3.1\plugins\maven\lib\maven3\bin\m2.conf -Dmaven.home=C:\Program Files\JetBrains\IntelliJ IDEA 2025.3.1\plugins\maven\lib\maven3 -Dlibrary.jansi.path=C:\Program Files\JetBrains\IntelliJ IDEA 2025.3.1\plugins\maven\lib\maven3\lib\jansi-native -Dmaven.multiModuleProjectDirectory=M:\EMSI 4IIR\Java\jfx org.codehaus.plexus.classworlds.launcher.Launcher -Didea.version=2025.3.1 -Dmaven.ext.class.path=C:\Program Files\JetBrains\IntelliJ IDEA 2025.3.1\plugins\maven\lib\maven-event-listener.jar -Djansi.passthrough=true -Dstyle.color=always -Dmaven.repo.local=C:\Users\pc\.m2\repository org.openjfx:javafx-maven-plugin:0.0.8:run -f pom.xml

Host: Intel(R) Core(TM) i5-6300U CPU @ 2.40GHz, 4 cores, 15G,  Windows 11 , 64 bit Build 22000 (10.0.22000.2538)
Time: Tue Jan  6 22:32:37 2026 Paris, Madrid elapsed time: 1.176924 seconds (0d 0h 0m 1s)

---------------  T H R E A D  ---------------

Current thread (0x0000024b4e55a080):  JavaThread "C2 CompilerThread0" daemon [_thread_in_native, id=13228, stack(0x000000cae5600000,0x000000cae5700000) (1024K)]


Current CompileTask:
C2:1177 1209       4       java.util.jar.Manifest$FastInputStream::readLine (296 bytes)

Stack: [0x000000cae5600000,0x000000cae5700000]
Native frames: (J=compiled Java code, j=interpreted, Vv=VM code, C=native code)
V  [jvm.dll+0x7a6b59]  (no source info available)
V  [jvm.dll+0x77290d]  (no source info available)
V  [jvm.dll+0x966153]  (no source info available)
V  [jvm.dll+0x968751]  (no source info available)
V  [jvm.dll+0x968e53]  (no source info available)
V  [jvm.dll+0x2fc756]  (no source info available)
V  [jvm.dll+0x111b26]  (no source info available)
V  [jvm.dll+0x111e4e]  (no source info available)
V  [jvm.dll+0x1a0a22]  (no source info available)
V  [jvm.dll+0x3b53c2]  (no source info available)
V  [jvm.dll+0x7ac4ef]  (no source info available)
V  [jvm.dll+0x2c0ac7]  (no source info available)
V  [jvm.dll+0x2bfa8f]  (no source info available)
V  [jvm.dll+0x237b60]  (no source info available)
V  [jvm.dll+0x2cfb56]  (no source info available)
V  [jvm.dll+0x2cddd5]  (no source info available)
V  [jvm.dll+0x48e6d1]  (no source info available)
V  [jvm.dll+0x906a0d]  (no source info available)
V  [jvm.dll+0x7a5135]  (no source info available)
C  [ucrtbase.dll+0x26c0c]  (no source info available)
C  [KERNEL32.DLL+0x153e0]  (no source info available)
C  [ntdll.dll+0x485b]  (no source info available)

Lock stack of current Java thread (top to bottom):


---------------  P R O C E S S  ---------------

Threads class SMR info:
_java_thread_list=0x0000024b5386cb70, length=12, elements={
0x0000024b2f8bdf30, 0x0000024b4e546ef0, 0x0000024b4e547d50, 0x0000024b4e54c750,
0x0000024b4e54d660, 0x0000024b4e54e220, 0x0000024b4e54ef10, 0x0000024b4e55a080,
0x0000024b4e560800, 0x0000024b4e6ea830, 0x0000024b4e6efe40, 0x0000024b538d13a0
}

Java Threads: ( => current thread )
  0x0000024b2f8bdf30 JavaThread "main"                              [_thread_in_Java, id=20008, stack(0x000000cae4800000,0x000000cae4900000) (1024K)]
  0x0000024b4e546ef0 JavaThread "Reference Handler"          daemon [_thread_blocked, id=24008, stack(0x000000cae5000000,0x000000cae5100000) (1024K)]
  0x0000024b4e547d50 JavaThread "Finalizer"                  daemon [_thread_blocked, id=18204, stack(0x000000cae5100000,0x000000cae5200000) (1024K)]
  0x0000024b4e54c750 JavaThread "Signal Dispatcher"          daemon [_thread_blocked, id=15964, stack(0x000000cae5200000,0x000000cae5300000) (1024K)]
  0x0000024b4e54d660 JavaThread "Attach Listener"            daemon [_thread_blocked, id=11476, stack(0x000000cae5300000,0x000000cae5400000) (1024K)]
  0x0000024b4e54e220 JavaThread "Service Thread"             daemon [_thread_blocked, id=4032, stack(0x000000cae5400000,0x000000cae5500000) (1024K)]
  0x0000024b4e54ef10 JavaThread "Monitor Deflation Thread"   daemon [_thread_blocked, id=20452, stack(0x000000cae5500000,0x000000cae5600000) (1024K)]
=>0x0000024b4e55a080 JavaThread "C2 CompilerThread0"         daemon [_thread_in_native, id=13228, stack(0x000000cae5600000,0x000000cae5700000) (1024K)]
  0x0000024b4e560800 JavaThread "C1 CompilerThread0"         daemon [_thread_blocked, id=20528, stack(0x000000cae5700000,0x000000cae5800000) (1024K)]
  0x0000024b4e6ea830 JavaThread "Notification Thread"        daemon [_thread_blocked, id=24112, stack(0x000000cae5800000,0x000000cae5900000) (1024K)]
  0x0000024b4e6efe40 JavaThread "Common-Cleaner"             daemon [_thread_blocked, id=23840, stack(0x000000cae5900000,0x000000cae5a00000) (1024K)]
  0x0000024b538d13a0 JavaThread "C2 CompilerThread1"         daemon [_thread_in_native, id=15872, stack(0x000000cae5a00000,0x000000cae5b00000) (1024K)]
Total: 12

Other Threads:
  0x0000024b4e537010 VMThread "VM Thread"                           [id=11376, stack(0x000000cae4f00000,0x000000cae5000000) (1024K)]
  0x0000024b4e52aa00 WatcherThread "VM Periodic Task Thread"        [id=23020, stack(0x000000cae4e00000,0x000000cae4f00000) (1024K)]
  0x0000024b2f92b710 WorkerThread "GC Thread#0"                     [id=15912, stack(0x000000cae4900000,0x000000cae4a00000) (1024K)]
  0x0000024b2f944680 ConcurrentGCThread "G1 Main Marker"            [id=7388, stack(0x000000cae4a00000,0x000000cae4b00000) (1024K)]
  0x0000024b2f9459c0 WorkerThread "G1 Conc#0"                       [id=8084, stack(0x000000cae4b00000,0x000000cae4c00000) (1024K)]
  0x0000024b2f9760c0 ConcurrentGCThread "G1 Refine#0"               [id=7864, stack(0x000000cae4c00000,0x000000cae4d00000) (1024K)]
  0x0000024b2f976cd0 ConcurrentGCThread "G1 Service"                [id=18236, stack(0x000000cae4d00000,0x000000cae4e00000) (1024K)]
Total: 7

Threads with active compile tasks:
C2 CompilerThread0  1364 1209       4       java.util.jar.Manifest$FastInputStream::readLine (296 bytes)
C2 CompilerThread1  1364 1299   !   4       sun.nio.cs.StreamDecoder::read (220 bytes)
Total: 2

VM state: not at safepoint (normal execution)

VM Mutex/Monitor currently owned by a thread: None

Heap address: 0x0000000701e00000, size: 4066 MB, Compressed Oops mode: Zero based, Oop shift amount: 3

CDS archive(s) mapped at: [0x0000000024000000-0x0000000024dd0000-0x0000000024dd0000), size 14483456, SharedBaseAddress: 0x0000000024000000, ArchiveRelocationMode: 1.
Compressed class space mapped at: 0x0000000025000000-0x0000000065000000, reserved size: 1073741824
UseCompressedClassPointers 1, UseCompactObjectHeaders 0
Narrow klass pointer bits 32, Max shift 3
Narrow klass base: 0x0000000024000000, Narrow klass shift: 0
Encoding Range: [0x0000000024000000 - 0x0000000124000000), (4294967296 bytes)
Klass Range:    [0x0000000024010000 - 0x0000000065000000), (1090453504 bytes)
Klass ID Range:  [65536 - 1090519033) (1090453497)
Protection zone: [0x0000000024000000 - 0x0000000024010000), (65536 bytes)

GC Precious Log:
 CardTable entry size: 512
 Card Set container configuration: InlinePtr #cards 4 size 8 Array Of Cards #cards 16 size 48 Howl #buckets 8 coarsen threshold 3686 Howl Bitmap #cards 512 size 80 coarsen threshold 460 Card regions per heap region 1 cards per card region 4096
 CPUs: 4 total, 4 available
 Memory: 16263M
 Large Page Support: Disabled
 NUMA Support: Disabled
 Compressed Oops: Enabled (Zero based)
 Heap Region Size: 2M
 Heap Min Capacity: 8M
 Heap Initial Capacity: 256M
 Heap Max Capacity: 4066M
 Pre-touch: Disabled
 Parallel Workers: 4
 Concurrent Workers: 1
 Concurrent Refinement Workers: 4
 Periodic GC: Disabled

Heap:
 garbage-first heap   total reserved 4163584K, committed 264192K, used 21653K [0x0000000701e00000, 0x0000000800000000)
  region size 2048K, 11 young (22528K), 0 survivors (0K)

Heap Regions: E=young(eden), S=young(survivor), O=old, HS=humongous(starts), HC=humongous(continues), CS=collection set, F=free, TAMS=top-at-mark-start, PB=parsable bottom
|   0|0x0000000701e00000, 0x0000000701e00000, 0x0000000702000000|  0%| F|  |TAMS 0x0000000701e00000| PB 0x0000000701e00000| Untracked |  0
|   1|0x0000000702000000, 0x0000000702000000, 0x0000000702200000|  0%| F|  |TAMS 0x0000000702000000| PB 0x0000000702000000| Untracked |  0
|   2|0x0000000702200000, 0x0000000702200000, 0x0000000702400000|  0%| F|  |TAMS 0x0000000702200000| PB 0x0000000702200000| Untracked |  0
|   3|0x0000000702400000, 0x0000000702400000, 0x0000000702600000|  0%| F|  |TAMS 0x0000000702400000| PB 0x0000000702400000| Untracked |  0
|   4|0x0000000702600000, 0x0000000702600000, 0x0000000702800000|  0%| F|  |TAMS 0x0000000702600000| PB 0x0000000702600000| Untracked |  0
|   5|0x0000000702800000, 0x0000000702800000, 0x0000000702a00000|  0%| F|  |TAMS 0x0000000702800000| PB 0x0000000702800000| Untracked |  0
|   6|0x0000000702a00000, 0x0000000702a00000, 0x0000000702c00000|  0%| F|  |TAMS 0x0000000702a00000| PB 0x0000000702a00000| Untracked |  0
|   7|0x0000000702c00000, 0x0000000702c00000, 0x0000000702e00000|  0%| F|  |TAMS 0x0000000702c00000| PB 0x0000000702c00000| Untracked |  0
|   8|0x0000000702e00000, 0x0000000702e00000, 0x0000000703000000|  0%| F|  |TAMS 0x0000000702e00000| PB 0x0000000702e00000| Untracked |  0
|   9|0x0000000703000000, 0x0000000703000000, 0x0000000703200000|  0%| F|  |TAMS 0x0000000703000000| PB 0x0000000703000000| Untracked |  0
|  10|0x0000000703200000, 0x0000000703200000, 0x0000000703400000|  0%| F|  |TAMS 0x0000000703200000| PB 0x0000000703200000| Untracked |  0
|  11|0x0000000703400000, 0x0000000703400000, 0x0000000703600000|  0%| F|  |TAMS 0x0000000703400000| PB 0x0000000703400000| Untracked |  0
|  12|0x0000000703600000, 0x0000000703600000, 0x0000000703800000|  0%| F|  |TAMS 0x0000000703600000| PB 0x0000000703600000| Untracked |  0
|  13|0x0000000703800000, 0x0000000703800000, 0x0000000703a00000|  0%| F|  |TAMS 0x0000000703800000| PB 0x0000000703800000| Untracked |  0
|  14|0x0000000703a00000, 0x0000000703a00000, 0x0000000703c00000|  0%| F|  |TAMS 0x0000000703a00000| PB 0x0000000703a00000| Untracked |  0
|  15|0x0000000703c00000, 0x0000000703c00000, 0x0000000703e00000|  0%| F|  |TAMS 0x0000000703c00000| PB 0x0000000703c00000| Untracked |  0
|  16|0x0000000703e00000, 0x0000000703e00000, 0x0000000704000000|  0%| F|  |TAMS 0x0000000703e00000| PB 0x0000000703e00000| Untracked |  0
|  17|0x0000000704000000, 0x0000000704000000, 0x0000000704200000|  0%| F|  |TAMS 0x0000000704000000| PB 0x0000000704000000| Untracked |  0
|  18|0x0000000704200000, 0x0000000704200000, 0x0000000704400000|  0%| F|  |TAMS 0x0000000704200000| PB 0x0000000704200000| Untracked |  0
|  19|0x0000000704400000, 0x0000000704400000, 0x0000000704600000|  0%| F|  |TAMS 0x0000000704400000| PB 0x0000000704400000| Untracked |  0
|  20|0x0000000704600000, 0x0000000704600000, 0x0000000704800000|  0%| F|  |TAMS 0x0000000704600000| PB 0x0000000704600000| Untracked |  0
|  21|0x0000000704800000, 0x0000000704800000, 0x0000000704a00000|  0%| F|  |TAMS 0x0000000704800000| PB 0x0000000704800000| Untracked |  0
|  22|0x0000000704a00000, 0x0000000704a00000, 0x0000000704c00000|  0%| F|  |TAMS 0x0000000704a00000| PB 0x0000000704a00000| Untracked |  0
|  23|0x0000000704c00000, 0x0000000704c00000, 0x0000000704e00000|  0%| F|  |TAMS 0x0000000704c00000| PB 0x0000000704c00000| Untracked |  0
|  24|0x0000000704e00000, 0x0000000704e00000, 0x0000000705000000|  0%| F|  |TAMS 0x0000000704e00000| PB 0x0000000704e00000| Untracked |  0
|  25|0x0000000705000000, 0x0000000705000000, 0x0000000705200000|  0%| F|  |TAMS 0x0000000705000000| PB 0x0000000705000000| Untracked |  0
|  26|0x0000000705200000, 0x0000000705200000, 0x0000000705400000|  0%| F|  |TAMS 0x0000000705200000| PB 0x0000000705200000| Untracked |  0
|  27|0x0000000705400000, 0x0000000705400000, 0x0000000705600000|  0%| F|  |TAMS 0x0000000705400000| PB 0x0000000705400000| Untracked |  0
|  28|0x0000000705600000, 0x0000000705600000, 0x0000000705800000|  0%| F|  |TAMS 0x0000000705600000| PB 0x0000000705600000| Untracked |  0
|  29|0x0000000705800000, 0x0000000705800000, 0x0000000705a00000|  0%| F|  |TAMS 0x0000000705800000| PB 0x0000000705800000| Untracked |  0
|  30|0x0000000705a00000, 0x0000000705a00000, 0x0000000705c00000|  0%| F|  |TAMS 0x0000000705a00000| PB 0x0000000705a00000| Untracked |  0
|  31|0x0000000705c00000, 0x0000000705c00000, 0x0000000705e00000|  0%| F|  |TAMS 0x0000000705c00000| PB 0x0000000705c00000| Untracked |  0
|  32|0x0000000705e00000, 0x0000000705e00000, 0x0000000706000000|  0%| F|  |TAMS 0x0000000705e00000| PB 0x0000000705e00000| Untracked |  0
|  33|0x0000000706000000, 0x0000000706000000, 0x0000000706200000|  0%| F|  |TAMS 0x0000000706000000| PB 0x0000000706000000| Untracked |  0
|  34|0x0000000706200000, 0x0000000706200000, 0x0000000706400000|  0%| F|  |TAMS 0x0000000706200000| PB 0x0000000706200000| Untracked |  0
|  35|0x0000000706400000, 0x0000000706400000, 0x0000000706600000|  0%| F|  |TAMS 0x0000000706400000| PB 0x0000000706400000| Untracked |  0
|  36|0x0000000706600000, 0x0000000706600000, 0x0000000706800000|  0%| F|  |TAMS 0x0000000706600000| PB 0x0000000706600000| Untracked |  0
|  37|0x0000000706800000, 0x0000000706800000, 0x0000000706a00000|  0%| F|  |TAMS 0x0000000706800000| PB 0x0000000706800000| Untracked |  0
|  38|0x0000000706a00000, 0x0000000706a00000, 0x0000000706c00000|  0%| F|  |TAMS 0x0000000706a00000| PB 0x0000000706a00000| Untracked |  0
|  39|0x0000000706c00000, 0x0000000706c00000, 0x0000000706e00000|  0%| F|  |TAMS 0x0000000706c00000| PB 0x0000000706c00000| Untracked |  0
|  40|0x0000000706e00000, 0x0000000706e00000, 0x0000000707000000|  0%| F|  |TAMS 0x0000000706e00000| PB 0x0000000706e00000| Untracked |  0
|  41|0x0000000707000000, 0x0000000707000000, 0x0000000707200000|  0%| F|  |TAMS 0x0000000707000000| PB 0x0000000707000000| Untracked |  0
|  42|0x0000000707200000, 0x0000000707200000, 0x0000000707400000|  0%| F|  |TAMS 0x0000000707200000| PB 0x0000000707200000| Untracked |  0
|  43|0x0000000707400000, 0x0000000707400000, 0x0000000707600000|  0%| F|  |TAMS 0x0000000707400000| PB 0x0000000707400000| Untracked |  0
|  44|0x0000000707600000, 0x0000000707600000, 0x0000000707800000|  0%| F|  |TAMS 0x0000000707600000| PB 0x0000000707600000| Untracked |  0
|  45|0x0000000707800000, 0x0000000707800000, 0x0000000707a00000|  0%| F|  |TAMS 0x0000000707800000| PB 0x0000000707800000| Untracked |  0
|  46|0x0000000707a00000, 0x0000000707a00000, 0x0000000707c00000|  0%| F|  |TAMS 0x0000000707a00000| PB 0x0000000707a00000| Untracked |  0
|  47|0x0000000707c00000, 0x0000000707c00000, 0x0000000707e00000|  0%| F|  |TAMS 0x0000000707c00000| PB 0x0000000707c00000| Untracked |  0
|  48|0x0000000707e00000, 0x0000000707e00000, 0x0000000708000000|  0%| F|  |TAMS 0x0000000707e00000| PB 0x0000000707e00000| Untracked |  0
|  49|0x0000000708000000, 0x0000000708000000, 0x0000000708200000|  0%| F|  |TAMS 0x0000000708000000| PB 0x0000000708000000| Untracked |  0
|  50|0x0000000708200000, 0x0000000708200000, 0x0000000708400000|  0%| F|  |TAMS 0x0000000708200000| PB 0x0000000708200000| Untracked |  0
|  51|0x0000000708400000, 0x0000000708400000, 0x0000000708600000|  0%| F|  |TAMS 0x0000000708400000| PB 0x0000000708400000| Untracked |  0
|  52|0x0000000708600000, 0x0000000708600000, 0x0000000708800000|  0%| F|  |TAMS 0x0000000708600000| PB 0x0000000708600000| Untracked |  0
|  53|0x0000000708800000, 0x0000000708800000, 0x0000000708a00000|  0%| F|  |TAMS 0x0000000708800000| PB 0x0000000708800000| Untracked |  0
|  54|0x0000000708a00000, 0x0000000708a00000, 0x0000000708c00000|  0%| F|  |TAMS 0x0000000708a00000| PB 0x0000000708a00000| Untracked |  0
|  55|0x0000000708c00000, 0x0000000708c00000, 0x0000000708e00000|  0%| F|  |TAMS 0x0000000708c00000| PB 0x0000000708c00000| Untracked |  0
|  56|0x0000000708e00000, 0x0000000708e00000, 0x0000000709000000|  0%| F|  |TAMS 0x0000000708e00000| PB 0x0000000708e00000| Untracked |  0
|  57|0x0000000709000000, 0x0000000709000000, 0x0000000709200000|  0%| F|  |TAMS 0x0000000709000000| PB 0x0000000709000000| Untracked |  0
|  58|0x0000000709200000, 0x0000000709200000, 0x0000000709400000|  0%| F|  |TAMS 0x0000000709200000| PB 0x0000000709200000| Untracked |  0
|  59|0x0000000709400000, 0x0000000709400000, 0x0000000709600000|  0%| F|  |TAMS 0x0000000709400000| PB 0x0000000709400000| Untracked |  0
|  60|0x0000000709600000, 0x0000000709600000, 0x0000000709800000|  0%| F|  |TAMS 0x0000000709600000| PB 0x0000000709600000| Untracked |  0
|  61|0x0000000709800000, 0x0000000709800000, 0x0000000709a00000|  0%| F|  |TAMS 0x0000000709800000| PB 0x0000000709800000| Untracked |  0
|  62|0x0000000709a00000, 0x0000000709a00000, 0x0000000709c00000|  0%| F|  |TAMS 0x0000000709a00000| PB 0x0000000709a00000| Untracked |  0
|  63|0x0000000709c00000, 0x0000000709c00000, 0x0000000709e00000|  0%| F|  |TAMS 0x0000000709c00000| PB 0x0000000709c00000| Untracked |  0
|  64|0x0000000709e00000, 0x0000000709e00000, 0x000000070a000000|  0%| F|  |TAMS 0x0000000709e00000| PB 0x0000000709e00000| Untracked |  0
|  65|0x000000070a000000, 0x000000070a000000, 0x000000070a200000|  0%| F|  |TAMS 0x000000070a000000| PB 0x000000070a000000| Untracked |  0
|  66|0x000000070a200000, 0x000000070a200000, 0x000000070a400000|  0%| F|  |TAMS 0x000000070a200000| PB 0x000000070a200000| Untracked |  0
|  67|0x000000070a400000, 0x000000070a400000, 0x000000070a600000|  0%| F|  |TAMS 0x000000070a400000| PB 0x000000070a400000| Untracked |  0
|  68|0x000000070a600000, 0x000000070a600000, 0x000000070a800000|  0%| F|  |TAMS 0x000000070a600000| PB 0x000000070a600000| Untracked |  0
|  69|0x000000070a800000, 0x000000070a800000, 0x000000070aa00000|  0%| F|  |TAMS 0x000000070a800000| PB 0x000000070a800000| Untracked |  0
|  70|0x000000070aa00000, 0x000000070aa00000, 0x000000070ac00000|  0%| F|  |TAMS 0x000000070aa00000| PB 0x000000070aa00000| Untracked |  0
|  71|0x000000070ac00000, 0x000000070ac00000, 0x000000070ae00000|  0%| F|  |TAMS 0x000000070ac00000| PB 0x000000070ac00000| Untracked |  0
|  72|0x000000070ae00000, 0x000000070ae00000, 0x000000070b000000|  0%| F|  |TAMS 0x000000070ae00000| PB 0x000000070ae00000| Untracked |  0
|  73|0x000000070b000000, 0x000000070b000000, 0x000000070b200000|  0%| F|  |TAMS 0x000000070b000000| PB 0x000000070b000000| Untracked |  0
|  74|0x000000070b200000, 0x000000070b200000, 0x000000070b400000|  0%| F|  |TAMS 0x000000070b200000| PB 0x000000070b200000| Untracked |  0
|  75|0x000000070b400000, 0x000000070b400000, 0x000000070b600000|  0%| F|  |TAMS 0x000000070b400000| PB 0x000000070b400000| Untracked |  0
|  76|0x000000070b600000, 0x000000070b600000, 0x000000070b800000|  0%| F|  |TAMS 0x000000070b600000| PB 0x000000070b600000| Untracked |  0
|  77|0x000000070b800000, 0x000000070b800000, 0x000000070ba00000|  0%| F|  |TAMS 0x000000070b800000| PB 0x000000070b800000| Untracked |  0
|  78|0x000000070ba00000, 0x000000070ba00000, 0x000000070bc00000|  0%| F|  |TAMS 0x000000070ba00000| PB 0x000000070ba00000| Untracked |  0
|  79|0x000000070bc00000, 0x000000070bc00000, 0x000000070be00000|  0%| F|  |TAMS 0x000000070bc00000| PB 0x000000070bc00000| Untracked |  0
|  80|0x000000070be00000, 0x000000070be00000, 0x000000070c000000|  0%| F|  |TAMS 0x000000070be00000| PB 0x000000070be00000| Untracked |  0
|  81|0x000000070c000000, 0x000000070c000000, 0x000000070c200000|  0%| F|  |TAMS 0x000000070c000000| PB 0x000000070c000000| Untracked |  0
|  82|0x000000070c200000, 0x000000070c200000, 0x000000070c400000|  0%| F|  |TAMS 0x000000070c200000| PB 0x000000070c200000| Untracked |  0
|  83|0x000000070c400000, 0x000000070c400000, 0x000000070c600000|  0%| F|  |TAMS 0x000000070c400000| PB 0x000000070c400000| Untracked |  0
|  84|0x000000070c600000, 0x000000070c600000, 0x000000070c800000|  0%| F|  |TAMS 0x000000070c600000| PB 0x000000070c600000| Untracked |  0
|  85|0x000000070c800000, 0x000000070c800000, 0x000000070ca00000|  0%| F|  |TAMS 0x000000070c800000| PB 0x000000070c800000| Untracked |  0
|  86|0x000000070ca00000, 0x000000070ca00000, 0x000000070cc00000|  0%| F|  |TAMS 0x000000070ca00000| PB 0x000000070ca00000| Untracked |  0
|  87|0x000000070cc00000, 0x000000070cc00000, 0x000000070ce00000|  0%| F|  |TAMS 0x000000070cc00000| PB 0x000000070cc00000| Untracked |  0
|  88|0x000000070ce00000, 0x000000070ce00000, 0x000000070d000000|  0%| F|  |TAMS 0x000000070ce00000| PB 0x000000070ce00000| Untracked |  0
|  89|0x000000070d000000, 0x000000070d000000, 0x000000070d200000|  0%| F|  |TAMS 0x000000070d000000| PB 0x000000070d000000| Untracked |  0
|  90|0x000000070d200000, 0x000000070d200000, 0x000000070d400000|  0%| F|  |TAMS 0x000000070d200000| PB 0x000000070d200000| Untracked |  0
|  91|0x000000070d400000, 0x000000070d400000, 0x000000070d600000|  0%| F|  |TAMS 0x000000070d400000| PB 0x000000070d400000| Untracked |  0
|  92|0x000000070d600000, 0x000000070d600000, 0x000000070d800000|  0%| F|  |TAMS 0x000000070d600000| PB 0x000000070d600000| Untracked |  0
|  93|0x000000070d800000, 0x000000070d800000, 0x000000070da00000|  0%| F|  |TAMS 0x000000070d800000| PB 0x000000070d800000| Untracked |  0
|  94|0x000000070da00000, 0x000000070da00000, 0x000000070dc00000|  0%| F|  |TAMS 0x000000070da00000| PB 0x000000070da00000| Untracked |  0
|  95|0x000000070dc00000, 0x000000070dc00000, 0x000000070de00000|  0%| F|  |TAMS 0x000000070dc00000| PB 0x000000070dc00000| Untracked |  0
|  96|0x000000070de00000, 0x000000070de00000, 0x000000070e000000|  0%| F|  |TAMS 0x000000070de00000| PB 0x000000070de00000| Untracked |  0
|  97|0x000000070e000000, 0x000000070e000000, 0x000000070e200000|  0%| F|  |TAMS 0x000000070e000000| PB 0x000000070e000000| Untracked |  0
|  98|0x000000070e200000, 0x000000070e200000, 0x000000070e400000|  0%| F|  |TAMS 0x000000070e200000| PB 0x000000070e200000| Untracked |  0
|  99|0x000000070e400000, 0x000000070e400000, 0x000000070e600000|  0%| F|  |TAMS 0x000000070e400000| PB 0x000000070e400000| Untracked |  0
| 100|0x000000070e600000, 0x000000070e600000, 0x000000070e800000|  0%| F|  |TAMS 0x000000070e600000| PB 0x000000070e600000| Untracked |  0
| 101|0x000000070e800000, 0x000000070e800000, 0x000000070ea00000|  0%| F|  |TAMS 0x000000070e800000| PB 0x000000070e800000| Untracked |  0
| 102|0x000000070ea00000, 0x000000070ea00000, 0x000000070ec00000|  0%| F|  |TAMS 0x000000070ea00000| PB 0x000000070ea00000| Untracked |  0
| 103|0x000000070ec00000, 0x000000070ec00000, 0x000000070ee00000|  0%| F|  |TAMS 0x000000070ec00000| PB 0x000000070ec00000| Untracked |  0
| 104|0x000000070ee00000, 0x000000070ee00000, 0x000000070f000000|  0%| F|  |TAMS 0x000000070ee00000| PB 0x000000070ee00000| Untracked |  0
| 105|0x000000070f000000, 0x000000070f000000, 0x000000070f200000|  0%| F|  |TAMS 0x000000070f000000| PB 0x000000070f000000| Untracked |  0
| 106|0x000000070f200000, 0x000000070f200000, 0x000000070f400000|  0%| F|  |TAMS 0x000000070f200000| PB 0x000000070f200000| Untracked |  0
| 107|0x000000070f400000, 0x000000070f400000, 0x000000070f600000|  0%| F|  |TAMS 0x000000070f400000| PB 0x000000070f400000| Untracked |  0
| 108|0x000000070f600000, 0x000000070f600000, 0x000000070f800000|  0%| F|  |TAMS 0x000000070f600000| PB 0x000000070f600000| Untracked |  0
| 109|0x000000070f800000, 0x000000070f800000, 0x000000070fa00000|  0%| F|  |TAMS 0x000000070f800000| PB 0x000000070f800000| Untracked |  0
| 110|0x000000070fa00000, 0x000000070fa00000, 0x000000070fc00000|  0%| F|  |TAMS 0x000000070fa00000| PB 0x000000070fa00000| Untracked |  0
| 111|0x000000070fc00000, 0x000000070fc00000, 0x000000070fe00000|  0%| F|  |TAMS 0x000000070fc00000| PB 0x000000070fc00000| Untracked |  0
| 112|0x000000070fe00000, 0x000000070fe00000, 0x0000000710000000|  0%| F|  |TAMS 0x000000070fe00000| PB 0x000000070fe00000| Untracked |  0
| 113|0x0000000710000000, 0x0000000710000000, 0x0000000710200000|  0%| F|  |TAMS 0x0000000710000000| PB 0x0000000710000000| Untracked |  0
| 114|0x0000000710200000, 0x0000000710200000, 0x0000000710400000|  0%| F|  |TAMS 0x0000000710200000| PB 0x0000000710200000| Untracked |  0
| 115|0x0000000710400000, 0x0000000710400000, 0x0000000710600000|  0%| F|  |TAMS 0x0000000710400000| PB 0x0000000710400000| Untracked |  0
| 116|0x0000000710600000, 0x0000000710600000, 0x0000000710800000|  0%| F|  |TAMS 0x0000000710600000| PB 0x0000000710600000| Untracked |  0
| 117|0x0000000710800000, 0x00000007109b21a8, 0x0000000710a00000| 84%| E|  |TAMS 0x0000000710800000| PB 0x0000000710800000| Complete |  0
| 118|0x0000000710a00000, 0x0000000710c00000, 0x0000000710c00000|100%| E|CS|TAMS 0x0000000710a00000| PB 0x0000000710a00000| Complete |  0
| 119|0x0000000710c00000, 0x0000000710e00000, 0x0000000710e00000|100%| E|CS|TAMS 0x0000000710c00000| PB 0x0000000710c00000| Complete |  0
| 120|0x0000000710e00000, 0x0000000711000000, 0x0000000711000000|100%| E|CS|TAMS 0x0000000710e00000| PB 0x0000000710e00000| Complete |  0
| 121|0x0000000711000000, 0x0000000711200000, 0x0000000711200000|100%| E|CS|TAMS 0x0000000711000000| PB 0x0000000711000000| Complete |  0
| 122|0x0000000711200000, 0x0000000711400000, 0x0000000711400000|100%| E|CS|TAMS 0x0000000711200000| PB 0x0000000711200000| Complete |  0
| 123|0x0000000711400000, 0x0000000711600000, 0x0000000711600000|100%| E|CS|TAMS 0x0000000711400000| PB 0x0000000711400000| Complete |  0
| 124|0x0000000711600000, 0x0000000711800000, 0x0000000711800000|100%| E|CS|TAMS 0x0000000711600000| PB 0x0000000711600000| Complete |  0
| 125|0x0000000711800000, 0x0000000711a00000, 0x0000000711a00000|100%| E|CS|TAMS 0x0000000711800000| PB 0x0000000711800000| Complete |  0
| 126|0x0000000711a00000, 0x0000000711c00000, 0x0000000711c00000|100%| E|CS|TAMS 0x0000000711a00000| PB 0x0000000711a00000| Complete |  0
| 127|0x0000000711c00000, 0x0000000711e00000, 0x0000000711e00000|100%| E|CS|TAMS 0x0000000711c00000| PB 0x0000000711c00000| Complete |  0
|2032|0x00000007ffe00000, 0x00000007fff256a0, 0x0000000800000000| 57%| O|  |TAMS 0x00000007ffe00000| PB 0x00000007ffe00000| Untracked |  0

Card table byte_map: [0x0000024b47950000,0x0000024b48150000] _byte_map_base: 0x0000024b44141000

Marking Bits: (CMBitMap*) 0x0000024b2f92bea0
 Bits: [0x0000024b48150000, 0x0000024b4c0d8000)

Polling page: 0x0000024b2f0a0000

Metaspace:
Metaspace        used 5503K, committed 5696K, reserved 1114112K
 class space     used 486K, committed 576K, reserved 1048576K

Usage:
  Non-class:      4.90 MB used.
      Class:    486.21 KB used.
       Both:      5.37 MB used.

Virtual space:
  Non-class space:       64.00 MB reserved,       5.00 MB (  8%) committed,  1 nodes.
      Class space:        1.00 GB reserved,     576.00 KB ( <1%) committed,  1 nodes.
             Both:        1.06 GB reserved,       5.56 MB ( <1%) committed. 

Chunk freelists:
   Non-Class:  9.09 MB
       Class:  15.41 MB
        Both:  24.51 MB

MaxMetaspaceSize: unlimited
CompressedClassSpaceSize: 1.00 GB
Initial GC threshold: 21.00 MB
Current GC threshold: 21.00 MB
CDS: on
 - commit_granule_bytes: 65536.
 - commit_granule_words: 8192.
 - virtual_space_node_default_size: 8388608.
 - enlarge_chunks_in_place: 1.
UseCompressedClassPointers 1, UseCompactObjectHeaders 0
Narrow klass pointer bits 32, Max shift 3
Narrow klass base: 0x0000000024000000, Narrow klass shift: 0
Encoding Range: [0x0000000024000000 - 0x0000000124000000), (4294967296 bytes)
Klass Range:    [0x0000000024010000 - 0x0000000065000000), (1090453504 bytes)
Klass ID Range:  [65536 - 1090519033) (1090453497)
Protection zone: [0x0000000024000000 - 0x0000000024010000), (65536 bytes)


Internal statistics:

num_allocs_failed_limit: 0.
num_arena_births: 50.
num_arena_deaths: 0.
num_vsnodes_births: 2.
num_vsnodes_deaths: 0.
num_space_committed: 89.
num_space_uncommitted: 0.
num_chunks_returned_to_freelist: 0.
num_chunks_taken_from_freelist: 210.
num_chunk_merges: 0.
num_chunk_splits: 137.
num_chunks_enlarged: 109.
num_inconsistent_stats: 0.

CodeHeap 'non-profiled nmethods': size=120064Kb used=298Kb max_used=298Kb free=119765Kb
 bounds [0x0000024b3fc10000, 0x0000024b3fe80000, 0x0000024b47150000]
CodeHeap 'profiled nmethods': size=120000Kb used=1957Kb max_used=1957Kb free=118042Kb
 bounds [0x0000024b38150000, 0x0000024b383c0000, 0x0000024b3f680000]
CodeHeap 'non-nmethods': size=5696Kb used=1345Kb max_used=1359Kb free=4350Kb
 bounds [0x0000024b3f680000, 0x0000024b3f8f0000, 0x0000024b3fc10000]
CodeCache: size=245760Kb, used=3600Kb, max_used=3614Kb, free=242157Kb
 total_blobs=1777, nmethods=1308, adapters=372, full_count=0
Compilation: enabled, stopped_count=0, restarted_count=0

Compilation events (20 events):
Event: 1.153 Thread 0x0000024b4e560800 1200       3       jdk.internal.classfile.impl.Util::writeAttribute (67 bytes)
Event: 1.153 Thread 0x0000024b4e55a080 nmethod 1184 0x0000024b3fc56708 code [0x0000024b3fc56820, 0x0000024b3fc56e10]
Event: 1.153 Thread 0x0000024b4e560800 nmethod 1200 0x0000024b38304a08 code [0x0000024b38304b00, 0x0000024b38305168]
Event: 1.153 Thread 0x0000024b4e560800 1199       1       jdk.internal.classfile.impl.AbstractPseudoInstruction$ExceptionCatchImpl::catchTypeEntry (5 bytes)
Event: 1.153 Thread 0x0000024b4e560800 nmethod 1199 0x0000024b3fc56e88 code [0x0000024b3fc56f80, 0x0000024b3fc57048]
Event: 1.153 Thread 0x0000024b4e560800 1203       3       java.util.LinkedHashMap$LinkedHashIterator::hasNext (13 bytes)
Event: 1.154 Thread 0x0000024b4e560800 nmethod 1203 0x0000024b38305188 code [0x0000024b38305280, 0x0000024b383053e0]
Event: 1.154 Thread 0x0000024b4e560800 1202       1       java.lang.reflect.Method::getReturnType (5 bytes)
Event: 1.154 Thread 0x0000024b4e560800 nmethod 1202 0x0000024b3fc57188 code [0x0000024b3fc57280, 0x0000024b3fc57348]
Event: 1.154 Thread 0x0000024b4e560800 1204       3       jdk.internal.classfile.impl.UnboundAttribute::<init> (10 bytes)
Event: 1.154 Thread 0x0000024b4e560800 nmethod 1204 0x0000024b38305488 code [0x0000024b38305580, 0x0000024b383057a8]
Event: 1.154 Thread 0x0000024b4e560800 1205       3       java.util.ArrayList$Itr::<init> (31 bytes)
Event: 1.154 Thread 0x0000024b4e560800 nmethod 1205 0x0000024b38305808 code [0x0000024b38305900, 0x0000024b38305c28]
Event: 1.154 Thread 0x0000024b4e560800 1206       3       java.util.ArrayList::iterator (9 bytes)
Event: 1.154 Thread 0x0000024b4e560800 nmethod 1206 0x0000024b38305c88 code [0x0000024b38305d80, 0x0000024b38306080]
Event: 1.154 Thread 0x0000024b4e560800 1207       1       jdk.internal.classfile.impl.AbstractPoolEntry$FieldRefEntryImpl::tag (3 bytes)
Event: 1.154 Thread 0x0000024b4e560800 nmethod 1207 0x0000024b3fc57488 code [0x0000024b3fc57580, 0x0000024b3fc57648]
Event: 1.159 Thread 0x0000024b4e55a080 1209       4       java.util.jar.Manifest$FastInputStream::readLine (296 bytes)
Event: 1.167 Thread 0x0000024b4e560800 1210       3       java.lang.invoke.MethodHandles$Lookup::checkAccess (200 bytes)
Event: 1.169 Thread 0x0000024b4e560800 nmethod 1210 0x0000024b38306088 code [0x0000024b38306180, 0x0000024b38307098]

GC Heap Usage History (0 events):
No events

Metaspace Usage History (0 events):
No events

Dll operation events (7 events):
Event: 0.018 Loaded shared library C:\Program Files\Java\jdk-25\bin\java.dll
Event: 0.103 Loaded shared library C:\Program Files\Java\jdk-25\bin\net.dll
Event: 0.107 Loaded shared library C:\Program Files\Java\jdk-25\bin\nio.dll
Event: 0.114 Loaded shared library C:\Program Files\Java\jdk-25\bin\zip.dll
Event: 0.457 Loaded shared library C:\Program Files\JetBrains\IntelliJ IDEA 2025.3.1\plugins\maven\lib\maven3\lib\jansi-native\Windows\x86_64\jansi.dll
Event: 0.499 Loaded shared library C:\Program Files\Java\jdk-25\bin\verify.dll
Event: 0.505 Loaded shared library C:\Program Files\Java\jdk-25\bin\jimage.dll

Deoptimization events (20 events):
Event: 1.092 Thread 0x0000024b2f8bdf30 DEOPT PACKING pc=0x0000024b3fc4fc10 sp=0x000000cae48f8da0
Event: 1.092 Thread 0x0000024b2f8bdf30 DEOPT UNPACKING pc=0x0000024b3f7a1382 sp=0x000000cae48f8d18 mode 2
Event: 1.092 Thread 0x0000024b2f8bdf30 Uncommon trap: trap_request=0xffffffde fr.pc=0x0000024b3fc4fc10 relative=0x0000000000000110
Event: 1.092 Thread 0x0000024b2f8bdf30 Uncommon trap: reason=class_check action=maybe_recompile pc=0x0000024b3fc4fc10 method=jdk.internal.misc.Unsafe.allocateUninitializedArray(Ljava/lang/Class;I)Ljava/lang/Object; @ 51 c2
Event: 1.092 Thread 0x0000024b2f8bdf30 DEOPT PACKING pc=0x0000024b3fc4fc10 sp=0x000000cae48f8e40
Event: 1.092 Thread 0x0000024b2f8bdf30 DEOPT UNPACKING pc=0x0000024b3f7a1382 sp=0x000000cae48f8db8 mode 2
Event: 1.093 Thread 0x0000024b2f8bdf30 Uncommon trap: trap_request=0xffffffde fr.pc=0x0000024b3fc4fc10 relative=0x0000000000000110
Event: 1.093 Thread 0x0000024b2f8bdf30 Uncommon trap: reason=class_check action=maybe_recompile pc=0x0000024b3fc4fc10 method=jdk.internal.misc.Unsafe.allocateUninitializedArray(Ljava/lang/Class;I)Ljava/lang/Object; @ 51 c2
Event: 1.093 Thread 0x0000024b2f8bdf30 DEOPT PACKING pc=0x0000024b3fc4fc10 sp=0x000000cae48f9030
Event: 1.093 Thread 0x0000024b2f8bdf30 DEOPT UNPACKING pc=0x0000024b3f7a1382 sp=0x000000cae48f8fa8 mode 2
Event: 1.093 Thread 0x0000024b2f8bdf30 Uncommon trap: trap_request=0xffffffde fr.pc=0x0000024b3fc4fc10 relative=0x0000000000000110
Event: 1.093 Thread 0x0000024b2f8bdf30 Uncommon trap: reason=class_check action=maybe_recompile pc=0x0000024b3fc4fc10 method=jdk.internal.misc.Unsafe.allocateUninitializedArray(Ljava/lang/Class;I)Ljava/lang/Object; @ 51 c2
Event: 1.093 Thread 0x0000024b2f8bdf30 DEOPT PACKING pc=0x0000024b3fc4fc10 sp=0x000000cae48f90d0
Event: 1.093 Thread 0x0000024b2f8bdf30 DEOPT UNPACKING pc=0x0000024b3f7a1382 sp=0x000000cae48f9048 mode 2
Event: 1.145 Thread 0x0000024b2f8bdf30 Uncommon trap: trap_request=0xffffff45 fr.pc=0x0000024b3fc1f974 relative=0x0000000000000074
Event: 1.145 Thread 0x0000024b2f8bdf30 Uncommon trap: reason=unstable_if action=reinterpret pc=0x0000024b3fc1f974 method=jdk.internal.misc.Unsafe.convEndian(ZI)I @ 4 c2
Event: 1.145 Thread 0x0000024b2f8bdf30 DEOPT PACKING pc=0x0000024b3fc1f974 sp=0x000000cae48fce40
Event: 1.145 Thread 0x0000024b2f8bdf30 DEOPT UNPACKING pc=0x0000024b3f7a1382 sp=0x000000cae48fcd70 mode 2
Event: 1.159 Thread 0x0000024b2f8bdf30 DEOPT PACKING pc=0x0000024b381799d8 sp=0x000000cae48f6200
Event: 1.159 Thread 0x0000024b2f8bdf30 DEOPT UNPACKING pc=0x0000024b3f6d1702 sp=0x000000cae48f5690 mode 0

Classes loaded (20 events):
Event: 1.130 Loading class jdk/internal/classfile/impl/AbstractPseudoInstruction$ExceptionCatchImpl
Event: 1.130 Loading class jdk/internal/classfile/impl/AbstractPseudoInstruction
Event: 1.130 Loading class jdk/internal/classfile/impl/AbstractPseudoInstruction done
Event: 1.130 Loading class jdk/internal/classfile/impl/AbstractPseudoInstruction$ExceptionCatchImpl done
Event: 1.134 Loading class jdk/internal/classfile/impl/StackCounter
Event: 1.134 Loading class jdk/internal/classfile/impl/StackCounter done
Event: 1.135 Loading class jdk/internal/classfile/impl/StackCounter$Target
Event: 1.135 Loading class jdk/internal/classfile/impl/StackCounter$Target done
Event: 1.140 Loading class java/lang/reflect/UndeclaredThrowableException
Event: 1.140 Loading class java/lang/reflect/UndeclaredThrowableException done
Event: 1.145 Loading class java/lang/annotation/Target
Event: 1.145 Loading class java/lang/annotation/Target done
Event: 1.145 Loading class java/lang/annotation/ElementType
Event: 1.145 Loading class java/lang/annotation/ElementType done
Event: 1.145 Loading class java/lang/annotation/Documented
Event: 1.145 Loading class java/lang/annotation/Documented done
Event: 1.162 Loading class java/util/concurrent/TimeoutException
Event: 1.162 Loading class java/util/concurrent/TimeoutException done
Event: 1.162 Loading class java/util/concurrent/CancellationException
Event: 1.162 Loading class java/util/concurrent/CancellationException done

Classes unloaded (0 events):
No events

Classes redefined (0 events):
No events

Internal exceptions (20 events):
Event: 0.470 Thread 0x0000024b2f8bdf30 Exception <a 'java/lang/NullPointerException'{0x0000000711905370}> (0x0000000711905370) 
thrown [s\open\src\hotspot\share\interpreter\linkResolver.cpp, line 1416]
Event: 0.477 Thread 0x0000024b2f8bdf30 Exception <a 'java/lang/NullPointerException'{0x0000000711916100}> (0x0000000711916100) 
thrown [s\open\src\hotspot\share\interpreter\linkResolver.cpp, line 1416]
Event: 0.477 Thread 0x0000024b2f8bdf30 Exception <a 'java/lang/NullPointerException'{0x00000007119163e0}> (0x00000007119163e0) 
thrown [s\open\src\hotspot\share\interpreter\linkResolver.cpp, line 1416]
Event: 0.477 Thread 0x0000024b2f8bdf30 Exception <a 'java/lang/NullPointerException'{0x00000007119166c0}> (0x00000007119166c0) 
thrown [s\open\src\hotspot\share\interpreter\linkResolver.cpp, line 1416]
Event: 0.477 Thread 0x0000024b2f8bdf30 Exception <a 'java/lang/NullPointerException'{0x00000007119169a0}> (0x00000007119169a0) 
thrown [s\open\src\hotspot\share\interpreter\linkResolver.cpp, line 1416]
Event: 0.494 Thread 0x0000024b2f8bdf30 Exception <a 'sun/nio/fs/WindowsException'{0x00000007119c93b8}> (0x00000007119c93b8) 
thrown [s\open\src\hotspot\share\prims\jni.cpp, line 516]
Event: 0.495 Thread 0x0000024b2f8bdf30 Exception <a 'sun/nio/fs/WindowsException'{0x00000007119c9928}> (0x00000007119c9928) 
thrown [s\open\src\hotspot\share\prims\jni.cpp, line 516]
Event: 0.495 Thread 0x0000024b2f8bdf30 Exception <a 'sun/nio/fs/WindowsException'{0x00000007119c9e68}> (0x00000007119c9e68) 
thrown [s\open\src\hotspot\share\prims\jni.cpp, line 516]
Event: 0.495 Thread 0x0000024b2f8bdf30 Exception <a 'sun/nio/fs/WindowsException'{0x00000007119ca310}> (0x00000007119ca310) 
thrown [s\open\src\hotspot\share\prims\jni.cpp, line 516]
Event: 0.520 Thread 0x0000024b2f8bdf30 Exception <a 'java/lang/NoSuchMethodError'{0x000000071160d778}: 'void java.lang.invoke.DirectMethodHandle$Holder.invokeStatic(java.lang.Object, java.lang.Object)'> (0x000000071160d778) 
thrown [s\open\src\hotspot\share\interpreter\linkResolver.cpp, line 804]
Event: 0.521 Thread 0x0000024b2f8bdf30 Exception <a 'java/lang/NoSuchMethodError'{0x0000000711615520}: 'void java.lang.invoke.DirectMethodHandle$Holder.invokeStaticInit(java.lang.Object, java.lang.Object)'> (0x0000000711615520) 
thrown [s\open\src\hotspot\share\interpreter\linkResolver.cpp, line 804]
Event: 0.547 Thread 0x0000024b2f8bdf30 Exception <a 'java/lang/NoSuchMethodError'{0x000000071165f920}: 'void java.lang.invoke.DirectMethodHandle$Holder.invokeStatic(java.lang.Object, java.lang.Object, java.lang.Object)'> (0x000000071165f920) 
thrown [s\open\src\hotspot\share\interpreter\linkResolver.cpp, line 804]
Event: 0.599 Thread 0x0000024b2f8bdf30 Exception <a 'java/lang/NullPointerException'{0x00000007116f5018}> (0x00000007116f5018) 
thrown [s\open\src\hotspot\share\interpreter\linkResolver.cpp, line 1416]
Event: 0.599 Thread 0x0000024b2f8bdf30 Exception <a 'java/lang/NullPointerException'{0x00000007116fb7f0}> (0x00000007116fb7f0) 
thrown [s\open\src\hotspot\share\interpreter\linkResolver.cpp, line 1416]
Event: 0.646 Thread 0x0000024b2f8bdf30 Exception <a 'java/lang/NoSuchMethodError'{0x00000007117edf18}: 'java.lang.Object java.lang.invoke.DirectMethodHandle$Holder.invokeSpecialIFC(java.lang.Object, java.lang.Object, java.lang.Object, java.lang.Object)'> (0x00000007117edf18) 
thrown [s\open\src\hotspot\share\interpreter\linkResolver.cpp, line 804]
Event: 0.944 Thread 0x0000024b2f8bdf30 Exception <a 'java/lang/NoSuchMethodError'{0x0000000711110ee8}: 'void java.lang.invoke.DirectMethodHandle$Holder.invokeSpecial(java.lang.Object, java.lang.Object, java.lang.Object)'> (0x0000000711110ee8) 
thrown [s\open\src\hotspot\share\interpreter\linkResolver.cpp, line 804]
Event: 0.989 Thread 0x0000024b2f8bdf30 Exception <a 'java/lang/NoSuchMethodError'{0x0000000710e34d90}: 'java.lang.Object java.lang.invoke.DirectMethodHandle$Holder.invokeInterface(java.lang.Object, java.lang.Object)'> (0x0000000710e34d90) 
thrown [s\open\src\hotspot\share\interpreter\linkResolver.cpp, line 804]
Event: 1.017 Thread 0x0000024b2f8bdf30 Exception <a 'java/lang/NoSuchMethodError'{0x0000000710ee2390}: 'int java.lang.invoke.DirectMethodHandle$Holder.invokeStatic(java.lang.Object, java.lang.Object, java.lang.Object, java.lang.Object)'> (0x0000000710ee2390) 
thrown [s\open\src\hotspot\share\interpreter\linkResolver.cpp, line 804]
Event: 1.023 Thread 0x0000024b2f8bdf30 Exception <a 'java/lang/NoSuchMethodError'{0x0000000710f0bf68}: 'int java.lang.invoke.DirectMethodHandle$Holder.invokeSpecialIFC(java.lang.Object, java.lang.Object, java.lang.Object, java.lang.Object, java.lang.Object)'> (0x0000000710f0bf68) 
thrown [s\open\src\hotspot\share\interpreter\linkResolver.cpp, line 804]
Event: 1.146 Thread 0x0000024b2f8bdf30 Exception <a 'java/lang/NoSuchMethodError'{0x0000000710cdfd40}: 'java.lang.Object java.lang.invoke.DirectMethodHandle$Holder.newInvokeSpecial(java.lang.Object, java.lang.Object, java.lang.Object, java.lang.Object, java.lang.Object)'> (0x0000000710cdfd40) 
thrown [s\open\src\hotspot\share\interpreter\linkResolver.cpp, line 804]

VM Operations (6 events):
Event: 0.116 Executing non-safepoint VM operation: HandshakeAllThreads (Deoptimize)
Event: 0.116 Executing non-safepoint VM operation: HandshakeAllThreads (Deoptimize) done
Event: 0.374 Executing non-safepoint VM operation: HandshakeAllThreads (Deoptimize)
Event: 0.374 Executing non-safepoint VM operation: HandshakeAllThreads (Deoptimize) done
Event: 0.538 Executing non-safepoint VM operation: HandshakeAllThreads (Deoptimize)
Event: 0.538 Executing non-safepoint VM operation: HandshakeAllThreads (Deoptimize) done

Memory protections (0 events):
No events

Nmethod flushes (0 events):
No events

Events (15 events):
Event: 0.046 Thread 0x0000024b2f8bdf30 Thread added: 0x0000024b2f8bdf30
Event: 0.067 Thread 0x0000024b2f8bdf30 Thread added: 0x0000024b4e546ef0
Event: 0.067 Thread 0x0000024b2f8bdf30 Thread added: 0x0000024b4e547d50
Event: 0.068 Thread 0x0000024b2f8bdf30 Thread added: 0x0000024b4e54c750
Event: 0.068 Thread 0x0000024b2f8bdf30 Thread added: 0x0000024b4e54d660
Event: 0.068 Thread 0x0000024b2f8bdf30 Thread added: 0x0000024b4e54e220
Event: 0.068 Thread 0x0000024b2f8bdf30 Thread added: 0x0000024b4e54ef10
Event: 0.068 Thread 0x0000024b2f8bdf30 Thread added: 0x0000024b4e55a080
Event: 0.069 Thread 0x0000024b2f8bdf30 Thread added: 0x0000024b4e560800
Event: 0.088 Thread 0x0000024b2f8bdf30 Thread added: 0x0000024b4e6ea830
Event: 0.097 Thread 0x0000024b2f8bdf30 Thread added: 0x0000024b4e6efe40
Event: 0.201 Thread 0x0000024b4e55a080 Thread added: 0x0000024b4e79dab0
Event: 0.423 Thread 0x0000024b4e79dab0 Thread exited: 0x0000024b4e79dab0
Event: 0.443 Thread 0x0000024b2f8bdf30 Thread added: 0x0000024b5301eb50
Event: 0.548 Thread 0x0000024b5301eb50 Thread exited: 0x0000024b5301eb50


Dynamic libraries:
0x00007ff6275d0000 - 0x00007ff6275e0000 	C:\Program Files\Java\jdk-25\bin\java.exe
0x00007ffb2cb60000 - 0x00007ffb2cd69000 	C:\Windows\SYSTEM32\ntdll.dll
0x00007ffb2bdc0000 - 0x00007ffb2be7d000 	C:\Windows\System32\KERNEL32.DLL
0x00007ffb2a5f0000 - 0x00007ffb2a974000 	C:\Windows\System32\KERNELBASE.dll
0x00007ffb29ff0000 - 0x00007ffb2a101000 	C:\Windows\System32\ucrtbase.dll
0x00007ffb179f0000 - 0x00007ffb17a0e000 	C:\Program Files\Java\jdk-25\bin\VCRUNTIME140.dll
0x00007ffb17d30000 - 0x00007ffb17d47000 	C:\Program Files\Java\jdk-25\bin\jli.dll
0x00007ffb2a9b0000 - 0x00007ffb2ab5d000 	C:\Windows\System32\USER32.dll
0x00007ffb2a980000 - 0x00007ffb2a9a6000 	C:\Windows\System32\win32u.dll
0x00007ffb2c900000 - 0x00007ffb2c92a000 	C:\Windows\System32\GDI32.dll
0x00007ffb2a2a0000 - 0x00007ffb2a3be000 	C:\Windows\System32\gdi32full.dll
0x00007ffb2a110000 - 0x00007ffb2a1ad000 	C:\Windows\System32\msvcp_win.dll
0x00007ffb17f10000 - 0x00007ffb181b5000 	C:\Windows\WinSxS\amd64_microsoft.windows.common-controls_6595b64144ccf1df_6.0.22000.120_none_9d947278b86cc467\COMCTL32.dll
0x00007ffb2c560000 - 0x00007ffb2c603000 	C:\Windows\System32\msvcrt.dll
0x00007ffb2ad00000 - 0x00007ffb2ad31000 	C:\Windows\System32\IMM32.DLL
0x00007ffb26940000 - 0x00007ffb2694c000 	C:\Program Files\Java\jdk-25\bin\vcruntime140_1.dll
0x00007ffafe780000 - 0x00007ffafe80d000 	C:\Program Files\Java\jdk-25\bin\msvcp140.dll
0x00007ffae5b10000 - 0x00007ffae696f000 	C:\Program Files\Java\jdk-25\bin\server\jvm.dll
0x00007ffb2be80000 - 0x00007ffb2bf2e000 	C:\Windows\System32\ADVAPI32.dll
0x00007ffb2bd20000 - 0x00007ffb2bdbe000 	C:\Windows\System32\sechost.dll
0x00007ffb2c610000 - 0x00007ffb2c731000 	C:\Windows\System32\RPCRT4.dll
0x00007ffb2bbc0000 - 0x00007ffb2bc2f000 	C:\Windows\System32\WS2_32.dll
0x00007ffb28910000 - 0x00007ffb2895d000 	C:\Windows\SYSTEM32\POWRPROF.dll
0x00007ffb240c0000 - 0x00007ffb240f3000 	C:\Windows\SYSTEM32\WINMM.dll
0x00007ffb14bf0000 - 0x00007ffb14bfa000 	C:\Windows\SYSTEM32\VERSION.dll
0x00007ffb28a00000 - 0x00007ffb28a13000 	C:\Windows\SYSTEM32\UMPDC.dll
0x00007ffb29110000 - 0x00007ffb29128000 	C:\Windows\SYSTEM32\kernel.appcore.dll
0x00007ffb26800000 - 0x00007ffb2680a000 	C:\Program Files\Java\jdk-25\bin\jimage.dll
0x00007ffb14c10000 - 0x00007ffb14e31000 	C:\Windows\SYSTEM32\DBGHELP.DLL
0x00007ffb13eb0000 - 0x00007ffb13ee1000 	C:\Windows\SYSTEM32\dbgcore.DLL
0x00007ffb2a1b0000 - 0x00007ffb2a22f000 	C:\Windows\System32\bcryptPrimitives.dll
0x00007ffb178c0000 - 0x00007ffb178df000 	C:\Program Files\Java\jdk-25\bin\java.dll
0x00007ffb2c930000 - 0x00007ffb2caca000 	C:\Windows\System32\ole32.dll
0x00007ffb2ad40000 - 0x00007ffb2b0b6000 	C:\Windows\System32\combase.dll
0x00007ffb2b0c0000 - 0x00007ffb2b885000 	C:\Windows\System32\SHELL32.dll
0x00007ffb28090000 - 0x00007ffb288f2000 	C:\Windows\SYSTEM32\windows.storage.dll
0x00007ffb27f20000 - 0x00007ffb28087000 	C:\Windows\SYSTEM32\wintypes.dll
0x00007ffb2ac10000 - 0x00007ffb2acfa000 	C:\Windows\System32\SHCORE.dll
0x00007ffb2b910000 - 0x00007ffb2b96d000 	C:\Windows\System32\shlwapi.dll
0x00007ffb29f20000 - 0x00007ffb29f45000 	C:\Windows\SYSTEM32\profapi.dll
0x00007ffb24130000 - 0x00007ffb24142000 	C:\Program Files\Java\jdk-25\bin\net.dll
0x00007ffb295b0000 - 0x00007ffb29617000 	C:\Windows\system32\mswsock.dll
0x00007ffb17790000 - 0x00007ffb177a6000 	C:\Program Files\Java\jdk-25\bin\nio.dll
0x00007ffb17670000 - 0x00007ffb17687000 	C:\Program Files\Java\jdk-25\bin\zip.dll
0x00007ffb24160000 - 0x00007ffb24184000 	C:\Program Files\JetBrains\IntelliJ IDEA 2025.3.1\plugins\maven\lib\maven3\lib\jansi-native\Windows\x86_64\jansi.dll
0x00007ffb242a0000 - 0x00007ffb242b0000 	C:\Program Files\Java\jdk-25\bin\verify.dll

JVMTI agents: none

dbghelp: loaded successfully - version: 4.0.5 - missing functions: none
symbol engine: initialized successfully - sym options: 0x614 - pdb path: .;C:\Program Files\Java\jdk-25\bin;C:\Windows\SYSTEM32;C:\Windows\WinSxS\amd64_microsoft.windows.common-controls_6595b64144ccf1df_6.0.22000.120_none_9d947278b86cc467;C:\Program Files\Java\jdk-25\bin\server;C:\Program Files\JetBrains\IntelliJ IDEA 2025.3.1\plugins\maven\lib\maven3\lib\jansi-native\Windows\x86_64

VM Arguments:
jvm_args: -Dfile.encoding=IBM850 --enable-native-access=ALL-UNNAMED -Dclassworlds.conf=C:\Program Files\JetBrains\IntelliJ IDEA 2025.3.1\plugins\maven\lib\maven3\bin\m2.conf -Dmaven.home=C:\Program Files\JetBrains\IntelliJ IDEA 2025.3.1\plugins\maven\lib\maven3 -Dlibrary.jansi.path=C:\Program Files\JetBrains\IntelliJ IDEA 2025.3.1\plugins\maven\lib\maven3\lib\jansi-native -Dmaven.multiModuleProjectDirectory=M:\EMSI 4IIR\Java\jfx 
java_command: org.codehaus.plexus.classworlds.launcher.Launcher -Didea.version=2025.3.1 -Dmaven.ext.class.path=C:\Program Files\JetBrains\IntelliJ IDEA 2025.3.1\plugins\maven\lib\maven-event-listener.jar -Djansi.passthrough=true -Dstyle.color=always -Dmaven.repo.local=C:\Users\pc\.m2\repository org.openjfx:javafx-maven-plugin:0.0.8:run -f pom.xml
java_class_path (initial): C:\Program Files\JetBrains\IntelliJ IDEA 2025.3.1\plugins\maven\lib\maven3\boot\plexus-classworlds-2.9.0.jar
Launcher Type: SUN_STANDARD

[Global flags]
     intx CICompilerCount                          = 3                                         {product} {ergonomic}
     uint ConcGCThreads                            = 1                                         {product} {ergonomic}
     uint G1ConcRefinementThreads                  = 4                                         {product} {ergonomic}
   size_t G1HeapRegionSize                         = 2097152                                   {product} {ergonomic}
   size_t InitialHeapSize                          = 268435456                                 {product} {ergonomic}
   size_t MarkStackSize                            = 4194304                                   {product} {ergonomic}
   size_t MarkStackSizeMax                         = 536870912                                 {product} {ergonomic}
   size_t MaxHeapSize                              = 4263510016                                {product} {ergonomic}
   size_t MaxNewSize                               = 2556428288                                {product} {ergonomic}
   size_t MinHeapDeltaBytes                        = 2097152                                   {product} {ergonomic}
   size_t MinHeapSize                              = 8388608                                   {product} {ergonomic}
    uintx NonNMethodCodeHeapSize                   = 5832704                                {pd product} {ergonomic}
    uintx NonProfiledCodeHeapSize                  = 122945536                              {pd product} {ergonomic}
    uintx ProfiledCodeHeapSize                     = 122880000                              {pd product} {ergonomic}
    uintx ReservedCodeCacheSize                    = 251658240                              {pd product} {ergonomic}
     bool SegmentedCodeCache                       = true                                      {product} {ergonomic}
   size_t SoftMaxHeapSize                          = 4263510016                             {manageable} {ergonomic}
     bool UseCompressedOops                        = true                           {product lp64_product} {ergonomic}
     bool UseG1GC                                  = true                                      {product} {ergonomic}
     bool UseLargePagesIndividualAllocation        = false                                  {pd product} {ergonomic}

Logging:
Log output configuration:
 #0: stdout all=warning uptime,level,tags foldmultilines=false
 #1: stderr all=off uptime,level,tags foldmultilines=false

Release file:
IMPLEMENTOR="Oracle Corporation" 
JAVA_RUNTIME_VERSION="25.0.1+8-LTS-27" 
JAVA_VERSION="25.0.1" 
JAVA_VERSION_DATE="2025-10-21" 
LIBC="default" 
MODULES="java.base java.compiler java.datatransfer java.xml java.prefs java.desktop java.instrument java.logging java.management java.security.sasl java.naming java.rmi java.management.rmi java.net.http java.scripting java.security.jgss java.transaction.xa java.sql java.sql.rowset java.xml.crypto java.se java.smartcardio jdk.accessibility jdk.internal.jvmstat jdk.attach jdk.charsets jdk.internal.opt jdk.zipfs jdk.compiler jdk.crypto.cryptoki jdk.crypto.ec jdk.crypto.mscapi jdk.dynalink jdk.internal.ed jdk.editpad jdk.internal.vm.ci jdk.graal.compiler jdk.graal.compiler.management jdk.hotspot.agent jdk.httpserver jdk.incubator.vector jdk.internal.le jdk.internal.md jdk.jartool jdk.javadoc jdk.jcmd jdk.management jdk.management.agent jdk.jconsole jdk.jdeps jdk.jdwp.agent jdk.jdi jdk.jfr jdk.jlink jdk.jpackage jdk.jshell jdk.jsobject jdk.jstatd jdk.localedata jdk.management.jfr jdk.naming.dns jdk.naming.rmi jdk.net jdk.nio.mapmode jdk.sctp jdk.security.auth jdk.security.jgss jdk.unsupported jdk.unsupported.desktop jdk.xml.dom" 
OS_ARCH="x86_64" 
OS_NAME="Windows" 
SOURCE=".:git:862c85bc42b7 open:git:78770bfaefd2" 

Environment Variables:
JAVA_HOME=C:\Program Files\Java\jdk-25
JAVA_TOOL_OPTIONS=-Dfile.encoding=IBM850
PATH=C:\Program Files\Eclipse Adoptium\jdk-17.0.17.10-hotspot;C:\Users\pc\.jdks\ms-17.0.17\bin;C:\Python314\Scripts\;C:\Python314\;C:\Program Files (x86)\VMware\VMware Workstation\bin\;C:\ProgramData\Oracle\Java\javapath;C:\Windows\system32;C:\Windows;C:\Windows\System32\Wbem;C:\Windows\System32\WindowsPowerShell\v1.0\;C:\Windows\System32\OpenSSH\;C:\xampp\php;C:\ProgramData\ComposerSetup\bin;C:\Users\pc\AppData\Local\Programs\Python\Python313;C:\Users\pc\AppData\Local\Programs\Python\Python313\Scripts;C:\Program Files\nodejs\;C:\ProgramData\chocolatey\bin;C:\Program Files\Git\cmd;C:\Program Files\dotnet\;C:\Program Files\Microsoft SQL Server\150\Tools\Binn\;C:\Program Files\Microsoft SQL Server\Client SDK\ODBC\170\Tools\Binn\;C:\Program Files\MongoDB\Server\8.2\bin;C:\Program Files\MongoDB\mongosh\bin;C:\Program Files (x86)\Microsoft SQL Server\170\Tools\Binn\;C:\Program Files\Microsoft SQL Server\170\Tools\Binn\;C:\Program Files\Microsoft SQL Server\Client SDK\ODBC\180\Tools\Binn\;C:\Program Files\Microsoft SQL Server\170\DTS\Binn\;C:\Program Files (x86)\apache-maven-3.9.12\bin;C:\Users\pc\scoop\shims;C:\Users\pc\AppData\Local\Programs\Python\Launcher\;C:\Program Files\MySQL\MySQL Shell 8.0\bin\;C:\Users\pc\AppData\Local\Microsoft\WindowsApps;C:\Users\pc\AppData\Local\Programs\Microsoft VS Code\bin;C:\Program Files\JetBrains\IntelliJ IDEA Community Edition 2023.1.2\bin;;C:\Program Files\JetBrains\IntelliJ IDEA 2025.3.1\bin;C:\Users\pc\AppData\Roaming\Composer\vendor\bin;C:\Users\pc\AppData\Roaming\npm;C:\Users\pc\.dotnet\tools;
USERNAME=pc
OS=Windows_NT
PROCESSOR_IDENTIFIER=Intel64 Family 6 Model 78 Stepping 3, GenuineIntel
TMP=C:\Users\pc\AppData\Local\Temp
TEMP=C:\Users\pc\AppData\Local\Temp




Compilation memory statistics disabled.

Periodic native trim disabled

---------------  S Y S T E M  ---------------

OS:
 Windows 11 , 64 bit Build 22000 (10.0.22000.2538)
OS uptime: 1 days 10:41 hours
Hyper-V role detected

CPU: total 4 (initial active 4) (2 cores per cpu, 2 threads per core) family 6 model 78 stepping 3 microcode 0xd6, cx8, cmov, fxsr, ht, mmx, 3dnowpref, sse, sse2, sse3, ssse3, sse4.1, sse4.2, popcnt, lzcnt, tsc, tscinvbit, avx, avx2, aes, erms, clmul, bmi1, bmi2, rtm, adx, fma, vzeroupper, clflush, clflushopt, hv, rdtscp, f16c
Processor Information for the first 4 processors :
  Max Mhz: 2496, Current Mhz: 2396, Mhz Limit: 2396

Memory: 4k page, system-wide physical 16263M (2593M free)
TotalPageFile size 16263M (AvailPageFile size 17M)
current process WorkingSet (physical memory assigned to process): 81M, peak: 81M
current process commit charge ("private bytes"): 353M, peak: 354M

vm_info: Java HotSpot(TM) 64-Bit Server VM (25.0.1+8-LTS-27) for windows-amd64 JRE (25.0.1+8-LTS-27), built on 2025-09-25T16:41:16Z with unknown MS VC++:1943

END.
