#
# There is insufficient memory for the Java Runtime Environment to continue.
# Native memory allocation (mmap) failed to map 65536 bytes. Error detail: Failed to commit metaspace.
# Possible reasons:
#   The system is out of physical RAM or swap space
#   This process is running with CompressedOops enabled, and the Java Heap may be blocking the growth of the native heap
# Possible solutions:
#   Reduce memory load on the system
#   Increase physical memory or swap space
#   Check if swap backing store is full
#   Decrease Java heap size (-Xmx/-Xms)
#   Decrease number of Java threads
#   Decrease Java thread stack sizes (-Xss)
#   Set larger code cache with -XX:ReservedCodeCacheSize=
#   JVM is running with Zero Based Compressed Oops mode in which the Java heap is
#     placed in the first 32GB address space. The Java Heap base address is the
#     maximum limit for the native heap growth. Please use -XX:HeapBaseMinAddress
#     to set the Java Heap base and to place the Java Heap above 32GB virtual address.
# This output file may be truncated or incomplete.
#
#  Out of Memory Error (virtualSpaceNode.cpp:113), pid=11936, tid=19932
#
# JRE version: Java(TM) SE Runtime Environment (25.0.1+8) (build 25.0.1+8-LTS-27)
# Java VM: Java HotSpot(TM) 64-Bit Server VM (25.0.1+8-LTS-27, mixed mode, tiered, compressed oops, compressed class ptrs, g1 gc, windows-amd64)
# No core dump will be written. Minidumps are not enabled by default on client versions of Windows
#

---------------  S U M M A R Y ------------

Command Line: -Dfile.encoding=IBM850 --module-path=C:\Users\pc\.m2\repository\org\openjfx\javafx-base\17.0.8\javafx-base-17.0.8-win.jar;C:\Users\pc\.m2\repository\org\openjfx\javafx-base\17.0.8\javafx-base-17.0.8.jar;C:\Users\pc\.m2\repository\org\openjfx\javafx-controls\17.0.8\javafx-controls-17.0.8-win.jar;C:\Users\pc\.m2\repository\org\openjfx\javafx-controls\17.0.8\javafx-controls-17.0.8.jar;C:\Users\pc\.m2\repository\org\openjfx\javafx-fxml\17.0.8\javafx-fxml-17.0.8-win.jar;C:\Users\pc\.m2\repository\org\openjfx\javafx-fxml\17.0.8\javafx-fxml-17.0.8.jar;C:\Users\pc\.m2\repository\org\openjfx\javafx-graphics\17.0.8\javafx-graphics-17.0.8-win.jar;C:\Users\pc\.m2\repository\org\openjfx\javafx-graphics\17.0.8\javafx-graphics-17.0.8.jar --add-modules=javafx.base,javafx.controls,javafx.fxml,javafx.graphics com.stockSystem.App

Host: Intel(R) Core(TM) i5-6300U CPU @ 2.40GHz, 4 cores, 15G,  Windows 11 , 64 bit Build 22000 (10.0.22000.2538)
Time: Tue Jan  6 23:17:14 2026 Paris, Madrid elapsed time: 0.351822 seconds (0d 0h 0m 0s)

---------------  T H R E A D  ---------------

Current thread (0x000001ad45575620):  JavaThread "main"             [_thread_in_vm, id=19932, stack(0x000000397bf00000,0x000000397c000000) (1024K)]

Stack: [0x000000397bf00000,0x000000397c000000]
Native frames: (J=compiled Java code, j=interpreted, Vv=VM code, C=native code)
V  [jvm.dll+0x7a6b59]  (no source info available)
V  [jvm.dll+0x77290d]  (no source info available)
V  [jvm.dll+0x966153]  (no source info available)
V  [jvm.dll+0x968751]  (no source info available)
V  [jvm.dll+0x968e53]  (no source info available)
V  [jvm.dll+0x2fc756]  (no source info available)
V  [jvm.dll+0x96301e]  (no source info available)
V  [jvm.dll+0x73db64]  (no source info available)
V  [jvm.dll+0x73dbca]  (no source info available)
V  [jvm.dll+0x7404b9]  (no source info available)
V  [jvm.dll+0x740245]  (no source info available)
V  [jvm.dll+0x29b372]  (no source info available)
V  [jvm.dll+0x73e588]  (no source info available)
V  [jvm.dll+0x2e2af9]  (no source info available)
V  [jvm.dll+0x28a99b]  (no source info available)
V  [jvm.dll+0x280856]  (no source info available)
V  [jvm.dll+0x668991]  (no source info available)
V  [jvm.dll+0x293271]  (no source info available)
V  [jvm.dll+0x8d4cbf]  (no source info available)
V  [jvm.dll+0x8d5d1a]  (no source info available)
V  [jvm.dll+0x8d6252]  (no source info available)
V  [jvm.dll+0x8d5fa6]  (no source info available)
V  [jvm.dll+0x2e5322]  (no source info available)
V  [jvm.dll+0x2e5556]  (no source info available)
V  [jvm.dll+0x694471]  (no source info available)
V  [jvm.dll+0x696d24]  (no source info available)
V  [jvm.dll+0x4751dd]  (no source info available)
V  [jvm.dll+0x474d34]  (no source info available)
C  0x000001ad5766783c  (no source info available)

The last pc belongs to getstatic (printed below).
Java frames: (J=compiled Java code, j=interpreted, Vv=VM code)
j  sun.nio.cs.SingleByte$Encoder.encodeArrayLoop(Ljava/nio/CharBuffer;Ljava/nio/ByteBuffer;)Ljava/nio/charset/CoderResult;+267 java.base@25.0.1
j  sun.nio.cs.SingleByte$Encoder.encodeLoop(Ljava/nio/CharBuffer;Ljava/nio/ByteBuffer;)Ljava/nio/charset/CoderResult;+17 java.base@25.0.1
j  java.nio.charset.CharsetEncoder.encode(Ljava/nio/CharBuffer;Ljava/nio/ByteBuffer;Z)Ljava/nio/charset/CoderResult;+57 java.base@25.0.1
j  sun.nio.cs.StreamEncoder.implWrite(Ljava/nio/CharBuffer;)V+38 java.base@25.0.1
j  sun.nio.cs.StreamEncoder.implWrite([CII)V+11 java.base@25.0.1
j  sun.nio.cs.StreamEncoder.write([CII)V+60 java.base@25.0.1
j  java.io.OutputStreamWriter.write([CII)V+7 java.base@25.0.1
j  java.io.BufferedWriter.flushBuffer()V+34 java.base@25.0.1
j  java.io.PrintStream.writeln(Ljava/lang/String;)V+27 java.base@25.0.1
j  java.io.PrintStream.println(Ljava/lang/String;)V+14 java.base@25.0.1
j  java.lang.System.logInitException(ZZLjava/lang/String;Ljava/lang/Throwable;)V+39 java.base@25.0.1
j  java.lang.System.initPhase2(ZZ)I+16 java.base@25.0.1
v  ~StubRoutines::call_stub 0x000001ad576512ed
Lock stack of current Java thread (top to bottom):
LockStack[2]: java.io.OutputStreamWriter 
{0x0000000711c1ce68} - klass: 'java/io/OutputStreamWriter' - flags: 

 - ---- fields (total size 3 words):
 - private 'writeBuffer' '[C' @12  null (0x00000000)
 - protected 'lock' 'Ljava/lang/Object;' @16  a 'java/io/PrintStream'{0x0000000711c1cb70} (0xe238396e)
 - private final 'se' 'Lsun/nio/cs/StreamEncoder;' @20  a 'sun/nio/cs/StreamEncoder'{0x0000000711c1cf30} (0xe23839e6)
LockStack[1]: java.io.OutputStreamWriter 
{0x0000000711c1ce68} - klass: 'java/io/OutputStreamWriter' - flags: 

 - ---- fields (total size 3 words):
 - private 'writeBuffer' '[C' @12  null (0x00000000)
 - protected 'lock' 'Ljava/lang/Object;' @16  a 'java/io/PrintStream'{0x0000000711c1cb70} (0xe238396e)
 - private final 'se' 'Lsun/nio/cs/StreamEncoder;' @20  a 'sun/nio/cs/StreamEncoder'{0x0000000711c1cf30} (0xe23839e6)
LockStack[0]: java.io.PrintStream 
{0x0000000711c1cb70} - klass: 'java/io/PrintStream' - flags: 

 - ---- fields (total size 5 words):
 - private volatile 'closed' 'Z' @12  false (0x00)
 - protected 'out' 'Ljava/io/OutputStream;' @16  a 'java/io/BufferedOutputStream'{0x0000000711c1cc40} (0xe2383988)
 - private final 'closeLock' 'Ljava/lang/Object;' @20  a 'java/lang/Object'{0x0000000711c1cd08} (0xe23839a1)
 - private final 'autoFlush' 'Z' @13  true (0x01)
 - private 'trouble' 'Z' @14  false (0x00)
 - private 'closing' 'Z' @15  false (0x00)
 - private 'formatter' 'Ljava/util/Formatter;' @24  null (0x00000000)
 - private final 'charset' 'Ljava/nio/charset/Charset;' @28  a 'sun/nio/cs/MS1252'{0x0000000711c1bb60} (0xe238376c)
 - private 'textOut' 'Ljava/io/BufferedWriter;' @32  a 'java/io/BufferedWriter'{0x0000000711c1f0d0} (0xe2383e1a)
 - private 'charOut' 'Ljava/io/OutputStreamWriter;' @36  a 'java/io/OutputStreamWriter'{0x0000000711c1ce68} (0xe23839cd)

getstatic  178 getstatic  [0x000001ad576677a0, 0x000001ad576679a0]  512 bytes
[MachCode]
  0x000001ad576677a0: 4883 ec08 | c5fa 1104 | 24eb 1f48 | 83ec 10c5 | fb11 0424 | eb14 4883 | ec10 4889 | 0424 48c7 
  0x000001ad576677c0: 4424 0800 | 0000 00eb | 0150 488b | 4dd0 410f | b755 0148 | 8b49 306b | d218 488d | 4c11 080f 
  0x000001ad576677e0: b659 1281 | fbb2 0000 | 000f 84bd | 0000 00bb | b200 0000 | e805 0000 | 00e9 9900 | 0000 488b 
  0x000001ad57667800: d348 8d44 | 2408 4c89 | 6dc0 498b | cfc5 f877 | 4989 af38 | 0400 0049 | 8987 2804 | 0000 4883 
  0x000001ad57667820: ec20 40f6 | c40f 0f84 | 1900 0000 | 4883 ec08 | 48b8 e04b | f8e5 fa7f | 0000 ffd0 | 4883 c408 
  0x000001ad57667840: e90c 0000 | 0048 b8e0 | 4bf8 e5fa | 7f00 00ff | d048 83c4 | 2049 c787 | 2804 0000 | 0000 0000 
  0x000001ad57667860: 49c7 8738 | 0400 0000 | 0000 0049 | c787 3004 | 0000 0000 | 0000 c5f8 | 7749 837f | 0800 0f84 
  0x000001ad57667880: 0500 0000 | e957 99fe | ff4c 8b6d | c04c 8b75 | c84e 8d74 | f500 c348 | 8b4d d041 | 0fb7 5501 
  0x000001ad576678a0: 488b 4930 | 6bd2 1848 | 8d4c 1108 | 8b59 080f | b651 110f | b641 104c | 8b09 4d8b | 4970 4d8b 
  0x000001ad576678c0: 0985 c00f | 850b 0000 | 0041 0fbe | 0419 50e9 | b500 0000 | 83f8 010f | 850b 0000 | 0041 0fb6 
  0x000001ad576678e0: 0419 50e9 | a100 0000 | 83f8 080f | 850e 0000 | 0041 8b04 | 1948 c1e0 | 0350 e98a | 0000 0083 
  0x000001ad57667900: f804 0f85 | 0a00 0000 | 418b 0419 | 50e9 7700 | 0000 83f8 | 020f 850b | 0000 0041 | 0fb7 0419 
  0x000001ad57667920: 50e9 6300 | 0000 83f8 | 030f 850b | 0000 0041 | 0fbf 0419 | 50e9 4f00 | 0000 83f8 | 050f 851a 
  0x000001ad57667940: 0000 0049 | 8b04 1948 | 83ec 1048 | 8904 2448 | c744 2408 | 0000 0000 | e92c 0000 | 0083 f806 
  0x000001ad57667960: 0f85 1400 | 0000 c4c1 | 7a10 0419 | 4883 ec08 | c5fa 1104 | 24e9 0f00 | 0000 c4c1 | 7b10 0419 
  0x000001ad57667980: 4883 ec10 | c5fb 1104 | 2441 0fb6 | 5d03 4983 | c503 49ba | 80e0 89e6 | fa7f 0000 | 41ff 24da 
[/MachCode]

---------------  P R O C E S S  ---------------

Threads class SMR info:
_java_thread_list=0x000001ad66560cb0, length=9, elements={
0x000001ad45575620, 0x000001ad66577900, 0x000001ad66578f00, 0x000001ad66586f60,
0x000001ad66587b20, 0x000001ad66588e80, 0x000001ad6658a310, 0x000001ad6657dfc0,
0x000001ad66582960
}

Java Threads: ( => current thread )
=>0x000001ad45575620 JavaThread "main"                              [_thread_in_vm, id=19932, stack(0x000000397bf00000,0x000000397c000000) (1024K)]
  0x000001ad66577900 JavaThread "Reference Handler"          daemon [_thread_blocked, id=25356, stack(0x000000397c700000,0x000000397c800000) (1024K)]
  0x000001ad66578f00 JavaThread "Finalizer"                  daemon [_thread_blocked, id=952, stack(0x000000397c800000,0x000000397c900000) (1024K)]
  0x000001ad66586f60 JavaThread "Signal Dispatcher"          daemon [_thread_blocked, id=14572, stack(0x000000397c900000,0x000000397ca00000) (1024K)]
  0x000001ad66587b20 JavaThread "Attach Listener"            daemon [_thread_blocked, id=776, stack(0x000000397ca00000,0x000000397cb00000) (1024K)]
  0x000001ad66588e80 JavaThread "Service Thread"             daemon [_thread_blocked, id=15284, stack(0x000000397cb00000,0x000000397cc00000) (1024K)]
  0x000001ad6658a310 JavaThread "Monitor Deflation Thread"   daemon [_thread_blocked, id=16520, stack(0x000000397cc00000,0x000000397cd00000) (1024K)]
  0x000001ad6657dfc0 JavaThread "C2 CompilerThread0"         daemon [_thread_blocked, id=11600, stack(0x000000397cd00000,0x000000397ce00000) (1024K)]
  0x000001ad66582960 JavaThread "C1 CompilerThread0"         daemon [_thread_blocked, id=21748, stack(0x000000397ce00000,0x000000397cf00000) (1024K)]
Total: 9

Other Threads:
  0x000001ad6651bf00 VMThread "VM Thread"                           [id=18740, stack(0x000000397c600000,0x000000397c700000) (1024K)]
  0x000001ad664fd990 WatcherThread "VM Periodic Task Thread"        [id=20328, stack(0x000000397c500000,0x000000397c600000) (1024K)]
  0x000001ad478fc280 WorkerThread "GC Thread#0"                     [id=16468, stack(0x000000397c000000,0x000000397c100000) (1024K)]
  0x000001ad47915990 ConcurrentGCThread "G1 Main Marker"            [id=11384, stack(0x000000397c100000,0x000000397c200000) (1024K)]
  0x000001ad47916530 WorkerThread "G1 Conc#0"                       [id=14776, stack(0x000000397c200000,0x000000397c300000) (1024K)]
  0x000001ad47947740 ConcurrentGCThread "G1 Refine#0"               [id=21600, stack(0x000000397c300000,0x000000397c400000) (1024K)]
  0x000001ad4794a260 ConcurrentGCThread "G1 Service"                [id=19188, stack(0x000000397c400000,0x000000397c500000) (1024K)]
Total: 7

Threads with active compile tasks:
Total: 0

VM state: not at safepoint (normal execution)

VM Mutex/Monitor currently owned by a thread:  ([mutex/lock_event])
[0x00007ffae68872e8] Metaspace_lock - owner thread: 0x000001ad45575620

OutOfMemory and StackOverflow Exception counts:
OutOfMemoryError java_heap_errors=2

Heap address: 0x0000000701e00000, size: 4066 MB, Compressed Oops mode: Zero based, Oop shift amount: 3

CDS archive(s) not mapped
Compressed class space mapped at: 0x0000000032000000-0x0000000072000000, reserved size: 1073741824
UseCompressedClassPointers 1, UseCompactObjectHeaders 0
Narrow klass pointer bits 32, Max shift 3
Narrow klass base: 0x0000000000000000, Narrow klass shift: 0
Encoding Range: [0x0000000000000000 - 0x0000000100000000), (4294967296 bytes)
Klass Range:    [0x0000000032000000 - 0x0000000072000000), (1073741824 bytes)
Klass ID Range:  [838860800 - 1912602617) (1073741817)
No protection zone.

GC Precious Log:
 CardTable entry size: 512
 Card Set container configuration: InlinePtr #cards 4 size 8 Array Of Cards #cards 16 size 48 Howl #buckets 8 coarsen threshold 3686 Howl Bitmap #cards 512 size 80 coarsen threshold 460 Card regions per heap region 1 cards per card region 4096
 CPUs: 4 total, 4 available
 Memory: 16263M
 Large Page Support: Disabled
 NUMA Support: Disabled
 Compressed Oops: Enabled (Zero based)
 Heap Region Size: 2M
 Heap Min Capacity: 8M
 Heap Initial Capacity: 256M
 Heap Max Capacity: 4066M
 Pre-touch: Disabled
 Parallel Workers: 4
 Concurrent Workers: 1
 Concurrent Refinement Workers: 4
 Periodic GC: Disabled

Heap:
 garbage-first heap   total reserved 4163584K, committed 262144K, used 2048K [0x0000000701e00000, 0x0000000800000000)
  region size 2048K, 2 young (4096K), 0 survivors (0K)

Heap Regions: E=young(eden), S=young(survivor), O=old, HS=humongous(starts), HC=humongous(continues), CS=collection set, F=free, TAMS=top-at-mark-start, PB=parsable bottom
|   0|0x0000000701e00000, 0x0000000701e00000, 0x0000000702000000|  0%| F|  |TAMS 0x0000000701e00000| PB 0x0000000701e00000| Untracked |  0
|   1|0x0000000702000000, 0x0000000702000000, 0x0000000702200000|  0%| F|  |TAMS 0x0000000702000000| PB 0x0000000702000000| Untracked |  0
|   2|0x0000000702200000, 0x0000000702200000, 0x0000000702400000|  0%| F|  |TAMS 0x0000000702200000| PB 0x0000000702200000| Untracked |  0
|   3|0x0000000702400000, 0x0000000702400000, 0x0000000702600000|  0%| F|  |TAMS 0x0000000702400000| PB 0x0000000702400000| Untracked |  0
|   4|0x0000000702600000, 0x0000000702600000, 0x0000000702800000|  0%| F|  |TAMS 0x0000000702600000| PB 0x0000000702600000| Untracked |  0
|   5|0x0000000702800000, 0x0000000702800000, 0x0000000702a00000|  0%| F|  |TAMS 0x0000000702800000| PB 0x0000000702800000| Untracked |  0
|   6|0x0000000702a00000, 0x0000000702a00000, 0x0000000702c00000|  0%| F|  |TAMS 0x0000000702a00000| PB 0x0000000702a00000| Untracked |  0
|   7|0x0000000702c00000, 0x0000000702c00000, 0x0000000702e00000|  0%| F|  |TAMS 0x0000000702c00000| PB 0x0000000702c00000| Untracked |  0
|   8|0x0000000702e00000, 0x0000000702e00000, 0x0000000703000000|  0%| F|  |TAMS 0x0000000702e00000| PB 0x0000000702e00000| Untracked |  0
|   9|0x0000000703000000, 0x0000000703000000, 0x0000000703200000|  0%| F|  |TAMS 0x0000000703000000| PB 0x0000000703000000| Untracked |  0
|  10|0x0000000703200000, 0x0000000703200000, 0x0000000703400000|  0%| F|  |TAMS 0x0000000703200000| PB 0x0000000703200000| Untracked |  0
|  11|0x0000000703400000, 0x0000000703400000, 0x0000000703600000|  0%| F|  |TAMS 0x0000000703400000| PB 0x0000000703400000| Untracked |  0
|  12|0x0000000703600000, 0x0000000703600000, 0x0000000703800000|  0%| F|  |TAMS 0x0000000703600000| PB 0x0000000703600000| Untracked |  0
|  13|0x0000000703800000, 0x0000000703800000, 0x0000000703a00000|  0%| F|  |TAMS 0x0000000703800000| PB 0x0000000703800000| Untracked |  0
|  14|0x0000000703a00000, 0x0000000703a00000, 0x0000000703c00000|  0%| F|  |TAMS 0x0000000703a00000| PB 0x0000000703a00000| Untracked |  0
|  15|0x0000000703c00000, 0x0000000703c00000, 0x0000000703e00000|  0%| F|  |TAMS 0x0000000703c00000| PB 0x0000000703c00000| Untracked |  0
|  16|0x0000000703e00000, 0x0000000703e00000, 0x0000000704000000|  0%| F|  |TAMS 0x0000000703e00000| PB 0x0000000703e00000| Untracked |  0
|  17|0x0000000704000000, 0x0000000704000000, 0x0000000704200000|  0%| F|  |TAMS 0x0000000704000000| PB 0x0000000704000000| Untracked |  0
|  18|0x0000000704200000, 0x0000000704200000, 0x0000000704400000|  0%| F|  |TAMS 0x0000000704200000| PB 0x0000000704200000| Untracked |  0
|  19|0x0000000704400000, 0x0000000704400000, 0x0000000704600000|  0%| F|  |TAMS 0x0000000704400000| PB 0x0000000704400000| Untracked |  0
|  20|0x0000000704600000, 0x0000000704600000, 0x0000000704800000|  0%| F|  |TAMS 0x0000000704600000| PB 0x0000000704600000| Untracked |  0
|  21|0x0000000704800000, 0x0000000704800000, 0x0000000704a00000|  0%| F|  |TAMS 0x0000000704800000| PB 0x0000000704800000| Untracked |  0
|  22|0x0000000704a00000, 0x0000000704a00000, 0x0000000704c00000|  0%| F|  |TAMS 0x0000000704a00000| PB 0x0000000704a00000| Untracked |  0
|  23|0x0000000704c00000, 0x0000000704c00000, 0x0000000704e00000|  0%| F|  |TAMS 0x0000000704c00000| PB 0x0000000704c00000| Untracked |  0
|  24|0x0000000704e00000, 0x0000000704e00000, 0x0000000705000000|  0%| F|  |TAMS 0x0000000704e00000| PB 0x0000000704e00000| Untracked |  0
|  25|0x0000000705000000, 0x0000000705000000, 0x0000000705200000|  0%| F|  |TAMS 0x0000000705000000| PB 0x0000000705000000| Untracked |  0
|  26|0x0000000705200000, 0x0000000705200000, 0x0000000705400000|  0%| F|  |TAMS 0x0000000705200000| PB 0x0000000705200000| Untracked |  0
|  27|0x0000000705400000, 0x0000000705400000, 0x0000000705600000|  0%| F|  |TAMS 0x0000000705400000| PB 0x0000000705400000| Untracked |  0
|  28|0x0000000705600000, 0x0000000705600000, 0x0000000705800000|  0%| F|  |TAMS 0x0000000705600000| PB 0x0000000705600000| Untracked |  0
|  29|0x0000000705800000, 0x0000000705800000, 0x0000000705a00000|  0%| F|  |TAMS 0x0000000705800000| PB 0x0000000705800000| Untracked |  0
|  30|0x0000000705a00000, 0x0000000705a00000, 0x0000000705c00000|  0%| F|  |TAMS 0x0000000705a00000| PB 0x0000000705a00000| Untracked |  0
|  31|0x0000000705c00000, 0x0000000705c00000, 0x0000000705e00000|  0%| F|  |TAMS 0x0000000705c00000| PB 0x0000000705c00000| Untracked |  0
|  32|0x0000000705e00000, 0x0000000705e00000, 0x0000000706000000|  0%| F|  |TAMS 0x0000000705e00000| PB 0x0000000705e00000| Untracked |  0
|  33|0x0000000706000000, 0x0000000706000000, 0x0000000706200000|  0%| F|  |TAMS 0x0000000706000000| PB 0x0000000706000000| Untracked |  0
|  34|0x0000000706200000, 0x0000000706200000, 0x0000000706400000|  0%| F|  |TAMS 0x0000000706200000| PB 0x0000000706200000| Untracked |  0
|  35|0x0000000706400000, 0x0000000706400000, 0x0000000706600000|  0%| F|  |TAMS 0x0000000706400000| PB 0x0000000706400000| Untracked |  0
|  36|0x0000000706600000, 0x0000000706600000, 0x0000000706800000|  0%| F|  |TAMS 0x0000000706600000| PB 0x0000000706600000| Untracked |  0
|  37|0x0000000706800000, 0x0000000706800000, 0x0000000706a00000|  0%| F|  |TAMS 0x0000000706800000| PB 0x0000000706800000| Untracked |  0
|  38|0x0000000706a00000, 0x0000000706a00000, 0x0000000706c00000|  0%| F|  |TAMS 0x0000000706a00000| PB 0x0000000706a00000| Untracked |  0
|  39|0x0000000706c00000, 0x0000000706c00000, 0x0000000706e00000|  0%| F|  |TAMS 0x0000000706c00000| PB 0x0000000706c00000| Untracked |  0
|  40|0x0000000706e00000, 0x0000000706e00000, 0x0000000707000000|  0%| F|  |TAMS 0x0000000706e00000| PB 0x0000000706e00000| Untracked |  0
|  41|0x0000000707000000, 0x0000000707000000, 0x0000000707200000|  0%| F|  |TAMS 0x0000000707000000| PB 0x0000000707000000| Untracked |  0
|  42|0x0000000707200000, 0x0000000707200000, 0x0000000707400000|  0%| F|  |TAMS 0x0000000707200000| PB 0x0000000707200000| Untracked |  0
|  43|0x0000000707400000, 0x0000000707400000, 0x0000000707600000|  0%| F|  |TAMS 0x0000000707400000| PB 0x0000000707400000| Untracked |  0
|  44|0x0000000707600000, 0x0000000707600000, 0x0000000707800000|  0%| F|  |TAMS 0x0000000707600000| PB 0x0000000707600000| Untracked |  0
|  45|0x0000000707800000, 0x0000000707800000, 0x0000000707a00000|  0%| F|  |TAMS 0x0000000707800000| PB 0x0000000707800000| Untracked |  0
|  46|0x0000000707a00000, 0x0000000707a00000, 0x0000000707c00000|  0%| F|  |TAMS 0x0000000707a00000| PB 0x0000000707a00000| Untracked |  0
|  47|0x0000000707c00000, 0x0000000707c00000, 0x0000000707e00000|  0%| F|  |TAMS 0x0000000707c00000| PB 0x0000000707c00000| Untracked |  0
|  48|0x0000000707e00000, 0x0000000707e00000, 0x0000000708000000|  0%| F|  |TAMS 0x0000000707e00000| PB 0x0000000707e00000| Untracked |  0
|  49|0x0000000708000000, 0x0000000708000000, 0x0000000708200000|  0%| F|  |TAMS 0x0000000708000000| PB 0x0000000708000000| Untracked |  0
|  50|0x0000000708200000, 0x0000000708200000, 0x0000000708400000|  0%| F|  |TAMS 0x0000000708200000| PB 0x0000000708200000| Untracked |  0
|  51|0x0000000708400000, 0x0000000708400000, 0x0000000708600000|  0%| F|  |TAMS 0x0000000708400000| PB 0x0000000708400000| Untracked |  0
|  52|0x0000000708600000, 0x0000000708600000, 0x0000000708800000|  0%| F|  |TAMS 0x0000000708600000| PB 0x0000000708600000| Untracked |  0
|  53|0x0000000708800000, 0x0000000708800000, 0x0000000708a00000|  0%| F|  |TAMS 0x0000000708800000| PB 0x0000000708800000| Untracked |  0
|  54|0x0000000708a00000, 0x0000000708a00000, 0x0000000708c00000|  0%| F|  |TAMS 0x0000000708a00000| PB 0x0000000708a00000| Untracked |  0
|  55|0x0000000708c00000, 0x0000000708c00000, 0x0000000708e00000|  0%| F|  |TAMS 0x0000000708c00000| PB 0x0000000708c00000| Untracked |  0
|  56|0x0000000708e00000, 0x0000000708e00000, 0x0000000709000000|  0%| F|  |TAMS 0x0000000708e00000| PB 0x0000000708e00000| Untracked |  0
|  57|0x0000000709000000, 0x0000000709000000, 0x0000000709200000|  0%| F|  |TAMS 0x0000000709000000| PB 0x0000000709000000| Untracked |  0
|  58|0x0000000709200000, 0x0000000709200000, 0x0000000709400000|  0%| F|  |TAMS 0x0000000709200000| PB 0x0000000709200000| Untracked |  0
|  59|0x0000000709400000, 0x0000000709400000, 0x0000000709600000|  0%| F|  |TAMS 0x0000000709400000| PB 0x0000000709400000| Untracked |  0
|  60|0x0000000709600000, 0x0000000709600000, 0x0000000709800000|  0%| F|  |TAMS 0x0000000709600000| PB 0x0000000709600000| Untracked |  0
|  61|0x0000000709800000, 0x0000000709800000, 0x0000000709a00000|  0%| F|  |TAMS 0x0000000709800000| PB 0x0000000709800000| Untracked |  0
|  62|0x0000000709a00000, 0x0000000709a00000, 0x0000000709c00000|  0%| F|  |TAMS 0x0000000709a00000| PB 0x0000000709a00000| Untracked |  0
|  63|0x0000000709c00000, 0x0000000709c00000, 0x0000000709e00000|  0%| F|  |TAMS 0x0000000709c00000| PB 0x0000000709c00000| Untracked |  0
|  64|0x0000000709e00000, 0x0000000709e00000, 0x000000070a000000|  0%| F|  |TAMS 0x0000000709e00000| PB 0x0000000709e00000| Untracked |  0
|  65|0x000000070a000000, 0x000000070a000000, 0x000000070a200000|  0%| F|  |TAMS 0x000000070a000000| PB 0x000000070a000000| Untracked |  0
|  66|0x000000070a200000, 0x000000070a200000, 0x000000070a400000|  0%| F|  |TAMS 0x000000070a200000| PB 0x000000070a200000| Untracked |  0
|  67|0x000000070a400000, 0x000000070a400000, 0x000000070a600000|  0%| F|  |TAMS 0x000000070a400000| PB 0x000000070a400000| Untracked |  0
|  68|0x000000070a600000, 0x000000070a600000, 0x000000070a800000|  0%| F|  |TAMS 0x000000070a600000| PB 0x000000070a600000| Untracked |  0
|  69|0x000000070a800000, 0x000000070a800000, 0x000000070aa00000|  0%| F|  |TAMS 0x000000070a800000| PB 0x000000070a800000| Untracked |  0
|  70|0x000000070aa00000, 0x000000070aa00000, 0x000000070ac00000|  0%| F|  |TAMS 0x000000070aa00000| PB 0x000000070aa00000| Untracked |  0
|  71|0x000000070ac00000, 0x000000070ac00000, 0x000000070ae00000|  0%| F|  |TAMS 0x000000070ac00000| PB 0x000000070ac00000| Untracked |  0
|  72|0x000000070ae00000, 0x000000070ae00000, 0x000000070b000000|  0%| F|  |TAMS 0x000000070ae00000| PB 0x000000070ae00000| Untracked |  0
|  73|0x000000070b000000, 0x000000070b000000, 0x000000070b200000|  0%| F|  |TAMS 0x000000070b000000| PB 0x000000070b000000| Untracked |  0
|  74|0x000000070b200000, 0x000000070b200000, 0x000000070b400000|  0%| F|  |TAMS 0x000000070b200000| PB 0x000000070b200000| Untracked |  0
|  75|0x000000070b400000, 0x000000070b400000, 0x000000070b600000|  0%| F|  |TAMS 0x000000070b400000| PB 0x000000070b400000| Untracked |  0
|  76|0x000000070b600000, 0x000000070b600000, 0x000000070b800000|  0%| F|  |TAMS 0x000000070b600000| PB 0x000000070b600000| Untracked |  0
|  77|0x000000070b800000, 0x000000070b800000, 0x000000070ba00000|  0%| F|  |TAMS 0x000000070b800000| PB 0x000000070b800000| Untracked |  0
|  78|0x000000070ba00000, 0x000000070ba00000, 0x000000070bc00000|  0%| F|  |TAMS 0x000000070ba00000| PB 0x000000070ba00000| Untracked |  0
|  79|0x000000070bc00000, 0x000000070bc00000, 0x000000070be00000|  0%| F|  |TAMS 0x000000070bc00000| PB 0x000000070bc00000| Untracked |  0
|  80|0x000000070be00000, 0x000000070be00000, 0x000000070c000000|  0%| F|  |TAMS 0x000000070be00000| PB 0x000000070be00000| Untracked |  0
|  81|0x000000070c000000, 0x000000070c000000, 0x000000070c200000|  0%| F|  |TAMS 0x000000070c000000| PB 0x000000070c000000| Untracked |  0
|  82|0x000000070c200000, 0x000000070c200000, 0x000000070c400000|  0%| F|  |TAMS 0x000000070c200000| PB 0x000000070c200000| Untracked |  0
|  83|0x000000070c400000, 0x000000070c400000, 0x000000070c600000|  0%| F|  |TAMS 0x000000070c400000| PB 0x000000070c400000| Untracked |  0
|  84|0x000000070c600000, 0x000000070c600000, 0x000000070c800000|  0%| F|  |TAMS 0x000000070c600000| PB 0x000000070c600000| Untracked |  0
|  85|0x000000070c800000, 0x000000070c800000, 0x000000070ca00000|  0%| F|  |TAMS 0x000000070c800000| PB 0x000000070c800000| Untracked |  0
|  86|0x000000070ca00000, 0x000000070ca00000, 0x000000070cc00000|  0%| F|  |TAMS 0x000000070ca00000| PB 0x000000070ca00000| Untracked |  0
|  87|0x000000070cc00000, 0x000000070cc00000, 0x000000070ce00000|  0%| F|  |TAMS 0x000000070cc00000| PB 0x000000070cc00000| Untracked |  0
|  88|0x000000070ce00000, 0x000000070ce00000, 0x000000070d000000|  0%| F|  |TAMS 0x000000070ce00000| PB 0x000000070ce00000| Untracked |  0
|  89|0x000000070d000000, 0x000000070d000000, 0x000000070d200000|  0%| F|  |TAMS 0x000000070d000000| PB 0x000000070d000000| Untracked |  0
|  90|0x000000070d200000, 0x000000070d200000, 0x000000070d400000|  0%| F|  |TAMS 0x000000070d200000| PB 0x000000070d200000| Untracked |  0
|  91|0x000000070d400000, 0x000000070d400000, 0x000000070d600000|  0%| F|  |TAMS 0x000000070d400000| PB 0x000000070d400000| Untracked |  0
|  92|0x000000070d600000, 0x000000070d600000, 0x000000070d800000|  0%| F|  |TAMS 0x000000070d600000| PB 0x000000070d600000| Untracked |  0
|  93|0x000000070d800000, 0x000000070d800000, 0x000000070da00000|  0%| F|  |TAMS 0x000000070d800000| PB 0x000000070d800000| Untracked |  0
|  94|0x000000070da00000, 0x000000070da00000, 0x000000070dc00000|  0%| F|  |TAMS 0x000000070da00000| PB 0x000000070da00000| Untracked |  0
|  95|0x000000070dc00000, 0x000000070dc00000, 0x000000070de00000|  0%| F|  |TAMS 0x000000070dc00000| PB 0x000000070dc00000| Untracked |  0
|  96|0x000000070de00000, 0x000000070de00000, 0x000000070e000000|  0%| F|  |TAMS 0x000000070de00000| PB 0x000000070de00000| Untracked |  0
|  97|0x000000070e000000, 0x000000070e000000, 0x000000070e200000|  0%| F|  |TAMS 0x000000070e000000| PB 0x000000070e000000| Untracked |  0
|  98|0x000000070e200000, 0x000000070e200000, 0x000000070e400000|  0%| F|  |TAMS 0x000000070e200000| PB 0x000000070e200000| Untracked |  0
|  99|0x000000070e400000, 0x000000070e400000, 0x000000070e600000|  0%| F|  |TAMS 0x000000070e400000| PB 0x000000070e400000| Untracked |  0
| 100|0x000000070e600000, 0x000000070e600000, 0x000000070e800000|  0%| F|  |TAMS 0x000000070e600000| PB 0x000000070e600000| Untracked |  0
| 101|0x000000070e800000, 0x000000070e800000, 0x000000070ea00000|  0%| F|  |TAMS 0x000000070e800000| PB 0x000000070e800000| Untracked |  0
| 102|0x000000070ea00000, 0x000000070ea00000, 0x000000070ec00000|  0%| F|  |TAMS 0x000000070ea00000| PB 0x000000070ea00000| Untracked |  0
| 103|0x000000070ec00000, 0x000000070ec00000, 0x000000070ee00000|  0%| F|  |TAMS 0x000000070ec00000| PB 0x000000070ec00000| Untracked |  0
| 104|0x000000070ee00000, 0x000000070ee00000, 0x000000070f000000|  0%| F|  |TAMS 0x000000070ee00000| PB 0x000000070ee00000| Untracked |  0
| 105|0x000000070f000000, 0x000000070f000000, 0x000000070f200000|  0%| F|  |TAMS 0x000000070f000000| PB 0x000000070f000000| Untracked |  0
| 106|0x000000070f200000, 0x000000070f200000, 0x000000070f400000|  0%| F|  |TAMS 0x000000070f200000| PB 0x000000070f200000| Untracked |  0
| 107|0x000000070f400000, 0x000000070f400000, 0x000000070f600000|  0%| F|  |TAMS 0x000000070f400000| PB 0x000000070f400000| Untracked |  0
| 108|0x000000070f600000, 0x000000070f600000, 0x000000070f800000|  0%| F|  |TAMS 0x000000070f600000| PB 0x000000070f600000| Untracked |  0
| 109|0x000000070f800000, 0x000000070f800000, 0x000000070fa00000|  0%| F|  |TAMS 0x000000070f800000| PB 0x000000070f800000| Untracked |  0
| 110|0x000000070fa00000, 0x000000070fa00000, 0x000000070fc00000|  0%| F|  |TAMS 0x000000070fa00000| PB 0x000000070fa00000| Untracked |  0
| 111|0x000000070fc00000, 0x000000070fc00000, 0x000000070fe00000|  0%| F|  |TAMS 0x000000070fc00000| PB 0x000000070fc00000| Untracked |  0
| 112|0x000000070fe00000, 0x000000070fe00000, 0x0000000710000000|  0%| F|  |TAMS 0x000000070fe00000| PB 0x000000070fe00000| Untracked |  0
| 113|0x0000000710000000, 0x0000000710000000, 0x0000000710200000|  0%| F|  |TAMS 0x0000000710000000| PB 0x0000000710000000| Untracked |  0
| 114|0x0000000710200000, 0x0000000710200000, 0x0000000710400000|  0%| F|  |TAMS 0x0000000710200000| PB 0x0000000710200000| Untracked |  0
| 115|0x0000000710400000, 0x0000000710400000, 0x0000000710600000|  0%| F|  |TAMS 0x0000000710400000| PB 0x0000000710400000| Untracked |  0
| 116|0x0000000710600000, 0x0000000710600000, 0x0000000710800000|  0%| F|  |TAMS 0x0000000710600000| PB 0x0000000710600000| Untracked |  0
| 117|0x0000000710800000, 0x0000000710800000, 0x0000000710a00000|  0%| F|  |TAMS 0x0000000710800000| PB 0x0000000710800000| Untracked |  0
| 118|0x0000000710a00000, 0x0000000710a00000, 0x0000000710c00000|  0%| F|  |TAMS 0x0000000710a00000| PB 0x0000000710a00000| Untracked |  0
| 119|0x0000000710c00000, 0x0000000710c00000, 0x0000000710e00000|  0%| F|  |TAMS 0x0000000710c00000| PB 0x0000000710c00000| Untracked |  0
| 120|0x0000000710e00000, 0x0000000710e00000, 0x0000000711000000|  0%| F|  |TAMS 0x0000000710e00000| PB 0x0000000710e00000| Untracked |  0
| 121|0x0000000711000000, 0x0000000711000000, 0x0000000711200000|  0%| F|  |TAMS 0x0000000711000000| PB 0x0000000711000000| Untracked |  0
| 122|0x0000000711200000, 0x0000000711200000, 0x0000000711400000|  0%| F|  |TAMS 0x0000000711200000| PB 0x0000000711200000| Untracked |  0
| 123|0x0000000711400000, 0x0000000711400000, 0x0000000711600000|  0%| F|  |TAMS 0x0000000711400000| PB 0x0000000711400000| Untracked |  0
| 124|0x0000000711600000, 0x0000000711600000, 0x0000000711800000|  0%| F|  |TAMS 0x0000000711600000| PB 0x0000000711600000| Untracked |  0
| 125|0x0000000711800000, 0x0000000711800000, 0x0000000711a00000|  0%| F|  |TAMS 0x0000000711800000| PB 0x0000000711800000| Untracked |  0
| 126|0x0000000711a00000, 0x0000000711b1ebd0, 0x0000000711c00000| 56%| E|  |TAMS 0x0000000711a00000| PB 0x0000000711a00000| Complete |  0
| 127|0x0000000711c00000, 0x0000000711e00000, 0x0000000711e00000|100%| E|CS|TAMS 0x0000000711c00000| PB 0x0000000711c00000| Complete |  0

Card table byte_map: [0x000001ad5f920000,0x000001ad60120000] _byte_map_base: 0x000001ad5c111000

Marking Bits: (CMBitMap*) 0x000001ad478fca10
 Bits: [0x000001ad60120000, 0x000001ad640a8000)

Polling page: 0x000001ad47070000

Metaspace:
Metaspace        used 6629K, committed 6784K, reserved 1114112K
 class space     used 420K, committed 512K, reserved 1048576K

Usage:
  Non-class:      6.06 MB used.
      Class:    420.41 KB used.
       Both:      6.47 MB used.

Virtual space:
  Non-class space:       64.00 MB reserved,       6.12 MB ( 10%) committed,  1 nodes.
      Class space:        1.00 GB reserved,     512.00 KB ( <1%) committed,  1 nodes.
             Both:        1.06 GB reserved,       6.62 MB ( <1%) committed. 

Chunk freelists:
   Non-Class:  9.00 MB
       Class:  15.50 MB
        Both:  24.50 MB

MaxMetaspaceSize: unlimited
CompressedClassSpaceSize: 1.00 GB
Initial GC threshold: 21.00 MB
Current GC threshold: 21.00 MB
CDS: off
 - commit_granule_bytes: 65536.
 - commit_granule_words: 8192.
 - virtual_space_node_default_size: 8388608.
 - enlarge_chunks_in_place: 1.
UseCompressedClassPointers 1, UseCompactObjectHeaders 0
Narrow klass pointer bits 32, Max shift 3
Narrow klass base: 0x0000000000000000, Narrow klass shift: 0
Encoding Range: [0x0000000000000000 - 0x0000000100000000), (4294967296 bytes)
Klass Range:    [0x0000000032000000 - 0x0000000072000000), (1073741824 bytes)
Klass ID Range:  [838860800 - 1912602617) (1073741817)
No protection zone.


Internal statistics:

num_allocs_failed_limit: 0.
num_arena_births: 4.
num_arena_deaths: 0.
num_vsnodes_births: 2.
num_vsnodes_deaths: 0.
num_space_committed: 106.
num_space_uncommitted: 0.
num_chunks_returned_to_freelist: 0.
num_chunks_taken_from_freelist: 6.
num_chunk_merges: 0.
num_chunk_splits: 5.
num_chunks_enlarged: 3.
num_inconsistent_stats: 0.

CodeHeap 'non-profiled nmethods': size=120064Kb used=43Kb max_used=43Kb free=120020Kb
 bounds [0x000001ad57be0000, 0x000001ad57e50000, 0x000001ad5f120000]
CodeHeap 'profiled nmethods': size=120000Kb used=132Kb max_used=132Kb free=119867Kb
 bounds [0x000001ad50120000, 0x000001ad50390000, 0x000001ad57650000]
CodeHeap 'non-nmethods': size=5696Kb used=1235Kb max_used=1245Kb free=4460Kb
 bounds [0x000001ad57650000, 0x000001ad578c0000, 0x000001ad57be0000]
CodeCache: size=245760Kb, used=1410Kb, max_used=1420Kb, free=244347Kb
 total_blobs=517, nmethods=159, adapters=262, full_count=0
Compilation: enabled, stopped_count=0, restarted_count=0

Compilation events (20 events):
Event: 0.338 Thread 0x000001ad66582960  150       3       java.util.HashMap::newNode (13 bytes)
Event: 0.339 Thread 0x000001ad66582960 nmethod 150 0x000001ad5013fe88 code [0x000001ad5013ff80, 0x000001ad501402d0]
Event: 0.339 Thread 0x000001ad66582960  151       3       java.util.HashMap$Node::<init> (26 bytes)
Event: 0.339 Thread 0x000001ad66582960 nmethod 151 0x000001ad50140308 code [0x000001ad50140400, 0x000001ad50140690]
Event: 0.339 Thread 0x000001ad66582960  152       3       java.util.HashMap::afterNodeInsertion (1 bytes)
Event: 0.339 Thread 0x000001ad66582960 nmethod 152 0x000001ad50140708 code [0x000001ad50140800, 0x000001ad50140908]
Event: 0.339 Thread 0x000001ad66582960  159       3       java.util.HashMap::put (13 bytes)
Event: 0.339 Thread 0x000001ad66582960 nmethod 159 0x000001ad50140a08 code [0x000001ad50140b00, 0x000001ad50140e60]
Event: 0.339 Thread 0x000001ad66582960  154       3       java.util.stream.Sink$ChainedReference::cancellationRequested (10 bytes)
Event: 0.340 Thread 0x000001ad66582960 nmethod 154 0x000001ad50140e88 code [0x000001ad50140f80, 0x000001ad50141150]
Event: 0.340 Thread 0x000001ad66582960  156       1       java.util.stream.Streams$AbstractStreamBuilderImpl::characteristics (4 bytes)
Event: 0.340 Thread 0x000001ad66582960 nmethod 156 0x000001ad57bea008 code [0x000001ad57bea100, 0x000001ad57bea1c8]
Event: 0.340 Thread 0x000001ad66582960  147       1       java.util.stream.AbstractPipeline::getStreamAndOpFlags (5 bytes)
Event: 0.340 Thread 0x000001ad66582960 nmethod 147 0x000001ad57bea308 code [0x000001ad57bea400, 0x000001ad57bea4c8]
Event: 0.340 Thread 0x000001ad66582960  155       1       java.util.AbstractList$RandomAccessSpliterator::characteristics (4 bytes)
Event: 0.340 Thread 0x000001ad66582960 nmethod 155 0x000001ad57bea608 code [0x000001ad57bea700, 0x000001ad57bea7c8]
Event: 0.340 Thread 0x000001ad66582960  157       1       java.util.stream.MatchOps$BooleanTerminalSink::cancellationRequested (5 bytes)
Event: 0.340 Thread 0x000001ad66582960 nmethod 157 0x000001ad57bea908 code [0x000001ad57beaa00, 0x000001ad57beaac8]
Event: 0.340 Thread 0x000001ad66582960  158       1       java.util.stream.FindOps$FindOp::getOpFlags (5 bytes)
Event: 0.340 Thread 0x000001ad66582960 nmethod 158 0x000001ad57beac08 code [0x000001ad57bead00, 0x000001ad57beadc8]

GC Heap Usage History (0 events):
No events

Metaspace Usage History (0 events):
No events

Dll operation events (1 events):
Event: 0.020 Loaded shared library C:\Program Files\Java\jdk-25\bin\java.dll

Deoptimization events (0 events):
No events

Classes loaded (20 events):
Event: 0.345 Loading class jdk/internal/ref/CleanerImpl$CleanerCleanable done
Event: 0.345 Loading class jdk/internal/misc/InnocuousThread
Event: 0.345 Loading class jdk/internal/misc/InnocuousThread done
Event: 0.346 Loading class java/lang/ExceptionInInitializerError
Event: 0.346 Loading class java/lang/ExceptionInInitializerError done
Event: 0.347 Loading class sun/nio/fs/WindowsException
Event: 0.347 Loading class sun/nio/fs/WindowsException done
Event: 0.347 Loading class java/nio/file/NoSuchFileException
Event: 0.347 Loading class java/nio/file/FileSystemException
Event: 0.347 Loading class java/io/IOException
Event: 0.347 Loading class java/io/IOException done
Event: 0.347 Loading class java/nio/file/FileSystemException done
Event: 0.347 Loading class java/nio/file/NoSuchFileException done
Event: 0.347 Loading class java/nio/CharBuffer
Event: 0.347 Loading class java/lang/Readable
Event: 0.348 Loading class java/lang/Readable done
Event: 0.348 Loading class java/nio/CharBuffer done
Event: 0.348 Loading class java/nio/HeapCharBuffer
Event: 0.348 Loading class java/nio/HeapCharBuffer done
Event: 0.348 Loading class java/nio/charset/CoderResult

Classes unloaded (0 events):
No events

Classes redefined (0 events):
No events

Internal exceptions (2 events):
Event: 0.346 Thread 0x000001ad45575620 Exception <a 'java/lang/OutOfMemoryError'{0x0000000711aa1dc8}: unable to create native thread: possibly out of memory or process/resource limits reached> (0x0000000711aa1dc8) 
thrown [s\open\src\hotspot\share\prims\jvm.cpp, line 2844]
Event: 0.347 Thread 0x000001ad45575620 Exception <a 'java/lang/OutOfMemoryError'{0x0000000711aa1dc8}> (0x0000000711aa1dc8) 
thrown [s\open\src\hotspot\share\oops\instanceKlass.cpp, line 1355]

VM Operations (0 events):
No events

Memory protections (0 events):
No events

Nmethod flushes (0 events):
No events

Events (9 events):
Event: 0.036 Thread 0x000001ad45575620 Thread added: 0x000001ad45575620
Event: 0.100 Thread 0x000001ad45575620 Thread added: 0x000001ad66577900
Event: 0.100 Thread 0x000001ad45575620 Thread added: 0x000001ad66578f00
Event: 0.102 Thread 0x000001ad45575620 Thread added: 0x000001ad66586f60
Event: 0.103 Thread 0x000001ad45575620 Thread added: 0x000001ad66587b20
Event: 0.103 Thread 0x000001ad45575620 Thread added: 0x000001ad66588e80
Event: 0.103 Thread 0x000001ad45575620 Thread added: 0x000001ad6658a310
Event: 0.103 Thread 0x000001ad45575620 Thread added: 0x000001ad6657dfc0
Event: 0.103 Thread 0x000001ad45575620 Thread added: 0x000001ad66582960


Dynamic libraries:
0x00007ff6275d0000 - 0x00007ff6275e0000 	C:\Program Files\Java\jdk-25\bin\java.exe
0x00007ffb2cb60000 - 0x00007ffb2cd69000 	C:\Windows\SYSTEM32\ntdll.dll
0x00007ffb2bdc0000 - 0x00007ffb2be7d000 	C:\Windows\System32\KERNEL32.DLL
0x00007ffb2a5f0000 - 0x00007ffb2a974000 	C:\Windows\System32\KERNELBASE.dll
0x00007ffb29ff0000 - 0x00007ffb2a101000 	C:\Windows\System32\ucrtbase.dll
0x00007ffb179f0000 - 0x00007ffb17a0e000 	C:\Program Files\Java\jdk-25\bin\VCRUNTIME140.dll
0x00007ffb17d30000 - 0x00007ffb17d47000 	C:\Program Files\Java\jdk-25\bin\jli.dll
0x00007ffb2a9b0000 - 0x00007ffb2ab5d000 	C:\Windows\System32\USER32.dll
0x00007ffb2a980000 - 0x00007ffb2a9a6000 	C:\Windows\System32\win32u.dll
0x00007ffb2c900000 - 0x00007ffb2c92a000 	C:\Windows\System32\GDI32.dll
0x00007ffb17f10000 - 0x00007ffb181b5000 	C:\Windows\WinSxS\amd64_microsoft.windows.common-controls_6595b64144ccf1df_6.0.22000.120_none_9d947278b86cc467\COMCTL32.dll
0x00007ffb2a2a0000 - 0x00007ffb2a3be000 	C:\Windows\System32\gdi32full.dll
0x00007ffb2c560000 - 0x00007ffb2c603000 	C:\Windows\System32\msvcrt.dll
0x00007ffb2a110000 - 0x00007ffb2a1ad000 	C:\Windows\System32\msvcp_win.dll
0x00007ffb2ad00000 - 0x00007ffb2ad31000 	C:\Windows\System32\IMM32.DLL
0x00007ffb26940000 - 0x00007ffb2694c000 	C:\Program Files\Java\jdk-25\bin\vcruntime140_1.dll
0x00007ffafe780000 - 0x00007ffafe80d000 	C:\Program Files\Java\jdk-25\bin\msvcp140.dll
0x00007ffae5b10000 - 0x00007ffae696f000 	C:\Program Files\Java\jdk-25\bin\server\jvm.dll
0x00007ffb2be80000 - 0x00007ffb2bf2e000 	C:\Windows\System32\ADVAPI32.dll
0x00007ffb2bd20000 - 0x00007ffb2bdbe000 	C:\Windows\System32\sechost.dll
0x00007ffb2c610000 - 0x00007ffb2c731000 	C:\Windows\System32\RPCRT4.dll
0x00007ffb2bbc0000 - 0x00007ffb2bc2f000 	C:\Windows\System32\WS2_32.dll
0x00007ffb28910000 - 0x00007ffb2895d000 	C:\Windows\SYSTEM32\POWRPROF.dll
0x00007ffb240c0000 - 0x00007ffb240f3000 	C:\Windows\SYSTEM32\WINMM.dll
0x00007ffb14bf0000 - 0x00007ffb14bfa000 	C:\Windows\SYSTEM32\VERSION.dll
0x00007ffb28a00000 - 0x00007ffb28a13000 	C:\Windows\SYSTEM32\UMPDC.dll
0x00007ffb29110000 - 0x00007ffb29128000 	C:\Windows\SYSTEM32\kernel.appcore.dll
0x00007ffb26800000 - 0x00007ffb2680a000 	C:\Program Files\Java\jdk-25\bin\jimage.dll
0x00007ffb14c10000 - 0x00007ffb14e31000 	C:\Windows\SYSTEM32\DBGHELP.DLL
0x00007ffb13eb0000 - 0x00007ffb13ee1000 	C:\Windows\SYSTEM32\dbgcore.DLL
0x00007ffb2a1b0000 - 0x00007ffb2a22f000 	C:\Windows\System32\bcryptPrimitives.dll
0x00007ffb178c0000 - 0x00007ffb178df000 	C:\Program Files\Java\jdk-25\bin\java.dll
0x00007ffb2c930000 - 0x00007ffb2caca000 	C:\Windows\System32\ole32.dll
0x00007ffb2ad40000 - 0x00007ffb2b0b6000 	C:\Windows\System32\combase.dll
0x00007ffb2b0c0000 - 0x00007ffb2b885000 	C:\Windows\System32\SHELL32.dll
0x00007ffb28090000 - 0x00007ffb288f2000 	C:\Windows\SYSTEM32\windows.storage.dll
0x00007ffb27f20000 - 0x00007ffb28087000 	C:\Windows\SYSTEM32\wintypes.dll
0x00007ffb2ac10000 - 0x00007ffb2acfa000 	C:\Windows\System32\SHCORE.dll
0x00007ffb2b910000 - 0x00007ffb2b96d000 	C:\Windows\System32\shlwapi.dll
0x00007ffb29f20000 - 0x00007ffb29f45000 	C:\Windows\SYSTEM32\profapi.dll

JVMTI agents: none

dbghelp: loaded successfully - version: 4.0.5 - missing functions: none
symbol engine: initialized successfully - sym options: 0x614 - pdb path: .;C:\Program Files\Java\jdk-25\bin;C:\Windows\SYSTEM32;C:\Windows\WinSxS\amd64_microsoft.windows.common-controls_6595b64144ccf1df_6.0.22000.120_none_9d947278b86cc467;C:\Program Files\Java\jdk-25\bin\server

VM Arguments:
jvm_args: -Dfile.encoding=IBM850 --module-path=C:\Users\pc\.m2\repository\org\openjfx\javafx-base\17.0.8\javafx-base-17.0.8-win.jar;C:\Users\pc\.m2\repository\org\openjfx\javafx-base\17.0.8\javafx-base-17.0.8.jar;C:\Users\pc\.m2\repository\org\openjfx\javafx-controls\17.0.8\javafx-controls-17.0.8-win.jar;C:\Users\pc\.m2\repository\org\openjfx\javafx-controls\17.0.8\javafx-controls-17.0.8.jar;C:\Users\pc\.m2\repository\org\openjfx\javafx-fxml\17.0.8\javafx-fxml-17.0.8-win.jar;C:\Users\pc\.m2\repository\org\openjfx\javafx-fxml\17.0.8\javafx-fxml-17.0.8.jar;C:\Users\pc\.m2\repository\org\openjfx\javafx-graphics\17.0.8\javafx-graphics-17.0.8-win.jar;C:\Users\pc\.m2\repository\org\openjfx\javafx-graphics\17.0.8\javafx-graphics-17.0.8.jar --add-modules=javafx.base,javafx.controls,javafx.fxml,javafx.graphics 
java_command: com.stockSystem.App
java_class_path (initial): M:\EMSI 4IIR\Java\jfx\target\classes;C:\Users\pc\.m2\repository\com\fasterxml\classmate\1.5.1\classmate-1.5.1.jar;C:\Users\pc\.m2\repository\com\google\protobuf\protobuf-java\3.21.9\protobuf-java-3.21.9.jar;C:\Users\pc\.m2\repository\com\mysql\mysql-connector-j\8.2.0\mysql-connector-j-8.2.0.jar;C:\Users\pc\.m2\repository\com\sun\istack\istack-commons-runtime\4.1.1\istack-commons-runtime-4.1.1.jar;C:\Users\pc\.m2\repository\io\smallrye\jandex\3.1.2\jandex-3.1.2.jar;C:\Users\pc\.m2\repository\jakarta\activation\jakarta.activation-api\2.1.0\jakarta.activation-api-2.1.0.jar;C:\Users\pc\.m2\repository\jakarta\inject\jakarta.inject-api\2.0.1\jakarta.inject-api-2.0.1.jar;C:\Users\pc\.m2\repository\jakarta\persistence\jakarta.persistence-api\3.1.0\jakarta.persistence-api-3.1.0.jar;C:\Users\pc\.m2\repository\jakarta\transaction\jakarta.transaction-api\2.0.1\jakarta.transaction-api-2.0.1.jar;C:\Users\pc\.m2\repository\jakarta\xml\bind\jakarta.xml.bind-api\4.0.0\jakarta.xml.bind-api-4.0.0.jar;C:\Users\pc\.m2\repository\net\bytebuddy\byte-buddy\1.14.7\byte-buddy-1.14.7.jar;C:\Users\pc\.m2\repository\org\antlr\antlr4-runtime\4.13.0\antlr4-runtime-4.13.0.jar;C:\Users\pc\.m2\repository\org\eclipse\angus\angus-activation\2.0.0\angus-activation-2.0.0.jar;C:\Users\pc\.m2\repository\org\glassfish\jaxb\jaxb-core\4.0.2\jaxb-core-4.0.2.jar;C:\Users\pc\.m2\repository\org\glassfish\jaxb\jaxb-runtime\4.0.2\jaxb-runtime-4.0.2.jar;C:\Users\pc\.m2\repository\org\glassfish\jaxb\txw2\4.0.2\txw2-4.0.2.jar;C:\Users\pc\.m2\repository\org\hibernate\common\hibernate-commons-annotations\6.0.6.Final\hibernate-commons-annotations-6.0.6.Final.jar;C:\Users\pc\.m2\repository\org\hibernate\orm\hibernate-core\6.4.1.Final\hibernate-core-6.4.1.Final.jar;C:\Users\pc\.m2\repository\org\jboss\logging\jboss-logging\3.5.0.Final\jboss-logging-3.5.0.Final.jar
Launcher Type: SUN_STANDARD

[Global flags]
     intx CICompilerCount                          = 3                                         {product} {ergonomic}
     uint ConcGCThreads                            = 1                                         {product} {ergonomic}
     uint G1ConcRefinementThreads                  = 4                                         {product} {ergonomic}
   size_t G1HeapRegionSize                         = 2097152                                   {product} {ergonomic}
   size_t InitialHeapSize                          = 268435456                                 {product} {ergonomic}
   size_t MarkStackSize                            = 4194304                                   {product} {ergonomic}
   size_t MarkStackSizeMax                         = 536870912                                 {product} {ergonomic}
   size_t MaxHeapSize                              = 4263510016                                {product} {ergonomic}
   size_t MaxNewSize                               = 2556428288                                {product} {ergonomic}
   size_t MinHeapDeltaBytes                        = 2097152                                   {product} {ergonomic}
   size_t MinHeapSize                              = 8388608                                   {product} {ergonomic}
    uintx NonNMethodCodeHeapSize                   = 5832704                                {pd product} {ergonomic}
    uintx NonProfiledCodeHeapSize                  = 122945536                              {pd product} {ergonomic}
    uintx ProfiledCodeHeapSize                     = 122880000                              {pd product} {ergonomic}
    uintx ReservedCodeCacheSize                    = 251658240                              {pd product} {ergonomic}
     bool SegmentedCodeCache                       = true                                      {product} {ergonomic}
   size_t SoftMaxHeapSize                          = 4263510016                             {manageable} {ergonomic}
     bool UseCompressedOops                        = true                           {product lp64_product} {ergonomic}
     bool UseG1GC                                  = true                                      {product} {ergonomic}
     bool UseLargePagesIndividualAllocation        = false                                  {pd product} {ergonomic}

Logging:
Log output configuration:
 #0: stdout all=warning uptime,level,tags foldmultilines=false
 #1: stderr all=off uptime,level,tags foldmultilines=false

Release file:
<release file has not been read>
Environment Variables:
JAVA_HOME=C:\Program Files\Java\jdk-25
JAVA_TOOL_OPTIONS=-Dfile.encoding=IBM850
PATH=C:\Program Files\Eclipse Adoptium\jdk-17.0.17.10-hotspot;C:\Users\pc\.jdks\ms-17.0.17\bin;C:\Python314\Scripts\;C:\Python314\;C:\Program Files (x86)\VMware\VMware Workstation\bin\;C:\ProgramData\Oracle\Java\javapath;C:\Windows\system32;C:\Windows;C:\Windows\System32\Wbem;C:\Windows\System32\WindowsPowerShell\v1.0\;C:\Windows\System32\OpenSSH\;C:\xampp\php;C:\ProgramData\ComposerSetup\bin;C:\Users\pc\AppData\Local\Programs\Python\Python313;C:\Users\pc\AppData\Local\Programs\Python\Python313\Scripts;C:\Program Files\nodejs\;C:\ProgramData\chocolatey\bin;C:\Program Files\Git\cmd;C:\Program Files\dotnet\;C:\Program Files\Microsoft SQL Server\150\Tools\Binn\;C:\Program Files\Microsoft SQL Server\Client SDK\ODBC\170\Tools\Binn\;C:\Program Files\MongoDB\Server\8.2\bin;C:\Program Files\MongoDB\mongosh\bin;C:\Program Files (x86)\Microsoft SQL Server\170\Tools\Binn\;C:\Program Files\Microsoft SQL Server\170\Tools\Binn\;C:\Program Files\Microsoft SQL Server\Client SDK\ODBC\180\Tools\Binn\;C:\Program Files\Microsoft SQL Server\170\DTS\Binn\;C:\Program Files (x86)\apache-maven-3.9.12\bin;C:\Users\pc\scoop\shims;C:\Users\pc\AppData\Local\Programs\Python\Launcher\;C:\Program Files\MySQL\MySQL Shell 8.0\bin\;C:\Users\pc\AppData\Local\Microsoft\WindowsApps;C:\Users\pc\AppData\Local\Programs\Microsoft VS Code\bin;C:\Program Files\JetBrains\IntelliJ IDEA Community Edition 2023.1.2\bin;;C:\Program Files\JetBrains\IntelliJ IDEA 2025.3.1\bin;C:\Users\pc\AppData\Roaming\Composer\vendor\bin;C:\Users\pc\AppData\Roaming\npm;C:\Users\pc\.dotnet\tools;
USERNAME=pc
OS=Windows_NT
PROCESSOR_IDENTIFIER=Intel64 Family 6 Model 78 Stepping 3, GenuineIntel
TMP=C:\Users\pc\AppData\Local\Temp
TEMP=C:\Users\pc\AppData\Local\Temp




Compilation memory statistics disabled.

Periodic native trim disabled

---------------  S Y S T E M  ---------------

OS:
 Windows 11 , 64 bit Build 22000 (10.0.22000.2538)
OS uptime: 1 days 11:25 hours
Hyper-V role detected

CPU: total 4 (initial active 4) (2 cores per cpu, 2 threads per core) family 6 model 78 stepping 3 microcode 0xd6, cx8, cmov, fxsr, ht, mmx, 3dnowpref, sse, sse2, sse3, ssse3, sse4.1, sse4.2, popcnt, lzcnt, tsc, tscinvbit, avx, avx2, aes, erms, clmul, bmi1, bmi2, rtm, adx, fma, vzeroupper, clflush, clflushopt, hv, rdtscp, f16c
Processor Information for the first 4 processors :
  Max Mhz: 2496, Current Mhz: 2396, Mhz Limit: 2396

Memory: 4k page, system-wide physical 16263M (3117M free)
TotalPageFile size 16263M (AvailPageFile size 281M)
current process WorkingSet (physical memory assigned to process): 31M, peak: 31M
current process commit charge ("private bytes"): 325M, peak: 327M

vm_info: Java HotSpot(TM) 64-Bit Server VM (25.0.1+8-LTS-27) for windows-amd64 JRE (25.0.1+8-LTS-27), built on 2025-09-25T16:41:16Z with unknown MS VC++:1943

END.
